d:\lixiaoguang_works\ogl-master\build\tutorial10_transparency.dir\debug\objloader.obj
d:\lixiaoguang_works\ogl-master\build\tutorial10_transparency.dir\debug\texture.obj
d:\lixiaoguang_works\ogl-master\build\tutorial10_transparency.dir\debug\shader.obj
d:\lixiaoguang_works\ogl-master\build\tutorial10_transparency.dir\debug\tutorial10.obj
d:\lixiaoguang_works\ogl-master\build\tutorial10_transparency.dir\debug\controls.obj
d:\lixiaoguang_works\ogl-master\build\tutorial10_transparency.dir\debug\vboindexer.obj
d:\lixiaoguang_works\ogl-master\build\tutorial10_transparency.dir\debug\vc120.pdb
d:\lixiaoguang_works\ogl-master\build\cmakefiles\generate.stamp
d:\lixiaoguang_works\ogl-master\build\debug\tutorial10_transparency.ilk
d:\lixiaoguang_works\ogl-master\build\debug\tutorial10_transparency.exe
d:\lixiaoguang_works\ogl-master\build\debug\tutorial10_transparency.pdb
d:\lixiaoguang_works\ogl-master\build\tutorial10_transparency.dir\debug\tutorial.828d3d1f.tlog\cl.command.1.tlog
d:\lixiaoguang_works\ogl-master\build\tutorial10_transparency.dir\debug\tutorial.828d3d1f.tlog\cl.read.1.tlog
d:\lixiaoguang_works\ogl-master\build\tutorial10_transparency.dir\debug\tutorial.828d3d1f.tlog\cl.write.1.tlog
d:\lixiaoguang_works\ogl-master\build\tutorial10_transparency.dir\debug\tutorial.828d3d1f.tlog\custombuild.command.1.tlog
d:\lixiaoguang_works\ogl-master\build\tutorial10_transparency.dir\debug\tutorial.828d3d1f.tlog\custombuild.read.1.tlog
d:\lixiaoguang_works\ogl-master\build\tutorial10_transparency.dir\debug\tutorial.828d3d1f.tlog\custombuild.write.1.tlog
d:\lixiaoguang_works\ogl-master\build\tutorial10_transparency.dir\debug\tutorial.828d3d1f.tlog\link.command.1.tlog
d:\lixiaoguang_works\ogl-master\build\tutorial10_transparency.dir\debug\tutorial.828d3d1f.tlog\link.read.1.tlog
d:\lixiaoguang_works\ogl-master\build\tutorial10_transparency.dir\debug\tutorial.828d3d1f.tlog\link.write.1.tlog
