d:\lixiaoguang_works\examples_lixiaoguang\opengl\ogl-master\build\tutorial15_lightmaps.dir\debug\controls.obj
d:\lixiaoguang_works\examples_lixiaoguang\opengl\ogl-master\build\tutorial15_lightmaps.dir\debug\texture.obj
d:\lixiaoguang_works\examples_lixiaoguang\opengl\ogl-master\build\tutorial15_lightmaps.dir\debug\objloader.obj
d:\lixiaoguang_works\examples_lixiaoguang\opengl\ogl-master\build\tutorial15_lightmaps.dir\debug\vboindexer.obj
d:\lixiaoguang_works\examples_lixiaoguang\opengl\ogl-master\build\tutorial15_lightmaps.dir\debug\shader.obj
d:\lixiaoguang_works\examples_lixiaoguang\opengl\ogl-master\build\tutorial15_lightmaps.dir\debug\tutorial15.obj
d:\lixiaoguang_works\examples_lixiaoguang\opengl\ogl-master\build\tutorial15_lightmaps.dir\debug\vc120.pdb
d:\lixiaoguang_works\examples_lixiaoguang\opengl\ogl-master\build\cmakefiles\generate.stamp
d:\lixiaoguang_works\examples_lixiaoguang\opengl\ogl-master\build\debug\tutorial15_lightmaps.ilk
d:\lixiaoguang_works\examples_lixiaoguang\opengl\ogl-master\build\debug\tutorial15_lightmaps.exe
d:\lixiaoguang_works\examples_lixiaoguang\opengl\ogl-master\build\debug\tutorial15_lightmaps.pdb
d:\lixiaoguang_works\examples_lixiaoguang\opengl\ogl-master\build\tutorial15_lightmaps.dir\debug\tutorial.73d4e5f4.tlog\cl.command.1.tlog
d:\lixiaoguang_works\examples_lixiaoguang\opengl\ogl-master\build\tutorial15_lightmaps.dir\debug\tutorial.73d4e5f4.tlog\cl.read.1.tlog
d:\lixiaoguang_works\examples_lixiaoguang\opengl\ogl-master\build\tutorial15_lightmaps.dir\debug\tutorial.73d4e5f4.tlog\cl.write.1.tlog
d:\lixiaoguang_works\examples_lixiaoguang\opengl\ogl-master\build\tutorial15_lightmaps.dir\debug\tutorial.73d4e5f4.tlog\custombuild.command.1.tlog
d:\lixiaoguang_works\examples_lixiaoguang\opengl\ogl-master\build\tutorial15_lightmaps.dir\debug\tutorial.73d4e5f4.tlog\custombuild.read.1.tlog
d:\lixiaoguang_works\examples_lixiaoguang\opengl\ogl-master\build\tutorial15_lightmaps.dir\debug\tutorial.73d4e5f4.tlog\custombuild.write.1.tlog
d:\lixiaoguang_works\examples_lixiaoguang\opengl\ogl-master\build\tutorial15_lightmaps.dir\debug\tutorial.73d4e5f4.tlog\link.command.1.tlog
d:\lixiaoguang_works\examples_lixiaoguang\opengl\ogl-master\build\tutorial15_lightmaps.dir\debug\tutorial.73d4e5f4.tlog\link.read.1.tlog
d:\lixiaoguang_works\examples_lixiaoguang\opengl\ogl-master\build\tutorial15_lightmaps.dir\debug\tutorial.73d4e5f4.tlog\link.write.1.tlog
