d:\lixiaoguang_works\ogl-master\build\misc05_picking_bulletphysics.dir\debug\misc05_picking_bulletphysics.obj
d:\lixiaoguang_works\ogl-master\build\misc05_picking_bulletphysics.dir\debug\controls.obj
d:\lixiaoguang_works\ogl-master\build\misc05_picking_bulletphysics.dir\debug\shader.obj
d:\lixiaoguang_works\ogl-master\build\misc05_picking_bulletphysics.dir\debug\texture.obj
d:\lixiaoguang_works\ogl-master\build\misc05_picking_bulletphysics.dir\debug\objloader.obj
d:\lixiaoguang_works\ogl-master\build\misc05_picking_bulletphysics.dir\debug\vboindexer.obj
d:\lixiaoguang_works\ogl-master\build\misc05_picking_bulletphysics.dir\debug\vc120.pdb
d:\lixiaoguang_works\ogl-master\build\cmakefiles\generate.stamp
d:\lixiaoguang_works\ogl-master\build\debug\misc05_picking_bulletphysics.ilk
d:\lixiaoguang_works\ogl-master\build\debug\misc05_picking_bulletphysics.exe
d:\lixiaoguang_works\ogl-master\build\debug\misc05_picking_bulletphysics.pdb
d:\lixiaoguang_works\ogl-master\build\misc05_picking_bulletphysics.dir\debug\misc05_p.adc2568a.tlog\cl.command.1.tlog
d:\lixiaoguang_works\ogl-master\build\misc05_picking_bulletphysics.dir\debug\misc05_p.adc2568a.tlog\cl.read.1.tlog
d:\lixiaoguang_works\ogl-master\build\misc05_picking_bulletphysics.dir\debug\misc05_p.adc2568a.tlog\cl.write.1.tlog
d:\lixiaoguang_works\ogl-master\build\misc05_picking_bulletphysics.dir\debug\misc05_p.adc2568a.tlog\custombuild.command.1.tlog
d:\lixiaoguang_works\ogl-master\build\misc05_picking_bulletphysics.dir\debug\misc05_p.adc2568a.tlog\custombuild.read.1.tlog
d:\lixiaoguang_works\ogl-master\build\misc05_picking_bulletphysics.dir\debug\misc05_p.adc2568a.tlog\custombuild.write.1.tlog
d:\lixiaoguang_works\ogl-master\build\misc05_picking_bulletphysics.dir\debug\misc05_p.adc2568a.tlog\link.command.1.tlog
d:\lixiaoguang_works\ogl-master\build\misc05_picking_bulletphysics.dir\debug\misc05_p.adc2568a.tlog\link.read.1.tlog
d:\lixiaoguang_works\ogl-master\build\misc05_picking_bulletphysics.dir\debug\misc05_p.adc2568a.tlog\link.write.1.tlog
