d:\lixiaoguang_works\examples_lixiaoguang\opengl\glfw-3.2.1\build\examples\gears.dir\debug\vc120.pdb
d:\lixiaoguang_works\examples_lixiaoguang\opengl\glfw-3.2.1\build\examples\gears.dir\debug\glad.obj
d:\lixiaoguang_works\examples_lixiaoguang\opengl\glfw-3.2.1\build\examples\gears.dir\debug\gears.obj
d:\lixiaoguang_works\examples_lixiaoguang\opengl\glfw-3.2.1\build\examples\cmakefiles\generate.stamp
d:\lixiaoguang_works\examples_lixiaoguang\opengl\glfw-3.2.1\build\examples\debug\gears.ilk
d:\lixiaoguang_works\examples_lixiaoguang\opengl\glfw-3.2.1\build\examples\debug\gears.exe
d:\lixiaoguang_works\examples_lixiaoguang\opengl\glfw-3.2.1\build\examples\debug\gears.pdb
d:\lixiaoguang_works\examples_lixiaoguang\opengl\glfw-3.2.1\build\examples\gears.dir\debug\glfw.res
d:\lixiaoguang_works\examples_lixiaoguang\opengl\glfw-3.2.1\build\examples\gears.dir\debug\gears.tlog\cl.command.1.tlog
d:\lixiaoguang_works\examples_lixiaoguang\opengl\glfw-3.2.1\build\examples\gears.dir\debug\gears.tlog\cl.read.1.tlog
d:\lixiaoguang_works\examples_lixiaoguang\opengl\glfw-3.2.1\build\examples\gears.dir\debug\gears.tlog\cl.write.1.tlog
d:\lixiaoguang_works\examples_lixiaoguang\opengl\glfw-3.2.1\build\examples\gears.dir\debug\gears.tlog\custombuild.command.1.tlog
d:\lixiaoguang_works\examples_lixiaoguang\opengl\glfw-3.2.1\build\examples\gears.dir\debug\gears.tlog\custombuild.read.1.tlog
d:\lixiaoguang_works\examples_lixiaoguang\opengl\glfw-3.2.1\build\examples\gears.dir\debug\gears.tlog\custombuild.write.1.tlog
d:\lixiaoguang_works\examples_lixiaoguang\opengl\glfw-3.2.1\build\examples\gears.dir\debug\gears.tlog\link.command.1.tlog
d:\lixiaoguang_works\examples_lixiaoguang\opengl\glfw-3.2.1\build\examples\gears.dir\debug\gears.tlog\link.read.1.tlog
d:\lixiaoguang_works\examples_lixiaoguang\opengl\glfw-3.2.1\build\examples\gears.dir\debug\gears.tlog\link.write.1.tlog
d:\lixiaoguang_works\examples_lixiaoguang\opengl\glfw-3.2.1\build\examples\gears.dir\debug\gears.tlog\rc.command.1.tlog
d:\lixiaoguang_works\examples_lixiaoguang\opengl\glfw-3.2.1\build\examples\gears.dir\debug\gears.tlog\rc.read.1.tlog
d:\lixiaoguang_works\examples_lixiaoguang\opengl\glfw-3.2.1\build\examples\gears.dir\debug\gears.tlog\rc.write.1.tlog
