d:\lixiaoguang_works\examples_lixiaoguang\opengl\glfw-3.2.1\build\examples\heightmap.dir\debug\vc120.pdb
d:\lixiaoguang_works\examples_lixiaoguang\opengl\glfw-3.2.1\build\examples\heightmap.dir\debug\glad.obj
d:\lixiaoguang_works\examples_lixiaoguang\opengl\glfw-3.2.1\build\examples\heightmap.dir\debug\heightmap.obj
d:\lixiaoguang_works\examples_lixiaoguang\opengl\glfw-3.2.1\build\examples\cmakefiles\generate.stamp
d:\lixiaoguang_works\examples_lixiaoguang\opengl\glfw-3.2.1\build\examples\debug\heightmap.ilk
d:\lixiaoguang_works\examples_lixiaoguang\opengl\glfw-3.2.1\build\examples\debug\heightmap.exe
d:\lixiaoguang_works\examples_lixiaoguang\opengl\glfw-3.2.1\build\examples\debug\heightmap.pdb
d:\lixiaoguang_works\examples_lixiaoguang\opengl\glfw-3.2.1\build\examples\heightmap.dir\debug\glfw.res
d:\lixiaoguang_works\examples_lixiaoguang\opengl\glfw-3.2.1\build\examples\heightmap.dir\debug\heightmap.tlog\cl.command.1.tlog
d:\lixiaoguang_works\examples_lixiaoguang\opengl\glfw-3.2.1\build\examples\heightmap.dir\debug\heightmap.tlog\cl.read.1.tlog
d:\lixiaoguang_works\examples_lixiaoguang\opengl\glfw-3.2.1\build\examples\heightmap.dir\debug\heightmap.tlog\cl.write.1.tlog
d:\lixiaoguang_works\examples_lixiaoguang\opengl\glfw-3.2.1\build\examples\heightmap.dir\debug\heightmap.tlog\custombuild.command.1.tlog
d:\lixiaoguang_works\examples_lixiaoguang\opengl\glfw-3.2.1\build\examples\heightmap.dir\debug\heightmap.tlog\custombuild.read.1.tlog
d:\lixiaoguang_works\examples_lixiaoguang\opengl\glfw-3.2.1\build\examples\heightmap.dir\debug\heightmap.tlog\custombuild.write.1.tlog
d:\lixiaoguang_works\examples_lixiaoguang\opengl\glfw-3.2.1\build\examples\heightmap.dir\debug\heightmap.tlog\link.command.1.tlog
d:\lixiaoguang_works\examples_lixiaoguang\opengl\glfw-3.2.1\build\examples\heightmap.dir\debug\heightmap.tlog\link.read.1.tlog
d:\lixiaoguang_works\examples_lixiaoguang\opengl\glfw-3.2.1\build\examples\heightmap.dir\debug\heightmap.tlog\link.write.1.tlog
d:\lixiaoguang_works\examples_lixiaoguang\opengl\glfw-3.2.1\build\examples\heightmap.dir\debug\heightmap.tlog\rc.command.1.tlog
d:\lixiaoguang_works\examples_lixiaoguang\opengl\glfw-3.2.1\build\examples\heightmap.dir\debug\heightmap.tlog\rc.read.1.tlog
d:\lixiaoguang_works\examples_lixiaoguang\opengl\glfw-3.2.1\build\examples\heightmap.dir\debug\heightmap.tlog\rc.write.1.tlog
