Build started 2017/12/12 15:52:23.
     1>Project "D:\lixiaoguang\Projects\Overlapped_UDP_recv_send\Overlapped_UDP_recv_send\Overlapped_UDP_recv_send.vcxproj" on node 2 (Rebuild target(s)).
     1>ClCompile:
         C:\Program Files (x86)\Microsoft Visual Studio 12.0\VC\bin\x86_amd64\CL.exe /c /Zi /nologo /W3 /WX- /Od /D WIN32 /D _DEBUG /D _CONSOLE /D _LIB /D _UNICODE /D UNICODE /Gm /EHsc /RTC1 /MDd /GS /fp:precise /Zc:wchar_t /Zc:forScope /Fo"x64\Debug\\" /Fd"x64\Debug\vc120.pdb" /Gd /TP /errorReport:prompt Overlapped_UDP_recv_send.cpp stdafx.cpp
         stdafx.cpp
         Overlapped_UDP_recv_send.cpp
     1>Overlapped_UDP_recv_send.cpp(121): warning C4996: 'inet_addr': Use inet_pton() or InetPton() instead or define _WINSOCK_DEPRECATED_NO_WARNINGS to disable deprecated API warnings
                 C:\Program Files (x86)\Windows Kits\8.1\Include\um\winsock2.h(1850) : see declaration of 'inet_addr'
     1>Overlapped_UDP_recv_send.cpp(141): warning C4996: 'gethostbyname': Use getaddrinfo() or GetAddrInfoW() instead or define _WINSOCK_DEPRECATED_NO_WARNINGS to disable deprecated API warnings
                 C:\Program Files (x86)\Windows Kits\8.1\Include\um\winsock2.h(2238) : see declaration of 'gethostbyname'
     1>Overlapped_UDP_recv_send.cpp(142): warning C4996: 'inet_ntoa': Use inet_ntop() or InetNtop() instead or define _WINSOCK_DEPRECATED_NO_WARNINGS to disable deprecated API warnings
                 C:\Program Files (x86)\Windows Kits\8.1\Include\um\winsock2.h(1868) : see declaration of 'inet_ntoa'
     1>Overlapped_UDP_recv_send.cpp(145): warning C4996: 'inet_addr': Use inet_pton() or InetPton() instead or define _WINSOCK_DEPRECATED_NO_WARNINGS to disable deprecated API warnings
                 C:\Program Files (x86)\Windows Kits\8.1\Include\um\winsock2.h(1850) : see declaration of 'inet_addr'
     1>Overlapped_UDP_recv_send.cpp(169): warning C4996: 'inet_ntoa': Use inet_ntop() or InetNtop() instead or define _WINSOCK_DEPRECATED_NO_WARNINGS to disable deprecated API warnings
                 C:\Program Files (x86)\Windows Kits\8.1\Include\um\winsock2.h(1868) : see declaration of 'inet_ntoa'
     1>Overlapped_UDP_recv_send.cpp(171): warning C4996: 'inet_ntoa': Use inet_ntop() or InetNtop() instead or define _WINSOCK_DEPRECATED_NO_WARNINGS to disable deprecated API warnings
                 C:\Program Files (x86)\Windows Kits\8.1\Include\um\winsock2.h(1868) : see declaration of 'inet_ntoa'
     1>Overlapped_UDP_recv_send.cpp(266): warning C4996: 'inet_ntoa': Use inet_ntop() or InetNtop() instead or define _WINSOCK_DEPRECATED_NO_WARNINGS to disable deprecated API warnings
                 C:\Program Files (x86)\Windows Kits\8.1\Include\um\winsock2.h(1868) : see declaration of 'inet_ntoa'
         Generating Code...
       Link:
         C:\Program Files (x86)\Microsoft Visual Studio 12.0\VC\bin\x86_amd64\link.exe /ERRORREPORT:PROMPT /OUT:"D:\lixiaoguang\Projects\Overlapped_UDP_recv_send\x64\Debug\Overlapped_UDP_recv_send.exe" /INCREMENTAL /NOLOGO kernel32.lib user32.lib gdi32.lib winspool.lib comdlg32.lib advapi32.lib shell32.lib ole32.lib oleaut32.lib uuid.lib odbc32.lib odbccp32.lib /MANIFEST /MANIFESTUAC:"level='asInvoker' uiAccess='false'" /manifest:embed /DEBUG /PDB:"D:\lixiaoguang\Projects\Overlapped_UDP_recv_send\x64\Debug\Overlapped_UDP_recv_send.pdb" /SUBSYSTEM:CONSOLE /TLBID:1 /DYNAMICBASE /NXCOMPAT /IMPLIB:"D:\lixiaoguang\Projects\Overlapped_UDP_recv_send\x64\Debug\Overlapped_UDP_recv_send.lib" /MACHINE:X64 x64\Debug\Overlapped_UDP_recv_send.obj
         x64\Debug\stdafx.obj
         Overlapped_UDP_recv_send.vcxproj -> D:\lixiaoguang\Projects\Overlapped_UDP_recv_send\x64\Debug\Overlapped_UDP_recv_send.exe
     1>Done Building Project "D:\lixiaoguang\Projects\Overlapped_UDP_recv_send\Overlapped_UDP_recv_send\Overlapped_UDP_recv_send.vcxproj" (Rebuild target(s)).

Build succeeded.

Time Elapsed 00:00:00.83
