Build started 2018/4/19 15:09:14.
     1>Project "D:\lixiaoguang_works\Examples_lixiaoguang\OpenGL\glfw-3.2.1\build\src\glfw.vcxproj" on node 2 (Rebuild target(s)).
     1>CustomBuild:
         Building Custom Rule D:/lixiaoguang_works/Examples_lixiaoguang/OpenGL/glfw-3.2.1/src/CMakeLists.txt
         CMake does not need to re-run because D:/lixiaoguang_works/Examples_lixiaoguang/OpenGL/glfw-3.2.1/build/src/CMakeFiles/generate.stamp is up-to-date.
       ClCompile:
         C:\Program Files (x86)\Microsoft Visual Studio 12.0\VC\bin\x86_amd64\CL.exe /c /I"D:\lixiaoguang_works\Examples_lixiaoguang\OpenGL\glfw-3.2.1\include" /I"D:\lixiaoguang_works\Examples_lixiaoguang\OpenGL\glfw-3.2.1\src" /I"D:\lixiaoguang_works\Examples_lixiaoguang\OpenGL\glfw-3.2.1\build\src" /nologo /W3 /WX- /O2 /Ob2 /D WIN32 /D _WINDOWS /D NDEBUG /D _GLFW_USE_CONFIG_H /D _CRT_SECURE_NO_WARNINGS /D "CMAKE_INTDIR=\"Release\"" /D _MBCS /Gm- /MD /GS /fp:precise /Zc:wchar_t /Zc:forScope /Fo"glfw.dir\Release\\" /Fd"glfw.dir\Release\vc120.pdb" /Gd /TC /errorReport:prompt "D:\lixiaoguang_works\Examples_lixiaoguang\OpenGL\glfw-3.2.1\src\context.c" "D:\lixiaoguang_works\Examples_lixiaoguang\OpenGL\glfw-3.2.1\src\init.c" "D:\lixiaoguang_works\Examples_lixiaoguang\OpenGL\glfw-3.2.1\src\input.c" "D:\lixiaoguang_works\Examples_lixiaoguang\OpenGL\glfw-3.2.1\src\monitor.c" "D:\lixiaoguang_works\Examples_lixiaoguang\OpenGL\glfw-3.2.1\src\vulkan.c" "D:\lixiaoguang_works\Examples_lixiaoguang\OpenGL\glfw-3.2.1\src\window.c" "D:\lixiaoguang_works\Examples_lixiaoguang\OpenGL\glfw-3.2.1\src\win32_init.c" "D:\lixiaoguang_works\Examples_lixiaoguang\OpenGL\glfw-3.2.1\src\win32_joystick.c" "D:\lixiaoguang_works\Examples_lixiaoguang\OpenGL\glfw-3.2.1\src\win32_monitor.c" "D:\lixiaoguang_works\Examples_lixiaoguang\OpenGL\glfw-3.2.1\src\win32_time.c" "D:\lixiaoguang_works\Examples_lixiaoguang\OpenGL\glfw-3.2.1\src\win32_tls.c" "D:\lixiaoguang_works\Examples_lixiaoguang\OpenGL\glfw-3.2.1\src\win32_window.c" "D:\lixiaoguang_works\Examples_lixiaoguang\OpenGL\glfw-3.2.1\src\wgl_context.c" "D:\lixiaoguang_works\Examples_lixiaoguang\OpenGL\glfw-3.2.1\src\egl_context.c"
         context.c
         init.c
         input.c
         monitor.c
         vulkan.c
         window.c
         win32_init.c
         win32_joystick.c
         win32_monitor.c
         win32_time.c
         win32_tls.c
         win32_window.c
         wgl_context.c
         egl_context.c
         Generating Code...
       Lib:
         C:\Program Files (x86)\Microsoft Visual Studio 12.0\VC\bin\x86_amd64\Lib.exe /OUT:"D:\lixiaoguang_works\Examples_lixiaoguang\OpenGL\glfw-3.2.1\build\src\Release\glfw3.lib" /NOLOGO /MACHINE:X64  /machine:x64 glfw.dir\Release\context.obj
         glfw.dir\Release\init.obj
         glfw.dir\Release\input.obj
         glfw.dir\Release\monitor.obj
         glfw.dir\Release\vulkan.obj
         glfw.dir\Release\window.obj
         glfw.dir\Release\win32_init.obj
         glfw.dir\Release\win32_joystick.obj
         glfw.dir\Release\win32_monitor.obj
         glfw.dir\Release\win32_time.obj
         glfw.dir\Release\win32_tls.obj
         glfw.dir\Release\win32_window.obj
         glfw.dir\Release\wgl_context.obj
         glfw.dir\Release\egl_context.obj
         glfw.vcxproj -> D:\lixiaoguang_works\Examples_lixiaoguang\OpenGL\glfw-3.2.1\build\src\Release\glfw3.lib
     1>Done Building Project "D:\lixiaoguang_works\Examples_lixiaoguang\OpenGL\glfw-3.2.1\build\src\glfw.vcxproj" (Rebuild target(s)).

Build succeeded.

Time Elapsed 00:00:03.53
