Build started 2018/3/23 17:28:00.
     1>Project "D:\lixiaoguang_works\Examples_lixiaoguang\OpenGL\assimp-4.1.0\build\contrib\zlib\zlib.vcxproj" on node 4 (Rebuild target(s)).
     1>CustomBuild:
         Building Custom Rule D:/lixiaoguang_works/Examples_lixiaoguang/OpenGL/assimp-4.1.0/contrib/zlib/CMakeLists.txt
         CMake does not need to re-run because D:/lixiaoguang_works/Examples_lixiaoguang/OpenGL/assimp-4.1.0/build/contrib/zlib/CMakeFiles/generate.stamp is up-to-date.
       ClCompile:
         C:\Program Files (x86)\Microsoft Visual Studio 12.0\VC\bin\x86_amd64\CL.exe /c /I"D:\lixiaoguang_works\Examples_lixiaoguang\OpenGL\assimp-4.1.0\." /I"D:\lixiaoguang_works\Examples_lixiaoguang\OpenGL\assimp-4.1.0\include" /I"D:\lixiaoguang_works\Examples_lixiaoguang\OpenGL\assimp-4.1.0\build" /I"D:\lixiaoguang_works\Examples_lixiaoguang\OpenGL\assimp-4.1.0\build\include" /I"D:\lixiaoguang_works\Examples_lixiaoguang\OpenGL\assimp-4.1.0\contrib\zlib" /I"D:\lixiaoguang_works\Examples_lixiaoguang\OpenGL\assimp-4.1.0\build\contrib\zlib" /I"D:\lixiaoguang_works\Examples_lixiaoguang\OpenGL\assimp-4.1.0" /nologo /W3 /WX- /MP /O2 /Ob2 /D WIN32 /D _WINDOWS /D NDEBUG /D WIN32_LEAN_AND_MEAN /D OPENDDL_NO_USE_CPP11 /D NO_FSEEKO /D _CRT_SECURE_NO_DEPRECATE /D _CRT_NONSTDC_NO_DEPRECATE /D "CMAKE_INTDIR=\"Release\"" /D ZLIB_DLL /D _WINDLL /D _MBCS /Gm- /MD /GS /fp:precise /Zc:wchar_t /Zc:forScope /Fo"zlib.dir\Release\\" /Fd"zlib.dir\Release\vc120.pdb" /Gd /TC /wd4351 /errorReport:prompt "D:\lixiaoguang_works\Examples_lixiaoguang\OpenGL\assimp-4.1.0\contrib\zlib\adler32.c" "D:\lixiaoguang_works\Examples_lixiaoguang\OpenGL\assimp-4.1.0\contrib\zlib\compress.c" "D:\lixiaoguang_works\Examples_lixiaoguang\OpenGL\assimp-4.1.0\contrib\zlib\crc32.c" "D:\lixiaoguang_works\Examples_lixiaoguang\OpenGL\assimp-4.1.0\contrib\zlib\deflate.c" "D:\lixiaoguang_works\Examples_lixiaoguang\OpenGL\assimp-4.1.0\contrib\zlib\gzclose.c" "D:\lixiaoguang_works\Examples_lixiaoguang\OpenGL\assimp-4.1.0\contrib\zlib\gzlib.c" "D:\lixiaoguang_works\Examples_lixiaoguang\OpenGL\assimp-4.1.0\contrib\zlib\gzread.c" "D:\lixiaoguang_works\Examples_lixiaoguang\OpenGL\assimp-4.1.0\contrib\zlib\gzwrite.c" "D:\lixiaoguang_works\Examples_lixiaoguang\OpenGL\assimp-4.1.0\contrib\zlib\inflate.c" "D:\lixiaoguang_works\Examples_lixiaoguang\OpenGL\assimp-4.1.0\contrib\zlib\infback.c" "D:\lixiaoguang_works\Examples_lixiaoguang\OpenGL\assimp-4.1.0\contrib\zlib\inftrees.c" "D:\lixiaoguang_works\Examples_lixiaoguang\OpenGL\assimp-4.1.0\contrib\zlib\inffast.c" "D:\lixiaoguang_works\Examples_lixiaoguang\OpenGL\assimp-4.1.0\contrib\zlib\trees.c" "D:\lixiaoguang_works\Examples_lixiaoguang\OpenGL\assimp-4.1.0\contrib\zlib\uncompr.c" "D:\lixiaoguang_works\Examples_lixiaoguang\OpenGL\assimp-4.1.0\contrib\zlib\zutil.c"
         adler32.c
         compress.c
         crc32.c
         deflate.c
         gzclose.c
         gzlib.c
         gzread.c
         gzwrite.c
         inflate.c
         infback.c
         inftrees.c
         inffast.c
         trees.c
         uncompr.c
         zutil.c
       ResourceCompile:
         C:\Program Files (x86)\Windows Kits\8.1\bin\x86\rc.exe /D WIN32 /D _WINDOWS /D NDEBUG /D WIN32_LEAN_AND_MEAN /D OPENDDL_NO_USE_CPP11 /D NO_FSEEKO /D _CRT_SECURE_NO_DEPRECATE /D _CRT_NONSTDC_NO_DEPRECATE /D "CMAKE_INTDIR=\\\"Release\\\"" /D ZLIB_DLL /l"0x0409" /I"D:\lixiaoguang_works\Examples_lixiaoguang\OpenGL\assimp-4.1.0\." /I"D:\lixiaoguang_works\Examples_lixiaoguang\OpenGL\assimp-4.1.0\include" /I"D:\lixiaoguang_works\Examples_lixiaoguang\OpenGL\assimp-4.1.0\build" /I"D:\lixiaoguang_works\Examples_lixiaoguang\OpenGL\assimp-4.1.0\build\include" /I"D:\lixiaoguang_works\Examples_lixiaoguang\OpenGL\assimp-4.1.0\contrib\zlib" /I"D:\lixiaoguang_works\Examples_lixiaoguang\OpenGL\assimp-4.1.0\build\contrib\zlib" /I"D:\lixiaoguang_works\Examples_lixiaoguang\OpenGL\assimp-4.1.0" /nologo /fo"zlib.dir\Release\zlib1.res" D:\lixiaoguang_works\Examples_lixiaoguang\OpenGL\assimp-4.1.0\contrib\zlib\win32\zlib1.rc 
       Link:
         C:\Program Files (x86)\Microsoft Visual Studio 12.0\VC\bin\x86_amd64\link.exe /ERRORREPORT:PROMPT /OUT:"D:\lixiaoguang_works\Examples_lixiaoguang\OpenGL\assimp-4.1.0\build\contrib\zlib\Release\zlib.dll" /INCREMENTAL:NO /NOLOGO kernel32.lib user32.lib gdi32.lib winspool.lib shell32.lib ole32.lib oleaut32.lib uuid.lib comdlg32.lib advapi32.lib /MANIFEST /MANIFESTUAC:"level='asInvoker' uiAccess='false'" /manifest:embed /PDB:"D:/lixiaoguang_works/Examples_lixiaoguang/OpenGL/assimp-4.1.0/build/contrib/zlib/Release/zlib.pdb" /SUBSYSTEM:CONSOLE /TLBID:1 /DYNAMICBASE /NXCOMPAT /IMPLIB:"D:/lixiaoguang_works/Examples_lixiaoguang/OpenGL/assimp-4.1.0/build/contrib/zlib/Release/zlib.lib" /MACHINE:X64  /machine:x64 /DLL zlib.dir\Release\zlib1.res
         zlib.dir\Release\adler32.obj
         zlib.dir\Release\compress.obj
         zlib.dir\Release\crc32.obj
         zlib.dir\Release\deflate.obj
         zlib.dir\Release\gzclose.obj
         zlib.dir\Release\gzlib.obj
         zlib.dir\Release\gzread.obj
         zlib.dir\Release\gzwrite.obj
         zlib.dir\Release\inflate.obj
         zlib.dir\Release\infback.obj
         zlib.dir\Release\inftrees.obj
         zlib.dir\Release\inffast.obj
         zlib.dir\Release\trees.obj
         zlib.dir\Release\uncompr.obj
         zlib.dir\Release\zutil.obj
            Creating library D:/lixiaoguang_works/Examples_lixiaoguang/OpenGL/assimp-4.1.0/build/contrib/zlib/Release/zlib.lib and object D:/lixiaoguang_works/Examples_lixiaoguang/OpenGL/assimp-4.1.0/build/contrib/zlib/Release/zlib.exp
         zlib.vcxproj -> D:\lixiaoguang_works\Examples_lixiaoguang\OpenGL\assimp-4.1.0\build\contrib\zlib\Release\zlib.dll
     1>Done Building Project "D:\lixiaoguang_works\Examples_lixiaoguang\OpenGL\assimp-4.1.0\build\contrib\zlib\zlib.vcxproj" (Rebuild target(s)).

Build succeeded.

Time Elapsed 00:00:01.70
