Build started 2017/12/12 11:40:35.
     1>Project "D:\lixiaoguang\Projects\Overlapped_UDP_send\Overlapped_UDP_send\Overlapped_UDP_send.vcxproj" on node 2 (Rebuild target(s)).
     1>ClCompile:
         C:\Program Files (x86)\Microsoft Visual Studio 12.0\VC\bin\CL.exe /c /ZI /nologo /W3 /WX- /Od /Oy- /D WIN32 /D _DEBUG /D _CONSOLE /D _LIB /D _UNICODE /D UNICODE /Gm /EHsc /RTC1 /MDd /GS /fp:precise /Zc:wchar_t /Zc:forScope /Fo"Debug\\" /Fd"Debug\vc120.pdb" /Gd /TP /analyze- /errorReport:prompt Overlapped_UDP_send.cpp stdafx.cpp
         stdafx.cpp
         Overlapped_UDP_send.cpp
     1>d:\lixiaoguang\projects\overlapped_udp_send\overlapped_udp_send\overlapped_udp_send.cpp(92): warning C4996: 'inet_addr': Use inet_pton() or InetPton() instead or define _WINSOCK_DEPRECATED_NO_WARNINGS to disable deprecated API warnings
                 c:\program files (x86)\windows kits\8.1\include\um\winsock2.h(1850) : see declaration of 'inet_addr'
     1>d:\lixiaoguang\projects\overlapped_udp_send\overlapped_udp_send\overlapped_udp_send.cpp(110): warning C4996: 'gethostbyname': Use getaddrinfo() or GetAddrInfoW() instead or define _WINSOCK_DEPRECATED_NO_WARNINGS to disable deprecated API warnings
                 c:\program files (x86)\windows kits\8.1\include\um\winsock2.h(2238) : see declaration of 'gethostbyname'
     1>d:\lixiaoguang\projects\overlapped_udp_send\overlapped_udp_send\overlapped_udp_send.cpp(111): warning C4996: 'inet_ntoa': Use inet_ntop() or InetNtop() instead or define _WINSOCK_DEPRECATED_NO_WARNINGS to disable deprecated API warnings
                 c:\program files (x86)\windows kits\8.1\include\um\winsock2.h(1868) : see declaration of 'inet_ntoa'
     1>d:\lixiaoguang\projects\overlapped_udp_send\overlapped_udp_send\overlapped_udp_send.cpp(114): warning C4996: 'inet_addr': Use inet_pton() or InetPton() instead or define _WINSOCK_DEPRECATED_NO_WARNINGS to disable deprecated API warnings
                 c:\program files (x86)\windows kits\8.1\include\um\winsock2.h(1850) : see declaration of 'inet_addr'
     1>d:\lixiaoguang\projects\overlapped_udp_send\overlapped_udp_send\overlapped_udp_send.cpp(132): warning C4996: 'inet_ntoa': Use inet_ntop() or InetNtop() instead or define _WINSOCK_DEPRECATED_NO_WARNINGS to disable deprecated API warnings
                 c:\program files (x86)\windows kits\8.1\include\um\winsock2.h(1868) : see declaration of 'inet_ntoa'
     1>d:\lixiaoguang\projects\overlapped_udp_send\overlapped_udp_send\overlapped_udp_send.cpp(134): warning C4996: 'inet_ntoa': Use inet_ntop() or InetNtop() instead or define _WINSOCK_DEPRECATED_NO_WARNINGS to disable deprecated API warnings
                 c:\program files (x86)\windows kits\8.1\include\um\winsock2.h(1868) : see declaration of 'inet_ntoa'
         Generating Code...
       Link:
         C:\Program Files (x86)\Microsoft Visual Studio 12.0\VC\bin\link.exe /ERRORREPORT:PROMPT /OUT:"D:\lixiaoguang\Projects\Overlapped_UDP_send\Debug\Overlapped_UDP_send.exe" /INCREMENTAL /NOLOGO kernel32.lib user32.lib gdi32.lib winspool.lib comdlg32.lib advapi32.lib shell32.lib ole32.lib oleaut32.lib uuid.lib odbc32.lib odbccp32.lib /MANIFEST /MANIFESTUAC:"level='asInvoker' uiAccess='false'" /manifest:embed /DEBUG /PDB:"D:\lixiaoguang\Projects\Overlapped_UDP_send\Debug\Overlapped_UDP_send.pdb" /SUBSYSTEM:CONSOLE /TLBID:1 /DYNAMICBASE /NXCOMPAT /IMPLIB:"D:\lixiaoguang\Projects\Overlapped_UDP_send\Debug\Overlapped_UDP_send.lib" /MACHINE:X86 Debug\Overlapped_UDP_send.obj
         Debug\stdafx.obj
         Overlapped_UDP_send.vcxproj -> D:\lixiaoguang\Projects\Overlapped_UDP_send\Debug\Overlapped_UDP_send.exe
     1>Done Building Project "D:\lixiaoguang\Projects\Overlapped_UDP_send\Overlapped_UDP_send\Overlapped_UDP_send.vcxproj" (Rebuild target(s)).

Build succeeded.

Time Elapsed 00:00:00.79
