Build started 2017/12/12 18:47:41.
     1>Project "D:\lixiaoguang\Projects\Overlapped_UDP_recv_send\Overlapped_UDP_recv_send\Overlapped_UDP_recv_send.vcxproj" on node 2 (Build target(s)).
     1>ClCompile:
         C:\Program Files (x86)\Microsoft Visual Studio 12.0\VC\bin\x86_amd64\CL.exe /c /Zi /nologo /W3 /WX- /Od /Oi /GL /D WIN32 /D NDEBUG /D _CONSOLE /D _LIB /D _UNICODE /D UNICODE /Gm- /EHsc /MD /GS /Gy /fp:precise /Zc:wchar_t /Zc:forScope /Fo"x64\Release\\" /Fd"x64\Release\vc120.pdb" /Gd /TP /errorReport:prompt Overlapped_UDP_recv_send.cpp
         Overlapped_UDP_recv_send.cpp
     1>Overlapped_UDP_recv_send.cpp(126): warning C4996: 'inet_addr': Use inet_pton() or InetPton() instead or define _WINSOCK_DEPRECATED_NO_WARNINGS to disable deprecated API warnings
                 C:\Program Files (x86)\Windows Kits\8.1\Include\um\winsock2.h(1850) : see declaration of 'inet_addr'
     1>Overlapped_UDP_recv_send.cpp(146): warning C4996: 'gethostbyname': Use getaddrinfo() or GetAddrInfoW() instead or define _WINSOCK_DEPRECATED_NO_WARNINGS to disable deprecated API warnings
                 C:\Program Files (x86)\Windows Kits\8.1\Include\um\winsock2.h(2238) : see declaration of 'gethostbyname'
     1>Overlapped_UDP_recv_send.cpp(147): warning C4996: 'inet_ntoa': Use inet_ntop() or InetNtop() instead or define _WINSOCK_DEPRECATED_NO_WARNINGS to disable deprecated API warnings
                 C:\Program Files (x86)\Windows Kits\8.1\Include\um\winsock2.h(1868) : see declaration of 'inet_ntoa'
     1>Overlapped_UDP_recv_send.cpp(150): warning C4996: 'inet_addr': Use inet_pton() or InetPton() instead or define _WINSOCK_DEPRECATED_NO_WARNINGS to disable deprecated API warnings
                 C:\Program Files (x86)\Windows Kits\8.1\Include\um\winsock2.h(1850) : see declaration of 'inet_addr'
     1>Overlapped_UDP_recv_send.cpp(174): warning C4996: 'inet_ntoa': Use inet_ntop() or InetNtop() instead or define _WINSOCK_DEPRECATED_NO_WARNINGS to disable deprecated API warnings
                 C:\Program Files (x86)\Windows Kits\8.1\Include\um\winsock2.h(1868) : see declaration of 'inet_ntoa'
     1>Overlapped_UDP_recv_send.cpp(176): warning C4996: 'inet_ntoa': Use inet_ntop() or InetNtop() instead or define _WINSOCK_DEPRECATED_NO_WARNINGS to disable deprecated API warnings
                 C:\Program Files (x86)\Windows Kits\8.1\Include\um\winsock2.h(1868) : see declaration of 'inet_ntoa'
       Link:
         C:\Program Files (x86)\Microsoft Visual Studio 12.0\VC\bin\x86_amd64\link.exe /ERRORREPORT:PROMPT /OUT:"D:\lixiaoguang\Projects\Overlapped_UDP_recv_send\x64\Release\Overlapped_UDP_recv_send.exe" /INCREMENTAL:NO /NOLOGO kernel32.lib user32.lib gdi32.lib winspool.lib comdlg32.lib advapi32.lib shell32.lib ole32.lib oleaut32.lib uuid.lib odbc32.lib odbccp32.lib /MANIFEST /MANIFESTUAC:"level='asInvoker' uiAccess='false'" /manifest:embed /DEBUG /PDB:"D:\lixiaoguang\Projects\Overlapped_UDP_recv_send\x64\Release\Overlapped_UDP_recv_send.pdb" /SUBSYSTEM:CONSOLE /OPT:REF /OPT:ICF /LTCG /TLBID:1 /DYNAMICBASE /NXCOMPAT /IMPLIB:"D:\lixiaoguang\Projects\Overlapped_UDP_recv_send\x64\Release\Overlapped_UDP_recv_send.lib" /MACHINE:X64 x64\Release\Overlapped_UDP_recv_send.obj
         x64\Release\stdafx.obj
         Generating code
         Finished generating code
         Overlapped_UDP_recv_send.vcxproj -> D:\lixiaoguang\Projects\Overlapped_UDP_recv_send\x64\Release\Overlapped_UDP_recv_send.exe
     1>Done Building Project "D:\lixiaoguang\Projects\Overlapped_UDP_recv_send\Overlapped_UDP_recv_send\Overlapped_UDP_recv_send.vcxproj" (Build target(s)).

Build succeeded.

Time Elapsed 00:00:00.73
