d:\lixiaoguang_works\examples_lixiaoguang\opengl\glfw-3.2.1\build\examples\wave.dir\debug\vc120.pdb
d:\lixiaoguang_works\examples_lixiaoguang\opengl\glfw-3.2.1\build\examples\wave.dir\debug\glad.obj
d:\lixiaoguang_works\examples_lixiaoguang\opengl\glfw-3.2.1\build\examples\wave.dir\debug\wave.obj
d:\lixiaoguang_works\examples_lixiaoguang\opengl\glfw-3.2.1\build\examples\cmakefiles\generate.stamp
d:\lixiaoguang_works\examples_lixiaoguang\opengl\glfw-3.2.1\build\examples\debug\wave.ilk
d:\lixiaoguang_works\examples_lixiaoguang\opengl\glfw-3.2.1\build\examples\debug\wave.exe
d:\lixiaoguang_works\examples_lixiaoguang\opengl\glfw-3.2.1\build\examples\debug\wave.pdb
d:\lixiaoguang_works\examples_lixiaoguang\opengl\glfw-3.2.1\build\examples\wave.dir\debug\glfw.res
d:\lixiaoguang_works\examples_lixiaoguang\opengl\glfw-3.2.1\build\examples\wave.dir\debug\wave.tlog\cl.command.1.tlog
d:\lixiaoguang_works\examples_lixiaoguang\opengl\glfw-3.2.1\build\examples\wave.dir\debug\wave.tlog\cl.read.1.tlog
d:\lixiaoguang_works\examples_lixiaoguang\opengl\glfw-3.2.1\build\examples\wave.dir\debug\wave.tlog\cl.write.1.tlog
d:\lixiaoguang_works\examples_lixiaoguang\opengl\glfw-3.2.1\build\examples\wave.dir\debug\wave.tlog\custombuild.command.1.tlog
d:\lixiaoguang_works\examples_lixiaoguang\opengl\glfw-3.2.1\build\examples\wave.dir\debug\wave.tlog\custombuild.read.1.tlog
d:\lixiaoguang_works\examples_lixiaoguang\opengl\glfw-3.2.1\build\examples\wave.dir\debug\wave.tlog\custombuild.write.1.tlog
d:\lixiaoguang_works\examples_lixiaoguang\opengl\glfw-3.2.1\build\examples\wave.dir\debug\wave.tlog\link.command.1.tlog
d:\lixiaoguang_works\examples_lixiaoguang\opengl\glfw-3.2.1\build\examples\wave.dir\debug\wave.tlog\link.read.1.tlog
d:\lixiaoguang_works\examples_lixiaoguang\opengl\glfw-3.2.1\build\examples\wave.dir\debug\wave.tlog\link.write.1.tlog
d:\lixiaoguang_works\examples_lixiaoguang\opengl\glfw-3.2.1\build\examples\wave.dir\debug\wave.tlog\rc.command.1.tlog
d:\lixiaoguang_works\examples_lixiaoguang\opengl\glfw-3.2.1\build\examples\wave.dir\debug\wave.tlog\rc.read.1.tlog
d:\lixiaoguang_works\examples_lixiaoguang\opengl\glfw-3.2.1\build\examples\wave.dir\debug\wave.tlog\rc.write.1.tlog
