d:\lixiaoguang_works\ogl-master\build\tutorial11_2d_fonts.dir\debug\texture.obj
d:\lixiaoguang_works\ogl-master\build\tutorial11_2d_fonts.dir\debug\text2d.obj
d:\lixiaoguang_works\ogl-master\build\tutorial11_2d_fonts.dir\debug\controls.obj
d:\lixiaoguang_works\ogl-master\build\tutorial11_2d_fonts.dir\debug\vboindexer.obj
d:\lixiaoguang_works\ogl-master\build\tutorial11_2d_fonts.dir\debug\shader.obj
d:\lixiaoguang_works\ogl-master\build\tutorial11_2d_fonts.dir\debug\tutorial11.obj
d:\lixiaoguang_works\ogl-master\build\tutorial11_2d_fonts.dir\debug\objloader.obj
d:\lixiaoguang_works\ogl-master\build\tutorial11_2d_fonts.dir\debug\vc120.pdb
d:\lixiaoguang_works\ogl-master\build\cmakefiles\generate.stamp
d:\lixiaoguang_works\ogl-master\build\debug\tutorial11_2d_fonts.ilk
d:\lixiaoguang_works\ogl-master\build\debug\tutorial11_2d_fonts.exe
d:\lixiaoguang_works\ogl-master\build\debug\tutorial11_2d_fonts.pdb
d:\lixiaoguang_works\ogl-master\build\tutorial11_2d_fonts.dir\debug\tutorial.980d166a.tlog\cl.command.1.tlog
d:\lixiaoguang_works\ogl-master\build\tutorial11_2d_fonts.dir\debug\tutorial.980d166a.tlog\cl.read.1.tlog
d:\lixiaoguang_works\ogl-master\build\tutorial11_2d_fonts.dir\debug\tutorial.980d166a.tlog\cl.write.1.tlog
d:\lixiaoguang_works\ogl-master\build\tutorial11_2d_fonts.dir\debug\tutorial.980d166a.tlog\custombuild.command.1.tlog
d:\lixiaoguang_works\ogl-master\build\tutorial11_2d_fonts.dir\debug\tutorial.980d166a.tlog\custombuild.read.1.tlog
d:\lixiaoguang_works\ogl-master\build\tutorial11_2d_fonts.dir\debug\tutorial.980d166a.tlog\custombuild.write.1.tlog
d:\lixiaoguang_works\ogl-master\build\tutorial11_2d_fonts.dir\debug\tutorial.980d166a.tlog\link.command.1.tlog
d:\lixiaoguang_works\ogl-master\build\tutorial11_2d_fonts.dir\debug\tutorial.980d166a.tlog\link.read.1.tlog
d:\lixiaoguang_works\ogl-master\build\tutorial11_2d_fonts.dir\debug\tutorial.980d166a.tlog\link.write.1.tlog
