d:\lixiaoguang_works\examples_lixiaoguang\opengl\ogl-master\build\tutorial09_assimp.dir\debug\controls.obj
d:\lixiaoguang_works\examples_lixiaoguang\opengl\ogl-master\build\tutorial09_assimp.dir\debug\texture.obj
d:\lixiaoguang_works\examples_lixiaoguang\opengl\ogl-master\build\tutorial09_assimp.dir\debug\objloader.obj
d:\lixiaoguang_works\examples_lixiaoguang\opengl\ogl-master\build\tutorial09_assimp.dir\debug\shader.obj
d:\lixiaoguang_works\examples_lixiaoguang\opengl\ogl-master\build\tutorial09_assimp.dir\debug\tutorial09_assimp.obj
d:\lixiaoguang_works\examples_lixiaoguang\opengl\ogl-master\build\tutorial09_assimp.dir\debug\vc120.pdb
d:\lixiaoguang_works\examples_lixiaoguang\opengl\ogl-master\build\cmakefiles\generate.stamp
d:\lixiaoguang_works\examples_lixiaoguang\opengl\ogl-master\build\debug\tutorial09_assimp.ilk
d:\lixiaoguang_works\examples_lixiaoguang\opengl\ogl-master\build\debug\tutorial09_assimp.exe
d:\lixiaoguang_works\examples_lixiaoguang\opengl\ogl-master\build\debug\tutorial09_assimp.pdb
d:\lixiaoguang_works\examples_lixiaoguang\opengl\ogl-master\build\debug\tutorial09_assimp.lib
d:\lixiaoguang_works\examples_lixiaoguang\opengl\ogl-master\build\debug\tutorial09_assimp.exp
d:\lixiaoguang_works\examples_lixiaoguang\opengl\ogl-master\build\tutorial09_assimp.dir\debug\tutorial.4acefbfc.tlog\cl.command.1.tlog
d:\lixiaoguang_works\examples_lixiaoguang\opengl\ogl-master\build\tutorial09_assimp.dir\debug\tutorial.4acefbfc.tlog\cl.read.1.tlog
d:\lixiaoguang_works\examples_lixiaoguang\opengl\ogl-master\build\tutorial09_assimp.dir\debug\tutorial.4acefbfc.tlog\cl.write.1.tlog
d:\lixiaoguang_works\examples_lixiaoguang\opengl\ogl-master\build\tutorial09_assimp.dir\debug\tutorial.4acefbfc.tlog\custombuild.command.1.tlog
d:\lixiaoguang_works\examples_lixiaoguang\opengl\ogl-master\build\tutorial09_assimp.dir\debug\tutorial.4acefbfc.tlog\custombuild.read.1.tlog
d:\lixiaoguang_works\examples_lixiaoguang\opengl\ogl-master\build\tutorial09_assimp.dir\debug\tutorial.4acefbfc.tlog\custombuild.write.1.tlog
d:\lixiaoguang_works\examples_lixiaoguang\opengl\ogl-master\build\tutorial09_assimp.dir\debug\tutorial.4acefbfc.tlog\link.command.1.tlog
d:\lixiaoguang_works\examples_lixiaoguang\opengl\ogl-master\build\tutorial09_assimp.dir\debug\tutorial.4acefbfc.tlog\link.read.1.tlog
d:\lixiaoguang_works\examples_lixiaoguang\opengl\ogl-master\build\tutorial09_assimp.dir\debug\tutorial.4acefbfc.tlog\link.write.1.tlog
d:\lixiaoguang_works\examples_lixiaoguang\opengl\ogl-master\build\tutorial09_assimp.dir\debug\tutorial.4acefbfc.tlog\tutorial09_assimp.write.1u.tlog
