K:\新建文件夹\CONSOLEAPPLICATION1\CONSOLEAPPLICATION1\CONSOLEAPPLICATION1\DEBUG\MEANSHIFT_SEGMENTATION.OBJ
K:\新建文件夹\CONSOLEAPPLICATION1\CONSOLEAPPLICATION1\CONSOLEAPPLICATION1\DEBUG\VC110.PDB
C:\USERS\ADMINISTRATOR\DESKTOP\人脸训练\CONSOLEAPPLICATION1\CONSOLEAPPLICATION1\CONSOLEAPPLICATION1\DEBUG\VC110.PDB
C:\USERS\ADMINISTRATOR\DESKTOP\人脸训练\CONSOLEAPPLICATION1\CONSOLEAPPLICATION1\CONSOLEAPPLICATION1\DEBUG\MEANSHIFT_SEGMENTATION.OBJ
K:\新建文件夹\CONSOLEAPPLICATION1\CONSOLEAPPLICATION1\DEBUG\CONSOLEAPPLICATION1.ILK
K:\新建文件夹\CONSOLEAPPLICATION1\CONSOLEAPPLICATION1\DEBUG\CONSOLEAPPLICATION1.EXE
K:\新建文件夹\CONSOLEAPPLICATION1\CONSOLEAPPLICATION1\DEBUG\CONSOLEAPPLICATION1.PDB
C:\USERS\ADMINISTRATOR\DESKTOP\人脸训练\CONSOLEAPPLICATION1\CONSOLEAPPLICATION1\DEBUG\CONSOLEAPPLICATION1.ILK
C:\USERS\ADMINISTRATOR\DESKTOP\人脸训练\CONSOLEAPPLICATION1\CONSOLEAPPLICATION1\DEBUG\CONSOLEAPPLICATION1.EXE
C:\USERS\ADMINISTRATOR\DESKTOP\人脸训练\CONSOLEAPPLICATION1\CONSOLEAPPLICATION1\DEBUG\CONSOLEAPPLICATION1.PDB
C:\Users\Administrator\Desktop\人脸训练\测试工程\ConsoleApplication1\ConsoleApplication1\Debug\meanshift_segmentation.obj
C:\Users\Administrator\Desktop\人脸训练\测试工程\ConsoleApplication1\ConsoleApplication1\Debug\cl.command.1.tlog
C:\Users\Administrator\Desktop\人脸训练\测试工程\ConsoleApplication1\ConsoleApplication1\Debug\CL.read.1.tlog
C:\Users\Administrator\Desktop\人脸训练\测试工程\ConsoleApplication1\ConsoleApplication1\Debug\CL.write.1.tlog
C:\Users\Administrator\Desktop\人脸训练\测试工程\ConsoleApplication1\ConsoleApplication1\Debug\link-cvtres.read.1.tlog
C:\Users\Administrator\Desktop\人脸训练\测试工程\ConsoleApplication1\ConsoleApplication1\Debug\link-cvtres.write.1.tlog
C:\Users\Administrator\Desktop\人脸训练\测试工程\ConsoleApplication1\ConsoleApplication1\Debug\link-rc.read.1.tlog
C:\Users\Administrator\Desktop\人脸训练\测试工程\ConsoleApplication1\ConsoleApplication1\Debug\link-rc.write.1.tlog
C:\Users\Administrator\Desktop\人脸训练\测试工程\ConsoleApplication1\ConsoleApplication1\Debug\link.4888-cvtres.read.1.tlog
C:\Users\Administrator\Desktop\人脸训练\测试工程\ConsoleApplication1\ConsoleApplication1\Debug\link.4888-cvtres.write.1.tlog
C:\Users\Administrator\Desktop\人脸训练\测试工程\ConsoleApplication1\ConsoleApplication1\Debug\link.4888-rc.read.1.tlog
C:\Users\Administrator\Desktop\人脸训练\测试工程\ConsoleApplication1\ConsoleApplication1\Debug\link.4888-rc.write.1.tlog
C:\Users\Administrator\Desktop\人脸训练\测试工程\ConsoleApplication1\ConsoleApplication1\Debug\link.4888.read.1.tlog
C:\Users\Administrator\Desktop\人脸训练\测试工程\ConsoleApplication1\ConsoleApplication1\Debug\link.4888.write.1.tlog
C:\Users\Administrator\Desktop\人脸训练\测试工程\ConsoleApplication1\ConsoleApplication1\Debug\link.5304-cvtres.read.1.tlog
C:\Users\Administrator\Desktop\人脸训练\测试工程\ConsoleApplication1\ConsoleApplication1\Debug\link.5304-cvtres.write.1.tlog
C:\Users\Administrator\Desktop\人脸训练\测试工程\ConsoleApplication1\ConsoleApplication1\Debug\link.5304-rc.read.1.tlog
C:\Users\Administrator\Desktop\人脸训练\测试工程\ConsoleApplication1\ConsoleApplication1\Debug\link.5304-rc.write.1.tlog
C:\Users\Administrator\Desktop\人脸训练\测试工程\ConsoleApplication1\ConsoleApplication1\Debug\link.5304.read.1.tlog
C:\Users\Administrator\Desktop\人脸训练\测试工程\ConsoleApplication1\ConsoleApplication1\Debug\link.5304.write.1.tlog
C:\Users\Administrator\Desktop\人脸训练\测试工程\ConsoleApplication1\ConsoleApplication1\Debug\link.5448-cvtres.read.1.tlog
C:\Users\Administrator\Desktop\人脸训练\测试工程\ConsoleApplication1\ConsoleApplication1\Debug\link.5448-cvtres.write.1.tlog
C:\Users\Administrator\Desktop\人脸训练\测试工程\ConsoleApplication1\ConsoleApplication1\Debug\link.5448-rc.read.1.tlog
C:\Users\Administrator\Desktop\人脸训练\测试工程\ConsoleApplication1\ConsoleApplication1\Debug\link.5448-rc.write.1.tlog
C:\Users\Administrator\Desktop\人脸训练\测试工程\ConsoleApplication1\ConsoleApplication1\Debug\link.5448.read.1.tlog
C:\Users\Administrator\Desktop\人脸训练\测试工程\ConsoleApplication1\ConsoleApplication1\Debug\link.5448.write.1.tlog
C:\Users\Administrator\Desktop\人脸训练\测试工程\ConsoleApplication1\ConsoleApplication1\Debug\link.command.1.tlog
C:\Users\Administrator\Desktop\人脸训练\测试工程\ConsoleApplication1\ConsoleApplication1\Debug\link.read.1.tlog
C:\Users\Administrator\Desktop\人脸训练\测试工程\ConsoleApplication1\ConsoleApplication1\Debug\link.write.1.tlog
C:\Users\Administrator\Desktop\人脸训练\测试工程\ConsoleApplication1\ConsoleApplication1\Debug\vc110.idb
C:\Users\Administrator\Desktop\人脸训练\测试工程\ConsoleApplication1\ConsoleApplication1\Debug\vc110.pdb
C:\Users\Administrator\Desktop\人脸训练\测试工程\ConsoleApplication1\Debug\ConsoleApplication1.pdb
C:\Users\Administrator\Desktop\人脸训练\测试工程\ConsoleApplication1\Debug\ConsoleApplication1.exe
C:\Users\Administrator\Desktop\人脸训练\测试工程\ConsoleApplication1\Debug\ConsoleApplication1.ilk
