d:\lixiaoguang_works\ogl-master\build\tutorial09_several_objects.dir\debug\shader.obj
d:\lixiaoguang_works\ogl-master\build\tutorial09_several_objects.dir\debug\texture.obj
d:\lixiaoguang_works\ogl-master\build\tutorial09_several_objects.dir\debug\tutorial09_several_objects.obj
d:\lixiaoguang_works\ogl-master\build\tutorial09_several_objects.dir\debug\controls.obj
d:\lixiaoguang_works\ogl-master\build\tutorial09_several_objects.dir\debug\objloader.obj
d:\lixiaoguang_works\ogl-master\build\tutorial09_several_objects.dir\debug\vboindexer.obj
d:\lixiaoguang_works\ogl-master\build\tutorial09_several_objects.dir\debug\vc120.pdb
d:\lixiaoguang_works\ogl-master\build\cmakefiles\generate.stamp
d:\lixiaoguang_works\ogl-master\build\debug\tutorial09_several_objects.ilk
d:\lixiaoguang_works\ogl-master\build\debug\tutorial09_several_objects.exe
d:\lixiaoguang_works\ogl-master\build\debug\tutorial09_several_objects.pdb
d:\lixiaoguang_works\ogl-master\build\tutorial09_several_objects.dir\debug\tutorial.6580221a.tlog\cl.command.1.tlog
d:\lixiaoguang_works\ogl-master\build\tutorial09_several_objects.dir\debug\tutorial.6580221a.tlog\cl.read.1.tlog
d:\lixiaoguang_works\ogl-master\build\tutorial09_several_objects.dir\debug\tutorial.6580221a.tlog\cl.write.1.tlog
d:\lixiaoguang_works\ogl-master\build\tutorial09_several_objects.dir\debug\tutorial.6580221a.tlog\custombuild.command.1.tlog
d:\lixiaoguang_works\ogl-master\build\tutorial09_several_objects.dir\debug\tutorial.6580221a.tlog\custombuild.read.1.tlog
d:\lixiaoguang_works\ogl-master\build\tutorial09_several_objects.dir\debug\tutorial.6580221a.tlog\custombuild.write.1.tlog
d:\lixiaoguang_works\ogl-master\build\tutorial09_several_objects.dir\debug\tutorial.6580221a.tlog\link.command.1.tlog
d:\lixiaoguang_works\ogl-master\build\tutorial09_several_objects.dir\debug\tutorial.6580221a.tlog\link.read.1.tlog
d:\lixiaoguang_works\ogl-master\build\tutorial09_several_objects.dir\debug\tutorial.6580221a.tlog\link.write.1.tlog
