d:\lixiaoguang_works\examples_lixiaoguang\opengl\ogl-master\build\tutorial17_rotations.dir\debug\shader.obj
d:\lixiaoguang_works\examples_lixiaoguang\opengl\ogl-master\build\tutorial17_rotations.dir\debug\objloader.obj
d:\lixiaoguang_works\examples_lixiaoguang\opengl\ogl-master\build\tutorial17_rotations.dir\debug\tutorial17.obj
d:\lixiaoguang_works\examples_lixiaoguang\opengl\ogl-master\build\tutorial17_rotations.dir\debug\texture.obj
d:\lixiaoguang_works\examples_lixiaoguang\opengl\ogl-master\build\tutorial17_rotations.dir\debug\vboindexer.obj
d:\lixiaoguang_works\examples_lixiaoguang\opengl\ogl-master\build\tutorial17_rotations.dir\debug\quaternion_utils.obj
d:\lixiaoguang_works\examples_lixiaoguang\opengl\ogl-master\build\tutorial17_rotations.dir\debug\controls.obj
d:\lixiaoguang_works\examples_lixiaoguang\opengl\ogl-master\build\tutorial17_rotations.dir\debug\vc120.pdb
d:\lixiaoguang_works\examples_lixiaoguang\opengl\ogl-master\build\cmakefiles\generate.stamp
d:\lixiaoguang_works\examples_lixiaoguang\opengl\ogl-master\build\debug\tutorial17_rotations.ilk
d:\lixiaoguang_works\examples_lixiaoguang\opengl\ogl-master\build\debug\tutorial17_rotations.exe
d:\lixiaoguang_works\examples_lixiaoguang\opengl\ogl-master\build\debug\tutorial17_rotations.pdb
d:\lixiaoguang_works\examples_lixiaoguang\opengl\ogl-master\build\tutorial17_rotations.dir\debug\tutorial17_rotations.vcxprojresolveassemblyreference.cache
d:\lixiaoguang_works\examples_lixiaoguang\opengl\ogl-master\build\tutorial17_rotations.dir\debug\tutorial.52da14f3.tlog\cl.command.1.tlog
d:\lixiaoguang_works\examples_lixiaoguang\opengl\ogl-master\build\tutorial17_rotations.dir\debug\tutorial.52da14f3.tlog\cl.read.1.tlog
d:\lixiaoguang_works\examples_lixiaoguang\opengl\ogl-master\build\tutorial17_rotations.dir\debug\tutorial.52da14f3.tlog\cl.write.1.tlog
d:\lixiaoguang_works\examples_lixiaoguang\opengl\ogl-master\build\tutorial17_rotations.dir\debug\tutorial.52da14f3.tlog\custombuild.command.1.tlog
d:\lixiaoguang_works\examples_lixiaoguang\opengl\ogl-master\build\tutorial17_rotations.dir\debug\tutorial.52da14f3.tlog\custombuild.read.1.tlog
d:\lixiaoguang_works\examples_lixiaoguang\opengl\ogl-master\build\tutorial17_rotations.dir\debug\tutorial.52da14f3.tlog\custombuild.write.1.tlog
d:\lixiaoguang_works\examples_lixiaoguang\opengl\ogl-master\build\tutorial17_rotations.dir\debug\tutorial.52da14f3.tlog\link.command.1.tlog
d:\lixiaoguang_works\examples_lixiaoguang\opengl\ogl-master\build\tutorial17_rotations.dir\debug\tutorial.52da14f3.tlog\link.read.1.tlog
d:\lixiaoguang_works\examples_lixiaoguang\opengl\ogl-master\build\tutorial17_rotations.dir\debug\tutorial.52da14f3.tlog\link.write.1.tlog
