d:\lixiaoguang_works\ogl-master\build\tutorial15_lightmaps.dir\debug\vboindexer.obj
d:\lixiaoguang_works\ogl-master\build\tutorial15_lightmaps.dir\debug\shader.obj
d:\lixiaoguang_works\ogl-master\build\tutorial15_lightmaps.dir\debug\texture.obj
d:\lixiaoguang_works\ogl-master\build\tutorial15_lightmaps.dir\debug\objloader.obj
d:\lixiaoguang_works\ogl-master\build\tutorial15_lightmaps.dir\debug\tutorial15.obj
d:\lixiaoguang_works\ogl-master\build\tutorial15_lightmaps.dir\debug\controls.obj
d:\lixiaoguang_works\ogl-master\build\tutorial15_lightmaps.dir\debug\vc120.pdb
d:\lixiaoguang_works\ogl-master\build\cmakefiles\generate.stamp
d:\lixiaoguang_works\ogl-master\build\debug\tutorial15_lightmaps.ilk
d:\lixiaoguang_works\ogl-master\build\debug\tutorial15_lightmaps.exe
d:\lixiaoguang_works\ogl-master\build\debug\tutorial15_lightmaps.pdb
d:\lixiaoguang_works\ogl-master\build\tutorial15_lightmaps.dir\debug\tutorial.ea06004e.tlog\cl.command.1.tlog
d:\lixiaoguang_works\ogl-master\build\tutorial15_lightmaps.dir\debug\tutorial.ea06004e.tlog\cl.read.1.tlog
d:\lixiaoguang_works\ogl-master\build\tutorial15_lightmaps.dir\debug\tutorial.ea06004e.tlog\cl.write.1.tlog
d:\lixiaoguang_works\ogl-master\build\tutorial15_lightmaps.dir\debug\tutorial.ea06004e.tlog\custombuild.command.1.tlog
d:\lixiaoguang_works\ogl-master\build\tutorial15_lightmaps.dir\debug\tutorial.ea06004e.tlog\custombuild.read.1.tlog
d:\lixiaoguang_works\ogl-master\build\tutorial15_lightmaps.dir\debug\tutorial.ea06004e.tlog\custombuild.write.1.tlog
d:\lixiaoguang_works\ogl-master\build\tutorial15_lightmaps.dir\debug\tutorial.ea06004e.tlog\link.command.1.tlog
d:\lixiaoguang_works\ogl-master\build\tutorial15_lightmaps.dir\debug\tutorial.ea06004e.tlog\link.read.1.tlog
d:\lixiaoguang_works\ogl-master\build\tutorial15_lightmaps.dir\debug\tutorial.ea06004e.tlog\link.write.1.tlog
