d:\lixiaoguang_works\examples_lixiaoguang\opengl\ogl-master\build\misc05_picking_slow_easy.dir\debug\objloader.obj
d:\lixiaoguang_works\examples_lixiaoguang\opengl\ogl-master\build\misc05_picking_slow_easy.dir\debug\texture.obj
d:\lixiaoguang_works\examples_lixiaoguang\opengl\ogl-master\build\misc05_picking_slow_easy.dir\debug\shader.obj
d:\lixiaoguang_works\examples_lixiaoguang\opengl\ogl-master\build\misc05_picking_slow_easy.dir\debug\controls.obj
d:\lixiaoguang_works\examples_lixiaoguang\opengl\ogl-master\build\misc05_picking_slow_easy.dir\debug\misc05_picking_slow_easy.obj
d:\lixiaoguang_works\examples_lixiaoguang\opengl\ogl-master\build\misc05_picking_slow_easy.dir\debug\vboindexer.obj
d:\lixiaoguang_works\examples_lixiaoguang\opengl\ogl-master\build\misc05_picking_slow_easy.dir\debug\vc120.pdb
d:\lixiaoguang_works\examples_lixiaoguang\opengl\ogl-master\build\cmakefiles\generate.stamp
d:\lixiaoguang_works\examples_lixiaoguang\opengl\ogl-master\build\debug\misc05_picking_slow_easy.ilk
d:\lixiaoguang_works\examples_lixiaoguang\opengl\ogl-master\build\debug\misc05_picking_slow_easy.exe
d:\lixiaoguang_works\examples_lixiaoguang\opengl\ogl-master\build\debug\misc05_picking_slow_easy.pdb
d:\lixiaoguang_works\examples_lixiaoguang\opengl\ogl-master\build\misc05_picking_slow_easy.dir\debug\misc05_p.6c67bb48.tlog\cl.command.1.tlog
d:\lixiaoguang_works\examples_lixiaoguang\opengl\ogl-master\build\misc05_picking_slow_easy.dir\debug\misc05_p.6c67bb48.tlog\cl.read.1.tlog
d:\lixiaoguang_works\examples_lixiaoguang\opengl\ogl-master\build\misc05_picking_slow_easy.dir\debug\misc05_p.6c67bb48.tlog\cl.write.1.tlog
d:\lixiaoguang_works\examples_lixiaoguang\opengl\ogl-master\build\misc05_picking_slow_easy.dir\debug\misc05_p.6c67bb48.tlog\custombuild.command.1.tlog
d:\lixiaoguang_works\examples_lixiaoguang\opengl\ogl-master\build\misc05_picking_slow_easy.dir\debug\misc05_p.6c67bb48.tlog\custombuild.read.1.tlog
d:\lixiaoguang_works\examples_lixiaoguang\opengl\ogl-master\build\misc05_picking_slow_easy.dir\debug\misc05_p.6c67bb48.tlog\custombuild.write.1.tlog
d:\lixiaoguang_works\examples_lixiaoguang\opengl\ogl-master\build\misc05_picking_slow_easy.dir\debug\misc05_p.6c67bb48.tlog\link.command.1.tlog
d:\lixiaoguang_works\examples_lixiaoguang\opengl\ogl-master\build\misc05_picking_slow_easy.dir\debug\misc05_p.6c67bb48.tlog\link.read.1.tlog
d:\lixiaoguang_works\examples_lixiaoguang\opengl\ogl-master\build\misc05_picking_slow_easy.dir\debug\misc05_p.6c67bb48.tlog\link.write.1.tlog
