d:\lixiaoguang_works\ogl-master\build\misc05_picking_custom.dir\debug\texture.obj
d:\lixiaoguang_works\ogl-master\build\misc05_picking_custom.dir\debug\objloader.obj
d:\lixiaoguang_works\ogl-master\build\misc05_picking_custom.dir\debug\misc05_picking_custom.obj
d:\lixiaoguang_works\ogl-master\build\misc05_picking_custom.dir\debug\vboindexer.obj
d:\lixiaoguang_works\ogl-master\build\misc05_picking_custom.dir\debug\controls.obj
d:\lixiaoguang_works\ogl-master\build\misc05_picking_custom.dir\debug\shader.obj
d:\lixiaoguang_works\ogl-master\build\misc05_picking_custom.dir\debug\vc120.pdb
d:\lixiaoguang_works\ogl-master\build\cmakefiles\generate.stamp
d:\lixiaoguang_works\ogl-master\build\debug\misc05_picking_custom.ilk
d:\lixiaoguang_works\ogl-master\build\debug\misc05_picking_custom.exe
d:\lixiaoguang_works\ogl-master\build\debug\misc05_picking_custom.pdb
d:\lixiaoguang_works\ogl-master\build\misc05_picking_custom.dir\debug\misc05_p.393fd204.tlog\cl.command.1.tlog
d:\lixiaoguang_works\ogl-master\build\misc05_picking_custom.dir\debug\misc05_p.393fd204.tlog\cl.read.1.tlog
d:\lixiaoguang_works\ogl-master\build\misc05_picking_custom.dir\debug\misc05_p.393fd204.tlog\cl.write.1.tlog
d:\lixiaoguang_works\ogl-master\build\misc05_picking_custom.dir\debug\misc05_p.393fd204.tlog\custombuild.command.1.tlog
d:\lixiaoguang_works\ogl-master\build\misc05_picking_custom.dir\debug\misc05_p.393fd204.tlog\custombuild.read.1.tlog
d:\lixiaoguang_works\ogl-master\build\misc05_picking_custom.dir\debug\misc05_p.393fd204.tlog\custombuild.write.1.tlog
d:\lixiaoguang_works\ogl-master\build\misc05_picking_custom.dir\debug\misc05_p.393fd204.tlog\link.command.1.tlog
d:\lixiaoguang_works\ogl-master\build\misc05_picking_custom.dir\debug\misc05_p.393fd204.tlog\link.read.1.tlog
d:\lixiaoguang_works\ogl-master\build\misc05_picking_custom.dir\debug\misc05_p.393fd204.tlog\link.write.1.tlog
