Build started 2018/3/7 15:05:07.
     1>Project "D:\lixiaoguang_works\glfw_glew-glad_shader_glm\glfw_glad_shader\glfw_glad_shader\glfw_glad_shader.vcxproj" on node 2 (Rebuild target(s)).
     1>ClCompile:
         C:\Program Files (x86)\Microsoft Visual Studio 12.0\VC\bin\x86_amd64\CL.exe /c /IOpenGL\include /IOpenGL\include\glad\include /Iimgui /Iimgui\examples\opengl3_example /I"glm-0.9.8.5" /Zi /nologo /W3 /WX- /O2 /Oi /GL /D WIN32 /D NDEBUG /D _CONSOLE /D _LIB /D _UNICODE /D UNICODE /Gm- /EHsc /MD /GS /Gy /fp:precise /Zc:wchar_t /Zc:forScope /Fo"x64\Release\\" /Fd"x64\Release\vc120.pdb" /Gd /TP /errorReport:prompt controls\controls.cpp glfw_glad_shader.cpp imgui\examples\opengl3_example\imgui_impl_glfw_gl3.cpp imgui\imgui.cpp imgui\imgui_demo.cpp imgui\imgui_draw.cpp shader\shader.cpp stdafx.cpp
         controls.cpp
         glfw_glad_shader.cpp
     1>glfw_glad_shader.cpp(284): warning C4244: 'initializing' : conversion from 'double' to 'float', possible loss of data
         imgui_impl_glfw_gl3.cpp
         imgui.cpp
         imgui_demo.cpp
         imgui_draw.cpp
         shader.cpp
         stdafx.cpp
         C:\Program Files (x86)\Microsoft Visual Studio 12.0\VC\bin\x86_amd64\CL.exe /c /IOpenGL\include /IOpenGL\include\glad\include /Iimgui /Iimgui\examples\opengl3_example /I"glm-0.9.8.5" /Zi /nologo /W3 /WX- /O2 /Oi /GL /D WIN32 /D NDEBUG /D _CONSOLE /D _LIB /D _UNICODE /D UNICODE /Gm- /EHsc /MD /GS /Gy /fp:precise /Zc:wchar_t /Zc:forScope /Fo"x64\Release\\" /Fd"x64\Release\vc120.pdb" /Gd /TC /errorReport:prompt OpenGL\include\glad\src\glad.c
         glad.c
       Link:
         C:\Program Files (x86)\Microsoft Visual Studio 12.0\VC\bin\x86_amd64\link.exe /ERRORREPORT:PROMPT /OUT:"D:\lixiaoguang_works\glfw_glew-glad_shader_glm\glfw_glad_shader\x64\Release\glfw_glad_shader.exe" /INCREMENTAL:NO /NOLOGO /LIBPATH:OpenGL\lib\GLFW\Release\x64 glfw3.lib opengl32.lib kernel32.lib user32.lib gdi32.lib winspool.lib comdlg32.lib advapi32.lib shell32.lib ole32.lib oleaut32.lib uuid.lib odbc32.lib odbccp32.lib /MANIFEST /MANIFESTUAC:"level='asInvoker' uiAccess='false'" /manifest:embed /DEBUG /PDB:"D:\lixiaoguang_works\glfw_glew-glad_shader_glm\glfw_glad_shader\x64\Release\glfw_glad_shader.pdb" /SUBSYSTEM:CONSOLE /OPT:REF /OPT:ICF /LTCG /TLBID:1 /DYNAMICBASE /NXCOMPAT /IMPLIB:"D:\lixiaoguang_works\glfw_glew-glad_shader_glm\glfw_glad_shader\x64\Release\glfw_glad_shader.lib" /MACHINE:X64 x64\Release\controls.obj
         x64\Release\glfw_glad_shader.obj
         x64\Release\imgui_impl_glfw_gl3.obj
         x64\Release\imgui.obj
         x64\Release\imgui_demo.obj
         x64\Release\imgui_draw.obj
         x64\Release\glad.obj
         x64\Release\shader.obj
         x64\Release\stdafx.obj
         Generating code
         Finished generating code
         glfw_glad_shader.vcxproj -> D:\lixiaoguang_works\glfw_glew-glad_shader_glm\glfw_glad_shader\x64\Release\glfw_glad_shader.exe
     1>Done Building Project "D:\lixiaoguang_works\glfw_glew-glad_shader_glm\glfw_glad_shader\glfw_glad_shader\glfw_glad_shader.vcxproj" (Rebuild target(s)).

Build succeeded.

Time Elapsed 00:00:08.09
