d:\lixiaoguang_works\ogl-master\build\tutorial12_extensions.dir\debug\controls.obj
d:\lixiaoguang_works\ogl-master\build\tutorial12_extensions.dir\debug\shader.obj
d:\lixiaoguang_works\ogl-master\build\tutorial12_extensions.dir\debug\texture.obj
d:\lixiaoguang_works\ogl-master\build\tutorial12_extensions.dir\debug\objloader.obj
d:\lixiaoguang_works\ogl-master\build\tutorial12_extensions.dir\debug\tutorial12.obj
d:\lixiaoguang_works\ogl-master\build\tutorial12_extensions.dir\debug\vboindexer.obj
d:\lixiaoguang_works\ogl-master\build\tutorial12_extensions.dir\debug\vc120.pdb
d:\lixiaoguang_works\ogl-master\build\cmakefiles\generate.stamp
d:\lixiaoguang_works\ogl-master\build\debug\tutorial12_extensions.ilk
d:\lixiaoguang_works\ogl-master\build\debug\tutorial12_extensions.exe
d:\lixiaoguang_works\ogl-master\build\debug\tutorial12_extensions.pdb
d:\lixiaoguang_works\ogl-master\build\tutorial12_extensions.dir\debug\tutorial.ae9d6b65.tlog\cl.command.1.tlog
d:\lixiaoguang_works\ogl-master\build\tutorial12_extensions.dir\debug\tutorial.ae9d6b65.tlog\cl.read.1.tlog
d:\lixiaoguang_works\ogl-master\build\tutorial12_extensions.dir\debug\tutorial.ae9d6b65.tlog\cl.write.1.tlog
d:\lixiaoguang_works\ogl-master\build\tutorial12_extensions.dir\debug\tutorial.ae9d6b65.tlog\custombuild.command.1.tlog
d:\lixiaoguang_works\ogl-master\build\tutorial12_extensions.dir\debug\tutorial.ae9d6b65.tlog\custombuild.read.1.tlog
d:\lixiaoguang_works\ogl-master\build\tutorial12_extensions.dir\debug\tutorial.ae9d6b65.tlog\custombuild.write.1.tlog
d:\lixiaoguang_works\ogl-master\build\tutorial12_extensions.dir\debug\tutorial.ae9d6b65.tlog\link.command.1.tlog
d:\lixiaoguang_works\ogl-master\build\tutorial12_extensions.dir\debug\tutorial.ae9d6b65.tlog\link.read.1.tlog
d:\lixiaoguang_works\ogl-master\build\tutorial12_extensions.dir\debug\tutorial.ae9d6b65.tlog\link.write.1.tlog
