d:\lixiaoguang_works\cuda_opengl_glfw_glew\cuda_opengl_glfw_glew\x64\release\cuda_opengl_glfw_glew.pch
d:\lixiaoguang_works\cuda_opengl_glfw_glew\cuda_opengl_glfw_glew\x64\release\vc120.pdb
d:\lixiaoguang_works\cuda_opengl_glfw_glew\cuda_opengl_glfw_glew\x64\release\stdafx.obj
d:\lixiaoguang_works\cuda_opengl_glfw_glew\cuda_opengl_glfw_glew\x64\release\topview.obj
d:\lixiaoguang_works\cuda_opengl_glfw_glew\cuda_opengl_glfw_glew\x64\release\opengl.obj
d:\lixiaoguang_works\cuda_opengl_glfw_glew\cuda_opengl_glfw_glew\x64\release\mainfrm.obj
d:\lixiaoguang_works\cuda_opengl_glfw_glew\cuda_opengl_glfw_glew\x64\release\cuda_opengl_glfw_glewview.obj
d:\lixiaoguang_works\cuda_opengl_glfw_glew\cuda_opengl_glfw_glew\x64\release\cuda_opengl_glfw_glewdoc.obj
d:\lixiaoguang_works\cuda_opengl_glfw_glew\cuda_opengl_glfw_glew\x64\release\cuda_opengl_glfw_glew.obj
d:\lixiaoguang_works\cuda_opengl_glfw_glew\cuda_opengl_glfw_glew\x64\release\bottomview.obj
d:\lixiaoguang_works\cuda_opengl_glfw_glew\cuda_opengl_glfw_glew\x64\release\bottomeditview.obj
d:\lixiaoguang_works\cuda_opengl_glfw_glew\cuda_opengl_glfw_glew\x64\release\glad.obj
d:\lixiaoguang_works\cuda_opengl_glfw_glew\x64\release\cuda_opengl_glfw_glew.exe
d:\lixiaoguang_works\cuda_opengl_glfw_glew\x64\release\cuda_opengl_glfw_glew.pdb
d:\lixiaoguang_works\cuda_opengl_glfw_glew\cuda_opengl_glfw_glew\x64\release\cuda_opengl_glfw_glew.res
d:\lixiaoguang_works\cuda_opengl_glfw_glew\cuda_opengl_glfw_glew\x64\release\cuda_ope.1eb587de.tlog\cl.command.1.tlog
d:\lixiaoguang_works\cuda_opengl_glfw_glew\cuda_opengl_glfw_glew\x64\release\cuda_ope.1eb587de.tlog\cl.read.1.tlog
d:\lixiaoguang_works\cuda_opengl_glfw_glew\cuda_opengl_glfw_glew\x64\release\cuda_ope.1eb587de.tlog\cl.write.1.tlog
d:\lixiaoguang_works\cuda_opengl_glfw_glew\cuda_opengl_glfw_glew\x64\release\cuda_ope.1eb587de.tlog\link.command.1.tlog
d:\lixiaoguang_works\cuda_opengl_glfw_glew\cuda_opengl_glfw_glew\x64\release\cuda_ope.1eb587de.tlog\link.read.1.tlog
d:\lixiaoguang_works\cuda_opengl_glfw_glew\cuda_opengl_glfw_glew\x64\release\cuda_ope.1eb587de.tlog\link.write.1.tlog
d:\lixiaoguang_works\cuda_opengl_glfw_glew\cuda_opengl_glfw_glew\x64\release\cuda_ope.1eb587de.tlog\rc.command.1.tlog
d:\lixiaoguang_works\cuda_opengl_glfw_glew\cuda_opengl_glfw_glew\x64\release\cuda_ope.1eb587de.tlog\rc.read.1.tlog
d:\lixiaoguang_works\cuda_opengl_glfw_glew\cuda_opengl_glfw_glew\x64\release\cuda_ope.1eb587de.tlog\rc.write.1.tlog
