d:\lixiaoguang_works\examples_lixiaoguang\opengl\ogl-master\build\tutorial09_vbo_indexing.dir\debug\vc120.pdb
d:\lixiaoguang_works\examples_lixiaoguang\opengl\ogl-master\build\cmakefiles\generate.stamp
d:\lixiaoguang_works\examples_lixiaoguang\opengl\ogl-master\build\debug\tutorial09_vbo_indexing.ilk
d:\lixiaoguang_works\examples_lixiaoguang\opengl\ogl-master\build\debug\tutorial09_vbo_indexing.exe
d:\lixiaoguang_works\examples_lixiaoguang\opengl\ogl-master\build\debug\tutorial09_vbo_indexing.pdb
d:\lixiaoguang_works\examples_lixiaoguang\opengl\ogl-master\build\tutorial09_vbo_indexing.dir\debug\controls.obj
d:\lixiaoguang_works\examples_lixiaoguang\opengl\ogl-master\build\tutorial09_vbo_indexing.dir\debug\objloader.obj
d:\lixiaoguang_works\examples_lixiaoguang\opengl\ogl-master\build\tutorial09_vbo_indexing.dir\debug\shader.obj
d:\lixiaoguang_works\examples_lixiaoguang\opengl\ogl-master\build\tutorial09_vbo_indexing.dir\debug\texture.obj
d:\lixiaoguang_works\examples_lixiaoguang\opengl\ogl-master\build\tutorial09_vbo_indexing.dir\debug\tutorial09.obj
d:\lixiaoguang_works\examples_lixiaoguang\opengl\ogl-master\build\tutorial09_vbo_indexing.dir\debug\vboindexer.obj
d:\lixiaoguang_works\examples_lixiaoguang\opengl\ogl-master\build\tutorial09_vbo_indexing.dir\debug\tutorial.e09fd148.tlog\cl.command.1.tlog
d:\lixiaoguang_works\examples_lixiaoguang\opengl\ogl-master\build\tutorial09_vbo_indexing.dir\debug\tutorial.e09fd148.tlog\cl.read.1.tlog
d:\lixiaoguang_works\examples_lixiaoguang\opengl\ogl-master\build\tutorial09_vbo_indexing.dir\debug\tutorial.e09fd148.tlog\cl.write.1.tlog
d:\lixiaoguang_works\examples_lixiaoguang\opengl\ogl-master\build\tutorial09_vbo_indexing.dir\debug\tutorial.e09fd148.tlog\custombuild.command.1.tlog
d:\lixiaoguang_works\examples_lixiaoguang\opengl\ogl-master\build\tutorial09_vbo_indexing.dir\debug\tutorial.e09fd148.tlog\custombuild.read.1.tlog
d:\lixiaoguang_works\examples_lixiaoguang\opengl\ogl-master\build\tutorial09_vbo_indexing.dir\debug\tutorial.e09fd148.tlog\custombuild.write.1.tlog
d:\lixiaoguang_works\examples_lixiaoguang\opengl\ogl-master\build\tutorial09_vbo_indexing.dir\debug\tutorial.e09fd148.tlog\link.command.1.tlog
d:\lixiaoguang_works\examples_lixiaoguang\opengl\ogl-master\build\tutorial09_vbo_indexing.dir\debug\tutorial.e09fd148.tlog\link.read.1.tlog
d:\lixiaoguang_works\examples_lixiaoguang\opengl\ogl-master\build\tutorial09_vbo_indexing.dir\debug\tutorial.e09fd148.tlog\link.write.1.tlog
