d:\projects_lixiaoguang\project_home\cuda_opengl_glfw_glew\cuda_opengl_glfw_glew\x64\debug\cuda_opengl_glfw_glew.pch
d:\projects_lixiaoguang\project_home\cuda_opengl_glfw_glew\cuda_opengl_glfw_glew\x64\debug\vc120.pdb
d:\projects_lixiaoguang\project_home\cuda_opengl_glfw_glew\cuda_opengl_glfw_glew\x64\debug\vc120.idb
d:\projects_lixiaoguang\project_home\cuda_opengl_glfw_glew\cuda_opengl_glfw_glew\x64\debug\stdafx.obj
d:\projects_lixiaoguang\project_home\cuda_opengl_glfw_glew\cuda_opengl_glfw_glew\x64\debug\bottomeditview.obj
d:\projects_lixiaoguang\project_home\cuda_opengl_glfw_glew\cuda_opengl_glfw_glew\x64\debug\bottomview.obj
d:\projects_lixiaoguang\project_home\cuda_opengl_glfw_glew\cuda_opengl_glfw_glew\x64\debug\cuda_opengl_glfw_glew.obj
d:\projects_lixiaoguang\project_home\cuda_opengl_glfw_glew\cuda_opengl_glfw_glew\x64\debug\cuda_opengl_glfw_glewdoc.obj
d:\projects_lixiaoguang\project_home\cuda_opengl_glfw_glew\cuda_opengl_glfw_glew\x64\debug\cuda_opengl_glfw_glewview.obj
d:\projects_lixiaoguang\project_home\cuda_opengl_glfw_glew\cuda_opengl_glfw_glew\x64\debug\mainfrm.obj
d:\projects_lixiaoguang\project_home\cuda_opengl_glfw_glew\cuda_opengl_glfw_glew\x64\debug\topview.obj
d:\projects_lixiaoguang\project_home\cuda_opengl_glfw_glew\x64\debug\cuda_opengl_glfw_glew.ilk
d:\projects_lixiaoguang\project_home\cuda_opengl_glfw_glew\x64\debug\cuda_opengl_glfw_glew.exe
d:\projects_lixiaoguang\project_home\cuda_opengl_glfw_glew\x64\debug\cuda_opengl_glfw_glew.pdb
d:\projects_lixiaoguang\project_home\cuda_opengl_glfw_glew\cuda_opengl_glfw_glew\x64\debug\cuda_opengl_glfw_glew.res
d:\projects_lixiaoguang\project_home\cuda_opengl_glfw_glew\cuda_opengl_glfw_glew\x64\debug\cuda_ope.1eb587de.tlog\cl.command.1.tlog
d:\projects_lixiaoguang\project_home\cuda_opengl_glfw_glew\cuda_opengl_glfw_glew\x64\debug\cuda_ope.1eb587de.tlog\cl.read.1.tlog
d:\projects_lixiaoguang\project_home\cuda_opengl_glfw_glew\cuda_opengl_glfw_glew\x64\debug\cuda_ope.1eb587de.tlog\cl.write.1.tlog
d:\projects_lixiaoguang\project_home\cuda_opengl_glfw_glew\cuda_opengl_glfw_glew\x64\debug\cuda_ope.1eb587de.tlog\link.command.1.tlog
d:\projects_lixiaoguang\project_home\cuda_opengl_glfw_glew\cuda_opengl_glfw_glew\x64\debug\cuda_ope.1eb587de.tlog\link.read.1.tlog
d:\projects_lixiaoguang\project_home\cuda_opengl_glfw_glew\cuda_opengl_glfw_glew\x64\debug\cuda_ope.1eb587de.tlog\link.write.1.tlog
d:\projects_lixiaoguang\project_home\cuda_opengl_glfw_glew\cuda_opengl_glfw_glew\x64\debug\cuda_ope.1eb587de.tlog\rc.command.1.tlog
d:\projects_lixiaoguang\project_home\cuda_opengl_glfw_glew\cuda_opengl_glfw_glew\x64\debug\cuda_ope.1eb587de.tlog\rc.read.1.tlog
d:\projects_lixiaoguang\project_home\cuda_opengl_glfw_glew\cuda_opengl_glfw_glew\x64\debug\cuda_ope.1eb587de.tlog\rc.write.1.tlog
