d:\lixiaoguang_works\examples_lixiaoguang\opengl\assimp-4.1.0\build\contrib\zlib\zlib.dir\debug\crc32.obj
d:\lixiaoguang_works\examples_lixiaoguang\opengl\assimp-4.1.0\build\contrib\zlib\zlib.dir\debug\inftrees.obj
d:\lixiaoguang_works\examples_lixiaoguang\opengl\assimp-4.1.0\build\contrib\zlib\zlib.dir\debug\adler32.obj
d:\lixiaoguang_works\examples_lixiaoguang\opengl\assimp-4.1.0\build\contrib\zlib\zlib.dir\debug\infback.obj
d:\lixiaoguang_works\examples_lixiaoguang\opengl\assimp-4.1.0\build\contrib\zlib\zlib.dir\debug\deflate.obj
d:\lixiaoguang_works\examples_lixiaoguang\opengl\assimp-4.1.0\build\contrib\zlib\zlib.dir\debug\gzlib.obj
d:\lixiaoguang_works\examples_lixiaoguang\opengl\assimp-4.1.0\build\contrib\zlib\zlib.dir\debug\zutil.obj
d:\lixiaoguang_works\examples_lixiaoguang\opengl\assimp-4.1.0\build\contrib\zlib\zlib.dir\debug\gzread.obj
d:\lixiaoguang_works\examples_lixiaoguang\opengl\assimp-4.1.0\build\contrib\zlib\zlib.dir\debug\trees.obj
d:\lixiaoguang_works\examples_lixiaoguang\opengl\assimp-4.1.0\build\contrib\zlib\zlib.dir\debug\compress.obj
d:\lixiaoguang_works\examples_lixiaoguang\opengl\assimp-4.1.0\build\contrib\zlib\zlib.dir\debug\inflate.obj
d:\lixiaoguang_works\examples_lixiaoguang\opengl\assimp-4.1.0\build\contrib\zlib\zlib.dir\debug\gzclose.obj
d:\lixiaoguang_works\examples_lixiaoguang\opengl\assimp-4.1.0\build\contrib\zlib\zlib.dir\debug\inffast.obj
d:\lixiaoguang_works\examples_lixiaoguang\opengl\assimp-4.1.0\build\contrib\zlib\zlib.dir\debug\gzwrite.obj
d:\lixiaoguang_works\examples_lixiaoguang\opengl\assimp-4.1.0\build\contrib\zlib\zlib.dir\debug\uncompr.obj
d:\lixiaoguang_works\examples_lixiaoguang\opengl\assimp-4.1.0\build\contrib\zlib\zlib.dir\debug\vc120.pdb
d:\lixiaoguang_works\examples_lixiaoguang\opengl\assimp-4.1.0\build\contrib\zlib\cmakefiles\generate.stamp
d:\lixiaoguang_works\examples_lixiaoguang\opengl\assimp-4.1.0\build\contrib\zlib\debug\zlibd.ilk
d:\lixiaoguang_works\examples_lixiaoguang\opengl\assimp-4.1.0\build\contrib\zlib\debug\zlibd.dll
d:\lixiaoguang_works\examples_lixiaoguang\opengl\assimp-4.1.0\build\contrib\zlib\debug\zlibd.pdb
d:\lixiaoguang_works\examples_lixiaoguang\opengl\assimp-4.1.0\build\contrib\zlib\zlib.dir\debug\zlib1.res
d:\lixiaoguang_works\examples_lixiaoguang\opengl\assimp-4.1.0\build\contrib\zlib\debug\zlibd.lib
d:\lixiaoguang_works\examples_lixiaoguang\opengl\assimp-4.1.0\build\contrib\zlib\debug\zlibd.exp
d:\lixiaoguang_works\examples_lixiaoguang\opengl\assimp-4.1.0\build\contrib\zlib\zlib.dir\debug\zlib.tlog\cl.command.1.tlog
d:\lixiaoguang_works\examples_lixiaoguang\opengl\assimp-4.1.0\build\contrib\zlib\zlib.dir\debug\zlib.tlog\cl.read.1.tlog
d:\lixiaoguang_works\examples_lixiaoguang\opengl\assimp-4.1.0\build\contrib\zlib\zlib.dir\debug\zlib.tlog\cl.write.1.tlog
d:\lixiaoguang_works\examples_lixiaoguang\opengl\assimp-4.1.0\build\contrib\zlib\zlib.dir\debug\zlib.tlog\custombuild.command.1.tlog
d:\lixiaoguang_works\examples_lixiaoguang\opengl\assimp-4.1.0\build\contrib\zlib\zlib.dir\debug\zlib.tlog\custombuild.read.1.tlog
d:\lixiaoguang_works\examples_lixiaoguang\opengl\assimp-4.1.0\build\contrib\zlib\zlib.dir\debug\zlib.tlog\custombuild.write.1.tlog
d:\lixiaoguang_works\examples_lixiaoguang\opengl\assimp-4.1.0\build\contrib\zlib\zlib.dir\debug\zlib.tlog\link.command.1.tlog
d:\lixiaoguang_works\examples_lixiaoguang\opengl\assimp-4.1.0\build\contrib\zlib\zlib.dir\debug\zlib.tlog\link.read.1.tlog
d:\lixiaoguang_works\examples_lixiaoguang\opengl\assimp-4.1.0\build\contrib\zlib\zlib.dir\debug\zlib.tlog\link.write.1.tlog
d:\lixiaoguang_works\examples_lixiaoguang\opengl\assimp-4.1.0\build\contrib\zlib\zlib.dir\debug\zlib.tlog\rc.command.1.tlog
d:\lixiaoguang_works\examples_lixiaoguang\opengl\assimp-4.1.0\build\contrib\zlib\zlib.dir\debug\zlib.tlog\rc.read.1.tlog
d:\lixiaoguang_works\examples_lixiaoguang\opengl\assimp-4.1.0\build\contrib\zlib\zlib.dir\debug\zlib.tlog\rc.write.1.tlog
d:\lixiaoguang_works\examples_lixiaoguang\opengl\assimp-4.1.0\build\contrib\zlib\zlib.dir\debug\zlib.tlog\zlib.write.1u.tlog
