d:\lixiaoguang_works\ogl-master\build\tutorial14_render_to_texture.dir\debug\text2d.obj
d:\lixiaoguang_works\ogl-master\build\tutorial14_render_to_texture.dir\debug\controls.obj
d:\lixiaoguang_works\ogl-master\build\tutorial14_render_to_texture.dir\debug\shader.obj
d:\lixiaoguang_works\ogl-master\build\tutorial14_render_to_texture.dir\debug\texture.obj
d:\lixiaoguang_works\ogl-master\build\tutorial14_render_to_texture.dir\debug\tutorial14.obj
d:\lixiaoguang_works\ogl-master\build\tutorial14_render_to_texture.dir\debug\objloader.obj
d:\lixiaoguang_works\ogl-master\build\tutorial14_render_to_texture.dir\debug\vboindexer.obj
d:\lixiaoguang_works\ogl-master\build\tutorial14_render_to_texture.dir\debug\vc120.pdb
d:\lixiaoguang_works\ogl-master\build\cmakefiles\generate.stamp
d:\lixiaoguang_works\ogl-master\build\debug\tutorial14_render_to_texture.ilk
d:\lixiaoguang_works\ogl-master\build\debug\tutorial14_render_to_texture.exe
d:\lixiaoguang_works\ogl-master\build\debug\tutorial14_render_to_texture.pdb
d:\lixiaoguang_works\ogl-master\build\tutorial14_render_to_texture.dir\debug\tutorial.96ff402e.tlog\cl.command.1.tlog
d:\lixiaoguang_works\ogl-master\build\tutorial14_render_to_texture.dir\debug\tutorial.96ff402e.tlog\cl.read.1.tlog
d:\lixiaoguang_works\ogl-master\build\tutorial14_render_to_texture.dir\debug\tutorial.96ff402e.tlog\cl.write.1.tlog
d:\lixiaoguang_works\ogl-master\build\tutorial14_render_to_texture.dir\debug\tutorial.96ff402e.tlog\custombuild.command.1.tlog
d:\lixiaoguang_works\ogl-master\build\tutorial14_render_to_texture.dir\debug\tutorial.96ff402e.tlog\custombuild.read.1.tlog
d:\lixiaoguang_works\ogl-master\build\tutorial14_render_to_texture.dir\debug\tutorial.96ff402e.tlog\custombuild.write.1.tlog
d:\lixiaoguang_works\ogl-master\build\tutorial14_render_to_texture.dir\debug\tutorial.96ff402e.tlog\link.command.1.tlog
d:\lixiaoguang_works\ogl-master\build\tutorial14_render_to_texture.dir\debug\tutorial.96ff402e.tlog\link.read.1.tlog
d:\lixiaoguang_works\ogl-master\build\tutorial14_render_to_texture.dir\debug\tutorial.96ff402e.tlog\link.write.1.tlog
