d:\lixiaoguang_works\ogl-master\build\tutorial16_shadowmaps_simple.dir\debug\controls.obj
d:\lixiaoguang_works\ogl-master\build\tutorial16_shadowmaps_simple.dir\debug\shader.obj
d:\lixiaoguang_works\ogl-master\build\tutorial16_shadowmaps_simple.dir\debug\tutorial16_simpleversion.obj
d:\lixiaoguang_works\ogl-master\build\tutorial16_shadowmaps_simple.dir\debug\texture.obj
d:\lixiaoguang_works\ogl-master\build\tutorial16_shadowmaps_simple.dir\debug\objloader.obj
d:\lixiaoguang_works\ogl-master\build\tutorial16_shadowmaps_simple.dir\debug\vboindexer.obj
d:\lixiaoguang_works\ogl-master\build\tutorial16_shadowmaps_simple.dir\debug\vc120.pdb
d:\lixiaoguang_works\ogl-master\build\cmakefiles\generate.stamp
d:\lixiaoguang_works\ogl-master\build\debug\tutorial16_shadowmaps_simple.ilk
d:\lixiaoguang_works\ogl-master\build\debug\tutorial16_shadowmaps_simple.exe
d:\lixiaoguang_works\ogl-master\build\debug\tutorial16_shadowmaps_simple.pdb
d:\lixiaoguang_works\ogl-master\build\tutorial16_shadowmaps_simple.dir\debug\tutorial.4f02c517.tlog\cl.command.1.tlog
d:\lixiaoguang_works\ogl-master\build\tutorial16_shadowmaps_simple.dir\debug\tutorial.4f02c517.tlog\cl.read.1.tlog
d:\lixiaoguang_works\ogl-master\build\tutorial16_shadowmaps_simple.dir\debug\tutorial.4f02c517.tlog\cl.write.1.tlog
d:\lixiaoguang_works\ogl-master\build\tutorial16_shadowmaps_simple.dir\debug\tutorial.4f02c517.tlog\custombuild.command.1.tlog
d:\lixiaoguang_works\ogl-master\build\tutorial16_shadowmaps_simple.dir\debug\tutorial.4f02c517.tlog\custombuild.read.1.tlog
d:\lixiaoguang_works\ogl-master\build\tutorial16_shadowmaps_simple.dir\debug\tutorial.4f02c517.tlog\custombuild.write.1.tlog
d:\lixiaoguang_works\ogl-master\build\tutorial16_shadowmaps_simple.dir\debug\tutorial.4f02c517.tlog\link.command.1.tlog
d:\lixiaoguang_works\ogl-master\build\tutorial16_shadowmaps_simple.dir\debug\tutorial.4f02c517.tlog\link.read.1.tlog
d:\lixiaoguang_works\ogl-master\build\tutorial16_shadowmaps_simple.dir\debug\tutorial.4f02c517.tlog\link.write.1.tlog
