Build started 2018/3/23 17:25:01.
     1>Project "D:\lixiaoguang_works\Examples_lixiaoguang\OpenGL\assimp-4.1.0\build\code\assimp.vcxproj" on node 3 (Rebuild target(s)).
     1>CustomBuild:
         Building Custom Rule D:/lixiaoguang_works/Examples_lixiaoguang/OpenGL/assimp-4.1.0/code/CMakeLists.txt
         CMake does not need to re-run because D:/lixiaoguang_works/Examples_lixiaoguang/OpenGL/assimp-4.1.0/build/code/CMakeFiles/generate.stamp is up-to-date.
       ClCompile:
         C:\Program Files (x86)\Microsoft Visual Studio 12.0\VC\bin\x86_amd64\CL.exe /c /I"D:\lixiaoguang_works\Examples_lixiaoguang\OpenGL\assimp-4.1.0\." /I"D:\lixiaoguang_works\Examples_lixiaoguang\OpenGL\assimp-4.1.0\include" /I"D:\lixiaoguang_works\Examples_lixiaoguang\OpenGL\assimp-4.1.0\build" /I"D:\lixiaoguang_works\Examples_lixiaoguang\OpenGL\assimp-4.1.0\build\include" /I"D:\lixiaoguang_works\Examples_lixiaoguang\OpenGL\assimp-4.1.0\contrib\zlib" /I"D:\lixiaoguang_works\Examples_lixiaoguang\OpenGL\assimp-4.1.0\build\contrib\zlib" /I"D:\lixiaoguang_works\Examples_lixiaoguang\OpenGL\assimp-4.1.0\code\..\contrib\rapidjson\include" /I"D:\lixiaoguang_works\Examples_lixiaoguang\OpenGL\assimp-4.1.0\code\..\contrib" /I"D:\lixiaoguang_works\Examples_lixiaoguang\OpenGL\assimp-4.1.0\code\..\contrib\unzip" /I"D:\lixiaoguang_works\Examples_lixiaoguang\OpenGL\assimp-4.1.0\contrib\irrXML" /I"D:\lixiaoguang_works\Examples_lixiaoguang\OpenGL\assimp-4.1.0\code\..\contrib\openddlparser\include" /I"D:\lixiaoguang_works\Examples_lixiaoguang\OpenGL\assimp-4.1.0\code\.." /Zi /nologo /W3 /WX- /MP /Od /Ob0 /D WIN32 /D _WINDOWS /D WIN32_LEAN_AND_MEAN /D OPENDDL_NO_USE_CPP11 /D ASSIMP_BUILD_NO_C4D_IMPORTER /D ASSIMP_IMPORTER_GLTF_USE_OPEN3DGC=1 /D ASSIMP_BUILD_DLL_EXPORT /D _SCL_SECURE_NO_WARNINGS /D _CRT_SECURE_NO_WARNINGS /D OPENDDLPARSER_BUILD /D "CMAKE_INTDIR=\"Debug\"" /D assimp_EXPORTS /D _WINDLL /D _MBCS /Gm- /EHsc /RTC1 /MDd /GS /fp:precise /Zc:wchar_t /Zc:forScope /GR /Fo"assimp.dir\Debug\\" /Fd"assimp.dir\Debug\vc120.pdb" /Gd /TP /wd4351 /errorReport:prompt "D:\lixiaoguang_works\Examples_lixiaoguang\OpenGL\assimp-4.1.0\code\Assimp.cpp" "D:\lixiaoguang_works\Examples_lixiaoguang\OpenGL\assimp-4.1.0\code\BaseImporter.cpp" "D:\lixiaoguang_works\Examples_lixiaoguang\OpenGL\assimp-4.1.0\code\BaseProcess.cpp" "D:\lixiaoguang_works\Examples_lixiaoguang\OpenGL\assimp-4.1.0\code\PostStepRegistry.cpp" "D:\lixiaoguang_works\Examples_lixiaoguang\OpenGL\assimp-4.1.0\code\ImporterRegistry.cpp" "D:\lixiaoguang_works\Examples_lixiaoguang\OpenGL\assimp-4.1.0\code\DefaultIOStream.cpp" "D:\lixiaoguang_works\Examples_lixiaoguang\OpenGL\assimp-4.1.0\code\DefaultIOSystem.cpp" "D:\lixiaoguang_works\Examples_lixiaoguang\OpenGL\assimp-4.1.0\code\CInterfaceIOWrapper.cpp" "D:\lixiaoguang_works\Examples_lixiaoguang\OpenGL\assimp-4.1.0\code\Importer.cpp" "D:\lixiaoguang_works\Examples_lixiaoguang\OpenGL\assimp-4.1.0\code\SGSpatialSort.cpp" "D:\lixiaoguang_works\Examples_lixiaoguang\OpenGL\assimp-4.1.0\code\VertexTriangleAdjacency.cpp" "D:\lixiaoguang_works\Examples_lixiaoguang\OpenGL\assimp-4.1.0\code\SpatialSort.cpp" "D:\lixiaoguang_works\Examples_lixiaoguang\OpenGL\assimp-4.1.0\code\SceneCombiner.cpp" "D:\lixiaoguang_works\Examples_lixiaoguang\OpenGL\assimp-4.1.0\code\ScenePreprocessor.cpp" "D:\lixiaoguang_works\Examples_lixiaoguang\OpenGL\assimp-4.1.0\code\SkeletonMeshBuilder.cpp" "D:\lixiaoguang_works\Examples_lixiaoguang\OpenGL\assimp-4.1.0\code\SplitByBoneCountProcess.cpp" "D:\lixiaoguang_works\Examples_lixiaoguang\OpenGL\assimp-4.1.0\code\ScaleProcess.cpp" "D:\lixiaoguang_works\Examples_lixiaoguang\OpenGL\assimp-4.1.0\code\StandardShapes.cpp" "D:\lixiaoguang_works\Examples_lixiaoguang\OpenGL\assimp-4.1.0\code\TargetAnimation.cpp" "D:\lixiaoguang_works\Examples_lixiaoguang\OpenGL\assimp-4.1.0\code\RemoveComments.cpp" "D:\lixiaoguang_works\Examples_lixiaoguang\OpenGL\assimp-4.1.0\code\Subdivision.cpp" "D:\lixiaoguang_works\Examples_lixiaoguang\OpenGL\assimp-4.1.0\code\scene.cpp" "D:\lixiaoguang_works\Examples_lixiaoguang\OpenGL\assimp-4.1.0\code\Bitmap.cpp" "D:\lixiaoguang_works\Examples_lixiaoguang\OpenGL\assimp-4.1.0\code\Version.cpp" "D:\lixiaoguang_works\Examples_lixiaoguang\OpenGL\assimp-4.1.0\code\CreateAnimMesh.cpp" "D:\lixiaoguang_works\Examples_lixiaoguang\OpenGL\assimp-4.1.0\code\DefaultLogger.cpp" "D:\lixiaoguang_works\Examples_lixiaoguang\OpenGL\assimp-4.1.0\code\Exporter.cpp" "D:\lixiaoguang_works\Examples_lixiaoguang\OpenGL\assimp-4.1.0\code\AssimpCExport.cpp" "D:\lixiaoguang_works\Examples_lixiaoguang\OpenGL\assimp-4.1.0\code\CalcTangentsProcess.cpp" "D:\lixiaoguang_works\Examples_lixiaoguang\OpenGL\assimp-4.1.0\code\ComputeUVMappingProcess.cpp" "D:\lixiaoguang_works\Examples_lixiaoguang\OpenGL\assimp-4.1.0\code\ConvertToLHProcess.cpp" "D:\lixiaoguang_works\Examples_lixiaoguang\OpenGL\assimp-4.1.0\code\FindDegenerates.cpp" "D:\lixiaoguang_works\Examples_lixiaoguang\OpenGL\assimp-4.1.0\code\FindInstancesProcess.cpp" "D:\lixiaoguang_works\Examples_lixiaoguang\OpenGL\assimp-4.1.0\code\FindInvalidDataProcess.cpp" "D:\lixiaoguang_works\Examples_lixiaoguang\OpenGL\assimp-4.1.0\code\FixNormalsStep.cpp" "D:\lixiaoguang_works\Examples_lixiaoguang\OpenGL\assimp-4.1.0\code\GenFaceNormalsProcess.cpp" "D:\lixiaoguang_works\Examples_lixiaoguang\OpenGL\assimp-4.1.0\code\GenVertexNormalsProcess.cpp" "D:\lixiaoguang_works\Examples_lixiaoguang\OpenGL\assimp-4.1.0\code\PretransformVertices.cpp" "D:\lixiaoguang_works\Examples_lixiaoguang\OpenGL\assimp-4.1.0\code\ImproveCacheLocality.cpp" "D:\lixiaoguang_works\Examples_lixiaoguang\OpenGL\assimp-4.1.0\code\JoinVerticesProcess.cpp" "D:\lixiaoguang_works\Examples_lixiaoguang\OpenGL\assimp-4.1.0\code\LimitBoneWeightsProcess.cpp" "D:\lixiaoguang_works\Examples_lixiaoguang\OpenGL\assimp-4.1.0\code\RemoveRedundantMaterials.cpp" "D:\lixiaoguang_works\Examples_lixiaoguang\OpenGL\assimp-4.1.0\code\RemoveVCProcess.cpp" "D:\lixiaoguang_works\Examples_lixiaoguang\OpenGL\assimp-4.1.0\code\SortByPTypeProcess.cpp" "D:\lixiaoguang_works\Examples_lixiaoguang\OpenGL\assimp-4.1.0\code\SplitLargeMeshes.cpp" "D:\lixiaoguang_works\Examples_lixiaoguang\OpenGL\assimp-4.1.0\code\TextureTransform.cpp" "D:\lixiaoguang_works\Examples_lixiaoguang\OpenGL\assimp-4.1.0\code\TriangulateProcess.cpp" "D:\lixiaoguang_works\Examples_lixiaoguang\OpenGL\assimp-4.1.0\code\ValidateDataStructure.cpp" "D:\lixiaoguang_works\Examples_lixiaoguang\OpenGL\assimp-4.1.0\code\OptimizeGraph.cpp" "D:\lixiaoguang_works\Examples_lixiaoguang\OpenGL\assimp-4.1.0\code\OptimizeMeshes.cpp" "D:\lixiaoguang_works\Examples_lixiaoguang\OpenGL\assimp-4.1.0\code\DeboneProcess.cpp" "D:\lixiaoguang_works\Examples_lixiaoguang\OpenGL\assimp-4.1.0\code\ProcessHelper.cpp" "D:\lixiaoguang_works\Examples_lixiaoguang\OpenGL\assimp-4.1.0\code\MakeVerboseFormat.cpp" "D:\lixiaoguang_works\Examples_lixiaoguang\OpenGL\assimp-4.1.0\code\MaterialSystem.cpp" "D:\lixiaoguang_works\Examples_lixiaoguang\OpenGL\assimp-4.1.0\code\StepExporter.cpp" "D:\lixiaoguang_works\Examples_lixiaoguang\OpenGL\assimp-4.1.0\code\AMFImporter.cpp" "D:\lixiaoguang_works\Examples_lixiaoguang\OpenGL\assimp-4.1.0\code\AMFImporter_Geometry.cpp" "D:\lixiaoguang_works\Examples_lixiaoguang\OpenGL\assimp-4.1.0\code\AMFImporter_Material.cpp" "D:\lixiaoguang_works\Examples_lixiaoguang\OpenGL\assimp-4.1.0\code\AMFImporter_Postprocess.cpp" "D:\lixiaoguang_works\Examples_lixiaoguang\OpenGL\assimp-4.1.0\code\3DSConverter.cpp" "D:\lixiaoguang_works\Examples_lixiaoguang\OpenGL\assimp-4.1.0\code\3DSLoader.cpp" "D:\lixiaoguang_works\Examples_lixiaoguang\OpenGL\assimp-4.1.0\code\3DSExporter.cpp" "D:\lixiaoguang_works\Examples_lixiaoguang\OpenGL\assimp-4.1.0\code\ACLoader.cpp" "D:\lixiaoguang_works\Examples_lixiaoguang\OpenGL\assimp-4.1.0\code\ASELoader.cpp" "D:\lixiaoguang_works\Examples_lixiaoguang\OpenGL\assimp-4.1.0\code\ASEParser.cpp" "D:\lixiaoguang_works\Examples_lixiaoguang\OpenGL\assimp-4.1.0\code\AssbinExporter.cpp" "D:\lixiaoguang_works\Examples_lixiaoguang\OpenGL\assimp-4.1.0\code\AssbinLoader.cpp" "D:\lixiaoguang_works\Examples_lixiaoguang\OpenGL\assimp-4.1.0\code\AssxmlExporter.cpp" "D:\lixiaoguang_works\Examples_lixiaoguang\OpenGL\assimp-4.1.0\code\B3DImporter.cpp" "D:\lixiaoguang_works\Examples_lixiaoguang\OpenGL\assimp-4.1.0\code\BVHLoader.cpp" "D:\lixiaoguang_works\Examples_lixiaoguang\OpenGL\assimp-4.1.0\code\ColladaLoader.cpp" "D:\lixiaoguang_works\Examples_lixiaoguang\OpenGL\assimp-4.1.0\code\ColladaParser.cpp" "D:\lixiaoguang_works\Examples_lixiaoguang\OpenGL\assimp-4.1.0\code\ColladaExporter.cpp" "D:\lixiaoguang_works\Examples_lixiaoguang\OpenGL\assimp-4.1.0\code\DXFLoader.cpp" "D:\lixiaoguang_works\Examples_lixiaoguang\OpenGL\assimp-4.1.0\code\CSMLoader.cpp" "D:\lixiaoguang_works\Examples_lixiaoguang\OpenGL\assimp-4.1.0\code\HMPLoader.cpp" "D:\lixiaoguang_works\Examples_lixiaoguang\OpenGL\assimp-4.1.0\code\IRRMeshLoader.cpp" "D:\lixiaoguang_works\Examples_lixiaoguang\OpenGL\assimp-4.1.0\code\IRRShared.cpp" "D:\lixiaoguang_works\Examples_lixiaoguang\OpenGL\assimp-4.1.0\code\IRRLoader.cpp" "D:\lixiaoguang_works\Examples_lixiaoguang\OpenGL\assimp-4.1.0\code\LWOAnimation.cpp" "D:\lixiaoguang_works\Examples_lixiaoguang\OpenGL\assimp-4.1.0\code\LWOBLoader.cpp" "D:\lixiaoguang_works\Examples_lixiaoguang\OpenGL\assimp-4.1.0\code\LWOLoader.cpp" "D:\lixiaoguang_works\Examples_lixiaoguang\OpenGL\assimp-4.1.0\code\LWOMaterial.cpp" "D:\lixiaoguang_works\Examples_lixiaoguang\OpenGL\assimp-4.1.0\code\LWSLoader.cpp" "D:\lixiaoguang_works\Examples_lixiaoguang\OpenGL\assimp-4.1.0\code\MD2Loader.cpp" "D:\lixiaoguang_works\Examples_lixiaoguang\OpenGL\assimp-4.1.0\code\MD3Loader.cpp" "D:\lixiaoguang_works\Examples_lixiaoguang\OpenGL\assimp-4.1.0\code\MD5Loader.cpp" "D:\lixiaoguang_works\Examples_lixiaoguang\OpenGL\assimp-4.1.0\code\MD5Parser.cpp" "D:\lixiaoguang_works\Examples_lixiaoguang\OpenGL\assimp-4.1.0\code\MDCLoader.cpp" "D:\lixiaoguang_works\Examples_lixiaoguang\OpenGL\assimp-4.1.0\code\MDLLoader.cpp" "D:\lixiaoguang_works\Examples_lixiaoguang\OpenGL\assimp-4.1.0\code\MDLMaterialLoader.cpp" "D:\lixiaoguang_works\Examples_lixiaoguang\OpenGL\assimp-4.1.0\code\NFFLoader.cpp" "D:\lixiaoguang_works\Examples_lixiaoguang\OpenGL\assimp-4.1.0\code\NDOLoader.cpp" "D:\lixiaoguang_works\Examples_lixiaoguang\OpenGL\assimp-4.1.0\code\OFFLoader.cpp" "D:\lixiaoguang_works\Examples_lixiaoguang\OpenGL\assimp-4.1.0\code\ObjFileImporter.cpp" "D:\lixiaoguang_works\Examples_lixiaoguang\OpenGL\assimp-4.1.0\code\ObjFileMtlImporter.cpp" "D:\lixiaoguang_works\Examples_lixiaoguang\OpenGL\assimp-4.1.0\code\ObjFileParser.cpp" "D:\lixiaoguang_works\Examples_lixiaoguang\OpenGL\assimp-4.1.0\code\ObjExporter.cpp" "D:\lixiaoguang_works\Examples_lixiaoguang\OpenGL\assimp-4.1.0\code\OgreImporter.cpp" "D:\lixiaoguang_works\Examples_lixiaoguang\OpenGL\assimp-4.1.0\code\OgreStructs.cpp" "D:\lixiaoguang_works\Examples_lixiaoguang\OpenGL\assimp-4.1.0\code\OgreBinarySerializer.cpp" "D:\lixiaoguang_works\Examples_lixiaoguang\OpenGL\assimp-4.1.0\code\OgreXmlSerializer.cpp" "D:\lixiaoguang_works\Examples_lixiaoguang\OpenGL\assimp-4.1.0\code\OgreMaterial.cpp" "D:\lixiaoguang_works\Examples_lixiaoguang\OpenGL\assimp-4.1.0\code\OpenGEXExporter.cpp" "D:\lixiaoguang_works\Examples_lixiaoguang\OpenGL\assimp-4.1.0\code\OpenGEXImporter.cpp" "D:\lixiaoguang_works\Examples_lixiaoguang\OpenGL\assimp-4.1.0\code\PlyLoader.cpp" "D:\lixiaoguang_works\Examples_lixiaoguang\OpenGL\assimp-4.1.0\code\PlyParser.cpp" "D:\lixiaoguang_works\Examples_lixiaoguang\OpenGL\assimp-4.1.0\code\PlyExporter.cpp" "D:\lixiaoguang_works\Examples_lixiaoguang\OpenGL\assimp-4.1.0\code\MS3DLoader.cpp" "D:\lixiaoguang_works\Examples_lixiaoguang\OpenGL\assimp-4.1.0\code\COBLoader.cpp" "D:\lixiaoguang_works\Examples_lixiaoguang\OpenGL\assimp-4.1.0\code\BlenderLoader.cpp" "D:\lixiaoguang_works\Examples_lixiaoguang\OpenGL\assimp-4.1.0\code\BlenderDNA.cpp" "D:\lixiaoguang_works\Examples_lixiaoguang\OpenGL\assimp-4.1.0\code\BlenderScene.cpp" "D:\lixiaoguang_works\Examples_lixiaoguang\OpenGL\assimp-4.1.0\code\BlenderModifier.cpp" "D:\lixiaoguang_works\Examples_lixiaoguang\OpenGL\assimp-4.1.0\code\BlenderBMesh.cpp" "D:\lixiaoguang_works\Examples_lixiaoguang\OpenGL\assimp-4.1.0\code\BlenderTessellator.cpp" "D:\lixiaoguang_works\Examples_lixiaoguang\OpenGL\assimp-4.1.0\code\IFCLoader.cpp" "D:\lixiaoguang_works\Examples_lixiaoguang\OpenGL\assimp-4.1.0\code\IFCUtil.cpp" "D:\lixiaoguang_works\Examples_lixiaoguang\OpenGL\assimp-4.1.0\code\IFCGeometry.cpp" "D:\lixiaoguang_works\Examples_lixiaoguang\OpenGL\assimp-4.1.0\code\IFCMaterial.cpp" "D:\lixiaoguang_works\Examples_lixiaoguang\OpenGL\assimp-4.1.0\code\IFCProfile.cpp" "D:\lixiaoguang_works\Examples_lixiaoguang\OpenGL\assimp-4.1.0\code\IFCCurve.cpp" "D:\lixiaoguang_works\Examples_lixiaoguang\OpenGL\assimp-4.1.0\code\IFCBoolean.cpp" "D:\lixiaoguang_works\Examples_lixiaoguang\OpenGL\assimp-4.1.0\code\IFCOpenings.cpp" "D:\lixiaoguang_works\Examples_lixiaoguang\OpenGL\assimp-4.1.0\code\STEPFileReader.cpp" "D:\lixiaoguang_works\Examples_lixiaoguang\OpenGL\assimp-4.1.0\code\STEPFileEncoding.cpp" "D:\lixiaoguang_works\Examples_lixiaoguang\OpenGL\assimp-4.1.0\code\XGLLoader.cpp" "D:\lixiaoguang_works\Examples_lixiaoguang\OpenGL\assimp-4.1.0\code\FBXImporter.cpp" "D:\lixiaoguang_works\Examples_lixiaoguang\OpenGL\assimp-4.1.0\code\FBXParser.cpp" "D:\lixiaoguang_works\Examples_lixiaoguang\OpenGL\assimp-4.1.0\code\FBXTokenizer.cpp" "D:\lixiaoguang_works\Examples_lixiaoguang\OpenGL\assimp-4.1.0\code\FBXConverter.cpp" "D:\lixiaoguang_works\Examples_lixiaoguang\OpenGL\assimp-4.1.0\code\FBXUtil.cpp" "D:\lixiaoguang_works\Examples_lixiaoguang\OpenGL\assimp-4.1.0\code\FBXDocument.cpp" "D:\lixiaoguang_works\Examples_lixiaoguang\OpenGL\assimp-4.1.0\code\FBXProperties.cpp" "D:\lixiaoguang_works\Examples_lixiaoguang\OpenGL\assimp-4.1.0\code\FBXMeshGeometry.cpp" "D:\lixiaoguang_works\Examples_lixiaoguang\OpenGL\assimp-4.1.0\code\FBXMaterial.cpp" "D:\lixiaoguang_works\Examples_lixiaoguang\OpenGL\assimp-4.1.0\code\FBXModel.cpp" "D:\lixiaoguang_works\Examples_lixiaoguang\OpenGL\assimp-4.1.0\code\FBXAnimation.cpp" "D:\lixiaoguang_works\Examples_lixiaoguang\OpenGL\assimp-4.1.0\code\FBXNodeAttribute.cpp" "D:\lixiaoguang_works\Examples_lixiaoguang\OpenGL\assimp-4.1.0\code\FBXDeformer.cpp" "D:\lixiaoguang_works\Examples_lixiaoguang\OpenGL\assimp-4.1.0\code\FBXBinaryTokenizer.cpp" "D:\lixiaoguang_works\Examples_lixiaoguang\OpenGL\assimp-4.1.0\code\FBXDocumentUtil.cpp" "D:\lixiaoguang_works\Examples_lixiaoguang\OpenGL\assimp-4.1.0\code\Q3DLoader.cpp" "D:\lixiaoguang_works\Examples_lixiaoguang\OpenGL\assimp-4.1.0\code\Q3BSPFileParser.cpp" "D:\lixiaoguang_works\Examples_lixiaoguang\OpenGL\assimp-4.1.0\code\Q3BSPFileImporter.cpp" "D:\lixiaoguang_works\Examples_lixiaoguang\OpenGL\assimp-4.1.0\code\Q3BSPZipArchive.cpp" "D:\lixiaoguang_works\Examples_lixiaoguang\OpenGL\assimp-4.1.0\code\RawLoader.cpp" "D:\lixiaoguang_works\Examples_lixiaoguang\OpenGL\assimp-4.1.0\code\SIBImporter.cpp" "D:\lixiaoguang_works\Examples_lixiaoguang\OpenGL\assimp-4.1.0\code\SMDLoader.cpp" "D:\lixiaoguang_works\Examples_lixiaoguang\OpenGL\assimp-4.1.0\code\STLLoader.cpp" "D:\lixiaoguang_works\Examples_lixiaoguang\OpenGL\assimp-4.1.0\code\STLExporter.cpp" "D:\lixiaoguang_works\Examples_lixiaoguang\OpenGL\assimp-4.1.0\code\TerragenLoader.cpp" "D:\lixiaoguang_works\Examples_lixiaoguang\OpenGL\assimp-4.1.0\code\UnrealLoader.cpp" "D:\lixiaoguang_works\Examples_lixiaoguang\OpenGL\assimp-4.1.0\code\XFileImporter.cpp" "D:\lixiaoguang_works\Examples_lixiaoguang\OpenGL\assimp-4.1.0\code\XFileParser.cpp" "D:\lixiaoguang_works\Examples_lixiaoguang\OpenGL\assimp-4.1.0\code\XFileExporter.cpp" "D:\lixiaoguang_works\Examples_lixiaoguang\OpenGL\assimp-4.1.0\code\X3DExporter.cpp" "D:\lixiaoguang_works\Examples_lixiaoguang\OpenGL\assimp-4.1.0\code\X3DImporter.cpp" "D:\lixiaoguang_works\Examples_lixiaoguang\OpenGL\assimp-4.1.0\code\X3DImporter_Geometry2D.cpp" "D:\lixiaoguang_works\Examples_lixiaoguang\OpenGL\assimp-4.1.0\code\X3DImporter_Geometry3D.cpp" "D:\lixiaoguang_works\Examples_lixiaoguang\OpenGL\assimp-4.1.0\code\X3DImporter_Group.cpp" "D:\lixiaoguang_works\Examples_lixiaoguang\OpenGL\assimp-4.1.0\code\X3DImporter_Light.cpp" "D:\lixiaoguang_works\Examples_lixiaoguang\OpenGL\assimp-4.1.0\code\X3DImporter_Metadata.cpp" "D:\lixiaoguang_works\Examples_lixiaoguang\OpenGL\assimp-4.1.0\code\X3DImporter_Networking.cpp" "D:\lixiaoguang_works\Examples_lixiaoguang\OpenGL\assimp-4.1.0\code\X3DImporter_Postprocess.cpp" "D:\lixiaoguang_works\Examples_lixiaoguang\OpenGL\assimp-4.1.0\code\X3DImporter_Rendering.cpp" "D:\lixiaoguang_works\Examples_lixiaoguang\OpenGL\assimp-4.1.0\code\X3DImporter_Shape.cpp" "D:\lixiaoguang_works\Examples_lixiaoguang\OpenGL\assimp-4.1.0\code\X3DImporter_Texturing.cpp" "D:\lixiaoguang_works\Examples_lixiaoguang\OpenGL\assimp-4.1.0\code\FIReader.cpp" "D:\lixiaoguang_works\Examples_lixiaoguang\OpenGL\assimp-4.1.0\code\X3DVocabulary.cpp" "D:\lixiaoguang_works\Examples_lixiaoguang\OpenGL\assimp-4.1.0\code\glTFImporter.cpp" "D:\lixiaoguang_works\Examples_lixiaoguang\OpenGL\assimp-4.1.0\code\glTFExporter.cpp" "D:\lixiaoguang_works\Examples_lixiaoguang\OpenGL\assimp-4.1.0\code\glTF2Importer.cpp" "D:\lixiaoguang_works\Examples_lixiaoguang\OpenGL\assimp-4.1.0\code\glTF2Exporter.cpp" "D:\lixiaoguang_works\Examples_lixiaoguang\OpenGL\assimp-4.1.0\code\D3MFImporter.cpp" "D:\lixiaoguang_works\Examples_lixiaoguang\OpenGL\assimp-4.1.0\code\D3MFExporter.cpp" "D:\lixiaoguang_works\Examples_lixiaoguang\OpenGL\assimp-4.1.0\code\D3MFOpcPackage.cpp" "D:\lixiaoguang_works\Examples_lixiaoguang\OpenGL\assimp-4.1.0\code\MMDImporter.cpp" "D:\lixiaoguang_works\Examples_lixiaoguang\OpenGL\assimp-4.1.0\code\MMDPmxParser.cpp" "D:\lixiaoguang_works\Examples_lixiaoguang\OpenGL\assimp-4.1.0\contrib\poly2tri\poly2tri\common\shapes.cc" "D:\lixiaoguang_works\Examples_lixiaoguang\OpenGL\assimp-4.1.0\contrib\poly2tri\poly2tri\sweep\advancing_front.cc" "D:\lixiaoguang_works\Examples_lixiaoguang\OpenGL\assimp-4.1.0\contrib\poly2tri\poly2tri\sweep\cdt.cc" "D:\lixiaoguang_works\Examples_lixiaoguang\OpenGL\assimp-4.1.0\contrib\poly2tri\poly2tri\sweep\sweep.cc" "D:\lixiaoguang_works\Examples_lixiaoguang\OpenGL\assimp-4.1.0\contrib\poly2tri\poly2tri\sweep\sweep_context.cc" "D:\lixiaoguang_works\Examples_lixiaoguang\OpenGL\assimp-4.1.0\contrib\clipper\clipper.cpp" "D:\lixiaoguang_works\Examples_lixiaoguang\OpenGL\assimp-4.1.0\contrib\openddlparser\code\OpenDDLParser.cpp" "D:\lixiaoguang_works\Examples_lixiaoguang\OpenGL\assimp-4.1.0\contrib\openddlparser\code\DDLNode.cpp" "D:\lixiaoguang_works\Examples_lixiaoguang\OpenGL\assimp-4.1.0\contrib\openddlparser\code\OpenDDLCommon.cpp" "D:\lixiaoguang_works\Examples_lixiaoguang\OpenGL\assimp-4.1.0\contrib\openddlparser\code\OpenDDLExport.cpp" "D:\lixiaoguang_works\Examples_lixiaoguang\OpenGL\assimp-4.1.0\contrib\openddlparser\code\Value.cpp" "D:\lixiaoguang_works\Examples_lixiaoguang\OpenGL\assimp-4.1.0\contrib\openddlparser\code\OpenDDLStream.cpp" "D:\lixiaoguang_works\Examples_lixiaoguang\OpenGL\assimp-4.1.0\contrib\Open3DGC\o3dgcArithmeticCodec.cpp" "D:\lixiaoguang_works\Examples_lixiaoguang\OpenGL\assimp-4.1.0\contrib\Open3DGC\o3dgcDynamicVectorDecoder.cpp" "D:\lixiaoguang_works\Examples_lixiaoguang\OpenGL\assimp-4.1.0\contrib\Open3DGC\o3dgcDynamicVectorEncoder.cpp" "D:\lixiaoguang_works\Examples_lixiaoguang\OpenGL\assimp-4.1.0\contrib\Open3DGC\o3dgcTools.cpp" "D:\lixiaoguang_works\Examples_lixiaoguang\OpenGL\assimp-4.1.0\contrib\Open3DGC\o3dgcTriangleFans.cpp"
         Assimp.cpp
         BaseImporter.cpp
         BaseProcess.cpp
         PostStepRegistry.cpp
         ImporterRegistry.cpp
         DefaultIOStream.cpp
         DefaultIOSystem.cpp
         CInterfaceIOWrapper.cpp
         Importer.cpp
         SGSpatialSort.cpp
         VertexTriangleAdjacency.cpp
         SpatialSort.cpp
         SceneCombiner.cpp
         ScenePreprocessor.cpp
         SkeletonMeshBuilder.cpp
         SplitByBoneCountProcess.cpp
         ScaleProcess.cpp
         StandardShapes.cpp
         TargetAnimation.cpp
         RemoveComments.cpp
         Subdivision.cpp
         scene.cpp
         Bitmap.cpp
         Version.cpp
         CreateAnimMesh.cpp
         DefaultLogger.cpp
         Exporter.cpp
         AssimpCExport.cpp
         CalcTangentsProcess.cpp
         ComputeUVMappingProcess.cpp
         ConvertToLHProcess.cpp
         FindDegenerates.cpp
         FindInstancesProcess.cpp
         FindInvalidDataProcess.cpp
         FixNormalsStep.cpp
         GenFaceNormalsProcess.cpp
         GenVertexNormalsProcess.cpp
         PretransformVertices.cpp
         ImproveCacheLocality.cpp
         JoinVerticesProcess.cpp
         LimitBoneWeightsProcess.cpp
         RemoveRedundantMaterials.cpp
         RemoveVCProcess.cpp
         SortByPTypeProcess.cpp
         SplitLargeMeshes.cpp
         TextureTransform.cpp
         TriangulateProcess.cpp
         ValidateDataStructure.cpp
         OptimizeGraph.cpp
         OptimizeMeshes.cpp
         DeboneProcess.cpp
         ProcessHelper.cpp
         MakeVerboseFormat.cpp
         MaterialSystem.cpp
         StepExporter.cpp
         AMFImporter.cpp
         AMFImporter_Geometry.cpp
         AMFImporter_Material.cpp
         AMFImporter_Postprocess.cpp
         3DSConverter.cpp
         3DSLoader.cpp
         3DSExporter.cpp
         ACLoader.cpp
         ASELoader.cpp
         ASEParser.cpp
         AssbinExporter.cpp
         AssbinLoader.cpp
         AssxmlExporter.cpp
         B3DImporter.cpp
         BVHLoader.cpp
         ColladaLoader.cpp
         ColladaParser.cpp
         ColladaExporter.cpp
         DXFLoader.cpp
         CSMLoader.cpp
         HMPLoader.cpp
         IRRMeshLoader.cpp
         IRRShared.cpp
         IRRLoader.cpp
         LWOAnimation.cpp
         LWOBLoader.cpp
         LWOLoader.cpp
         LWOMaterial.cpp
         LWSLoader.cpp
         MD2Loader.cpp
         MD3Loader.cpp
         MD5Loader.cpp
         MD5Parser.cpp
         MDCLoader.cpp
         MDLLoader.cpp
         MDLMaterialLoader.cpp
         NFFLoader.cpp
         NDOLoader.cpp
         OFFLoader.cpp
         ObjFileImporter.cpp
         ObjFileMtlImporter.cpp
         ObjFileParser.cpp
         ObjExporter.cpp
         OgreImporter.cpp
         OgreStructs.cpp
         OgreBinarySerializer.cpp
         OgreXmlSerializer.cpp
         OgreMaterial.cpp
         OpenGEXExporter.cpp
         OpenGEXImporter.cpp
         PlyLoader.cpp
         PlyParser.cpp
         PlyExporter.cpp
         MS3DLoader.cpp
         COBLoader.cpp
         BlenderLoader.cpp
         BlenderDNA.cpp
         BlenderScene.cpp
         BlenderModifier.cpp
         BlenderBMesh.cpp
         BlenderTessellator.cpp
         IFCLoader.cpp
         IFCUtil.cpp
         IFCGeometry.cpp
         IFCMaterial.cpp
         IFCProfile.cpp
         IFCCurve.cpp
         IFCBoolean.cpp
     1>D:\lixiaoguang_works\Examples_lixiaoguang\OpenGL\assimp-4.1.0\code\IFCBoolean.cpp : warning C4819: The file contains a character that cannot be represented in the current code page (936). Save the file in Unicode format to prevent data loss
         IFCOpenings.cpp
         STEPFileReader.cpp
         STEPFileEncoding.cpp
         XGLLoader.cpp
         FBXImporter.cpp
         FBXParser.cpp
         FBXTokenizer.cpp
         FBXConverter.cpp
         FBXUtil.cpp
         FBXDocument.cpp
         FBXProperties.cpp
         FBXMeshGeometry.cpp
         FBXMaterial.cpp
         FBXModel.cpp
         FBXAnimation.cpp
         FBXNodeAttribute.cpp
         FBXDeformer.cpp
         FBXBinaryTokenizer.cpp
         FBXDocumentUtil.cpp
         Q3DLoader.cpp
         Q3BSPFileParser.cpp
         Q3BSPFileImporter.cpp
         Q3BSPZipArchive.cpp
         RawLoader.cpp
         SIBImporter.cpp
         SMDLoader.cpp
         STLLoader.cpp
         STLExporter.cpp
         TerragenLoader.cpp
         UnrealLoader.cpp
         XFileImporter.cpp
         XFileParser.cpp
         XFileExporter.cpp
         X3DExporter.cpp
         X3DImporter.cpp
         X3DImporter_Geometry2D.cpp
         X3DImporter_Geometry3D.cpp
         X3DImporter_Group.cpp
         X3DImporter_Light.cpp
         X3DImporter_Metadata.cpp
         X3DImporter_Networking.cpp
         X3DImporter_Postprocess.cpp
         X3DImporter_Rendering.cpp
         X3DImporter_Shape.cpp
         X3DImporter_Texturing.cpp
         FIReader.cpp
         X3DVocabulary.cpp
         glTFImporter.cpp
         glTFExporter.cpp
         glTF2Importer.cpp
         glTF2Exporter.cpp
         D3MFImporter.cpp
         D3MFExporter.cpp
         D3MFOpcPackage.cpp
         MMDImporter.cpp
         MMDPmxParser.cpp
     1>D:\lixiaoguang_works\Examples_lixiaoguang\OpenGL\assimp-4.1.0\code\MMDPmxParser.cpp : warning C4819: The file contains a character that cannot be represented in the current code page (936). Save the file in Unicode format to prevent data loss
         shapes.cc
         advancing_front.cc
         cdt.cc
         sweep.cc
         sweep_context.cc
         clipper.cpp
         OpenDDLParser.cpp
         DDLNode.cpp
         OpenDDLCommon.cpp
         OpenDDLExport.cpp
         Value.cpp
         OpenDDLStream.cpp
         o3dgcArithmeticCodec.cpp
         o3dgcDynamicVectorDecoder.cpp
         o3dgcDynamicVectorEncoder.cpp
         o3dgcTools.cpp
         o3dgcTriangleFans.cpp
         C:\Program Files (x86)\Microsoft Visual Studio 12.0\VC\bin\x86_amd64\CL.exe /c /I"D:\lixiaoguang_works\Examples_lixiaoguang\OpenGL\assimp-4.1.0\." /I"D:\lixiaoguang_works\Examples_lixiaoguang\OpenGL\assimp-4.1.0\include" /I"D:\lixiaoguang_works\Examples_lixiaoguang\OpenGL\assimp-4.1.0\build" /I"D:\lixiaoguang_works\Examples_lixiaoguang\OpenGL\assimp-4.1.0\build\include" /I"D:\lixiaoguang_works\Examples_lixiaoguang\OpenGL\assimp-4.1.0\contrib\zlib" /I"D:\lixiaoguang_works\Examples_lixiaoguang\OpenGL\assimp-4.1.0\build\contrib\zlib" /I"D:\lixiaoguang_works\Examples_lixiaoguang\OpenGL\assimp-4.1.0\code\..\contrib\rapidjson\include" /I"D:\lixiaoguang_works\Examples_lixiaoguang\OpenGL\assimp-4.1.0\code\..\contrib" /I"D:\lixiaoguang_works\Examples_lixiaoguang\OpenGL\assimp-4.1.0\code\..\contrib\unzip" /I"D:\lixiaoguang_works\Examples_lixiaoguang\OpenGL\assimp-4.1.0\contrib\irrXML" /I"D:\lixiaoguang_works\Examples_lixiaoguang\OpenGL\assimp-4.1.0\code\..\contrib\openddlparser\include" /I"D:\lixiaoguang_works\Examples_lixiaoguang\OpenGL\assimp-4.1.0\code\.." /Zi /nologo /W3 /WX- /MP /Od /Ob0 /D WIN32 /D _WINDOWS /D WIN32_LEAN_AND_MEAN /D OPENDDL_NO_USE_CPP11 /D ASSIMP_BUILD_NO_C4D_IMPORTER /D ASSIMP_IMPORTER_GLTF_USE_OPEN3DGC=1 /D ASSIMP_BUILD_DLL_EXPORT /D _SCL_SECURE_NO_WARNINGS /D _CRT_SECURE_NO_WARNINGS /D OPENDDLPARSER_BUILD /D "CMAKE_INTDIR=\"Debug\"" /D assimp_EXPORTS /D _WINDLL /D _MBCS /Gm- /EHsc /RTC1 /MDd /GS /fp:precise /Zc:wchar_t /Zc:forScope /GR /Fo"assimp.dir\Debug\\" /Fd"assimp.dir\Debug\vc120.pdb" /Gd /TP /wd4351 /errorReport:prompt  /bigobj "D:\lixiaoguang_works\Examples_lixiaoguang\OpenGL\assimp-4.1.0\code\IFCReaderGen1.cpp" "D:\lixiaoguang_works\Examples_lixiaoguang\OpenGL\assimp-4.1.0\code\IFCReaderGen2.cpp"
         IFCReaderGen1.cpp
         IFCReaderGen2.cpp
         C:\Program Files (x86)\Microsoft Visual Studio 12.0\VC\bin\x86_amd64\CL.exe /c /I"D:\lixiaoguang_works\Examples_lixiaoguang\OpenGL\assimp-4.1.0\." /I"D:\lixiaoguang_works\Examples_lixiaoguang\OpenGL\assimp-4.1.0\include" /I"D:\lixiaoguang_works\Examples_lixiaoguang\OpenGL\assimp-4.1.0\build" /I"D:\lixiaoguang_works\Examples_lixiaoguang\OpenGL\assimp-4.1.0\build\include" /I"D:\lixiaoguang_works\Examples_lixiaoguang\OpenGL\assimp-4.1.0\contrib\zlib" /I"D:\lixiaoguang_works\Examples_lixiaoguang\OpenGL\assimp-4.1.0\build\contrib\zlib" /I"D:\lixiaoguang_works\Examples_lixiaoguang\OpenGL\assimp-4.1.0\code\..\contrib\rapidjson\include" /I"D:\lixiaoguang_works\Examples_lixiaoguang\OpenGL\assimp-4.1.0\code\..\contrib" /I"D:\lixiaoguang_works\Examples_lixiaoguang\OpenGL\assimp-4.1.0\code\..\contrib\unzip" /I"D:\lixiaoguang_works\Examples_lixiaoguang\OpenGL\assimp-4.1.0\contrib\irrXML" /I"D:\lixiaoguang_works\Examples_lixiaoguang\OpenGL\assimp-4.1.0\code\..\contrib\openddlparser\include" /I"D:\lixiaoguang_works\Examples_lixiaoguang\OpenGL\assimp-4.1.0\code\.." /Zi /nologo /W3 /WX- /MP /Od /Ob0 /D WIN32 /D _WINDOWS /D WIN32_LEAN_AND_MEAN /D OPENDDL_NO_USE_CPP11 /D ASSIMP_BUILD_NO_C4D_IMPORTER /D ASSIMP_IMPORTER_GLTF_USE_OPEN3DGC=1 /D ASSIMP_BUILD_DLL_EXPORT /D _SCL_SECURE_NO_WARNINGS /D _CRT_SECURE_NO_WARNINGS /D OPENDDLPARSER_BUILD /D "CMAKE_INTDIR=\"Debug\"" /D assimp_EXPORTS /D _WINDLL /D _MBCS /Gm- /EHsc /RTC1 /MDd /GS /fp:precise /Zc:wchar_t /Zc:forScope /GR /Fo"assimp.dir\Debug\\" /Fd"assimp.dir\Debug\vc120.pdb" /Gd /TC /wd4351 /errorReport:prompt "D:\lixiaoguang_works\Examples_lixiaoguang\OpenGL\assimp-4.1.0\contrib\unzip\ioapi.c" "D:\lixiaoguang_works\Examples_lixiaoguang\OpenGL\assimp-4.1.0\contrib\unzip\unzip.c" "D:\lixiaoguang_works\Examples_lixiaoguang\OpenGL\assimp-4.1.0\contrib\zip\src\zip.c"
         ioapi.c
         unzip.c
         zip.c
     1>d:\lixiaoguang_works\examples_lixiaoguang\opengl\assimp-4.1.0\contrib\zip\src\miniz.h : warning C4819: The file contains a character that cannot be represented in the current code page (936). Save the file in Unicode format to prevent data loss (D:\lixiaoguang_works\Examples_lixiaoguang\OpenGL\assimp-4.1.0\contrib\zip\src\zip.c)
     1>d:\lixiaoguang_works\examples_lixiaoguang\opengl\assimp-4.1.0\contrib\zip\src\miniz.h(4430): warning C4700: uninitialized local variable 'level' used
       Link:
         C:\Program Files (x86)\Microsoft Visual Studio 12.0\VC\bin\x86_amd64\link.exe /ERRORREPORT:PROMPT /OUT:"D:\lixiaoguang_works\Examples_lixiaoguang\OpenGL\assimp-4.1.0\build\code\Debug\assimp-vc120-mt.dll" /INCREMENTAL /NOLOGO ..\contrib\zlib\Debug\zlibstaticd.lib ..\contrib\irrXML\Debug\IrrXML.lib kernel32.lib user32.lib gdi32.lib winspool.lib shell32.lib ole32.lib oleaut32.lib uuid.lib comdlg32.lib advapi32.lib /MANIFEST /MANIFESTUAC:"level='asInvoker' uiAccess='false'" /manifest:embed /DEBUG /PDB:"D:/lixiaoguang_works/Examples_lixiaoguang/OpenGL/assimp-4.1.0/build/code/Debug/assimp-vc120-mt.pdb" /SUBSYSTEM:CONSOLE /TLBID:1 /DYNAMICBASE /NXCOMPAT /IMPLIB:"D:/lixiaoguang_works/Examples_lixiaoguang/OpenGL/assimp-4.1.0/build/code/Debug/assimp-vc120-mt.lib" /MACHINE:X64  /machine:x64 /DLL assimp.dir\Debug\Assimp.obj
         assimp.dir\Debug\BaseImporter.obj
         assimp.dir\Debug\BaseProcess.obj
         assimp.dir\Debug\PostStepRegistry.obj
         assimp.dir\Debug\ImporterRegistry.obj
         assimp.dir\Debug\DefaultIOStream.obj
         assimp.dir\Debug\DefaultIOSystem.obj
         assimp.dir\Debug\CInterfaceIOWrapper.obj
         assimp.dir\Debug\Importer.obj
         assimp.dir\Debug\SGSpatialSort.obj
         assimp.dir\Debug\VertexTriangleAdjacency.obj
         assimp.dir\Debug\SpatialSort.obj
         assimp.dir\Debug\SceneCombiner.obj
         assimp.dir\Debug\ScenePreprocessor.obj
         assimp.dir\Debug\SkeletonMeshBuilder.obj
         assimp.dir\Debug\SplitByBoneCountProcess.obj
         assimp.dir\Debug\ScaleProcess.obj
         assimp.dir\Debug\StandardShapes.obj
         assimp.dir\Debug\TargetAnimation.obj
         assimp.dir\Debug\RemoveComments.obj
         assimp.dir\Debug\Subdivision.obj
         assimp.dir\Debug\scene.obj
         assimp.dir\Debug\Bitmap.obj
         assimp.dir\Debug\Version.obj
         assimp.dir\Debug\CreateAnimMesh.obj
         assimp.dir\Debug\DefaultLogger.obj
         assimp.dir\Debug\Exporter.obj
         assimp.dir\Debug\AssimpCExport.obj
         assimp.dir\Debug\CalcTangentsProcess.obj
         assimp.dir\Debug\ComputeUVMappingProcess.obj
         assimp.dir\Debug\ConvertToLHProcess.obj
         assimp.dir\Debug\FindDegenerates.obj
         assimp.dir\Debug\FindInstancesProcess.obj
         assimp.dir\Debug\FindInvalidDataProcess.obj
         assimp.dir\Debug\FixNormalsStep.obj
         assimp.dir\Debug\GenFaceNormalsProcess.obj
         assimp.dir\Debug\GenVertexNormalsProcess.obj
         assimp.dir\Debug\PretransformVertices.obj
         assimp.dir\Debug\ImproveCacheLocality.obj
         assimp.dir\Debug\JoinVerticesProcess.obj
         assimp.dir\Debug\LimitBoneWeightsProcess.obj
         assimp.dir\Debug\RemoveRedundantMaterials.obj
         assimp.dir\Debug\RemoveVCProcess.obj
         assimp.dir\Debug\SortByPTypeProcess.obj
         assimp.dir\Debug\SplitLargeMeshes.obj
         assimp.dir\Debug\TextureTransform.obj
         assimp.dir\Debug\TriangulateProcess.obj
         assimp.dir\Debug\ValidateDataStructure.obj
         assimp.dir\Debug\OptimizeGraph.obj
         assimp.dir\Debug\OptimizeMeshes.obj
         assimp.dir\Debug\DeboneProcess.obj
         assimp.dir\Debug\ProcessHelper.obj
         assimp.dir\Debug\MakeVerboseFormat.obj
         assimp.dir\Debug\MaterialSystem.obj
         assimp.dir\Debug\StepExporter.obj
         assimp.dir\Debug\AMFImporter.obj
         assimp.dir\Debug\AMFImporter_Geometry.obj
         assimp.dir\Debug\AMFImporter_Material.obj
         assimp.dir\Debug\AMFImporter_Postprocess.obj
         assimp.dir\Debug\3DSConverter.obj
         assimp.dir\Debug\3DSLoader.obj
         assimp.dir\Debug\3DSExporter.obj
         assimp.dir\Debug\ACLoader.obj
         assimp.dir\Debug\ASELoader.obj
         assimp.dir\Debug\ASEParser.obj
         assimp.dir\Debug\AssbinExporter.obj
         assimp.dir\Debug\AssbinLoader.obj
         assimp.dir\Debug\AssxmlExporter.obj
         assimp.dir\Debug\B3DImporter.obj
         assimp.dir\Debug\BVHLoader.obj
         assimp.dir\Debug\ColladaLoader.obj
         assimp.dir\Debug\ColladaParser.obj
         assimp.dir\Debug\ColladaExporter.obj
         assimp.dir\Debug\DXFLoader.obj
         assimp.dir\Debug\CSMLoader.obj
         assimp.dir\Debug\HMPLoader.obj
         assimp.dir\Debug\IRRMeshLoader.obj
         assimp.dir\Debug\IRRShared.obj
         assimp.dir\Debug\IRRLoader.obj
         assimp.dir\Debug\LWOAnimation.obj
         assimp.dir\Debug\LWOBLoader.obj
         assimp.dir\Debug\LWOLoader.obj
         assimp.dir\Debug\LWOMaterial.obj
         assimp.dir\Debug\LWSLoader.obj
         assimp.dir\Debug\MD2Loader.obj
         assimp.dir\Debug\MD3Loader.obj
         assimp.dir\Debug\MD5Loader.obj
         assimp.dir\Debug\MD5Parser.obj
         assimp.dir\Debug\MDCLoader.obj
         assimp.dir\Debug\MDLLoader.obj
         assimp.dir\Debug\MDLMaterialLoader.obj
         assimp.dir\Debug\NFFLoader.obj
         assimp.dir\Debug\NDOLoader.obj
         assimp.dir\Debug\OFFLoader.obj
         assimp.dir\Debug\ObjFileImporter.obj
         assimp.dir\Debug\ObjFileMtlImporter.obj
         assimp.dir\Debug\ObjFileParser.obj
         assimp.dir\Debug\ObjExporter.obj
         assimp.dir\Debug\OgreImporter.obj
         assimp.dir\Debug\OgreStructs.obj
         assimp.dir\Debug\OgreBinarySerializer.obj
         assimp.dir\Debug\OgreXmlSerializer.obj
         assimp.dir\Debug\OgreMaterial.obj
         assimp.dir\Debug\OpenGEXExporter.obj
         assimp.dir\Debug\OpenGEXImporter.obj
         assimp.dir\Debug\PlyLoader.obj
         assimp.dir\Debug\PlyParser.obj
         assimp.dir\Debug\PlyExporter.obj
         assimp.dir\Debug\MS3DLoader.obj
         assimp.dir\Debug\COBLoader.obj
         assimp.dir\Debug\BlenderLoader.obj
         assimp.dir\Debug\BlenderDNA.obj
         assimp.dir\Debug\BlenderScene.obj
         assimp.dir\Debug\BlenderModifier.obj
         assimp.dir\Debug\BlenderBMesh.obj
         assimp.dir\Debug\BlenderTessellator.obj
         assimp.dir\Debug\IFCLoader.obj
         assimp.dir\Debug\IFCReaderGen1.obj
         assimp.dir\Debug\IFCReaderGen2.obj
         assimp.dir\Debug\IFCUtil.obj
         assimp.dir\Debug\IFCGeometry.obj
         assimp.dir\Debug\IFCMaterial.obj
         assimp.dir\Debug\IFCProfile.obj
         assimp.dir\Debug\IFCCurve.obj
         assimp.dir\Debug\IFCBoolean.obj
         assimp.dir\Debug\IFCOpenings.obj
         assimp.dir\Debug\STEPFileReader.obj
         assimp.dir\Debug\STEPFileEncoding.obj
         assimp.dir\Debug\XGLLoader.obj
         assimp.dir\Debug\FBXImporter.obj
         assimp.dir\Debug\FBXParser.obj
         assimp.dir\Debug\FBXTokenizer.obj
         assimp.dir\Debug\FBXConverter.obj
         assimp.dir\Debug\FBXUtil.obj
         assimp.dir\Debug\FBXDocument.obj
         assimp.dir\Debug\FBXProperties.obj
         assimp.dir\Debug\FBXMeshGeometry.obj
         assimp.dir\Debug\FBXMaterial.obj
         assimp.dir\Debug\FBXModel.obj
         assimp.dir\Debug\FBXAnimation.obj
         assimp.dir\Debug\FBXNodeAttribute.obj
         assimp.dir\Debug\FBXDeformer.obj
         assimp.dir\Debug\FBXBinaryTokenizer.obj
         assimp.dir\Debug\FBXDocumentUtil.obj
         assimp.dir\Debug\Q3DLoader.obj
         assimp.dir\Debug\Q3BSPFileParser.obj
         assimp.dir\Debug\Q3BSPFileImporter.obj
         assimp.dir\Debug\Q3BSPZipArchive.obj
         assimp.dir\Debug\RawLoader.obj
         assimp.dir\Debug\SIBImporter.obj
         assimp.dir\Debug\SMDLoader.obj
         assimp.dir\Debug\STLLoader.obj
         assimp.dir\Debug\STLExporter.obj
         assimp.dir\Debug\TerragenLoader.obj
         assimp.dir\Debug\UnrealLoader.obj
         assimp.dir\Debug\XFileImporter.obj
         assimp.dir\Debug\XFileParser.obj
         assimp.dir\Debug\XFileExporter.obj
         assimp.dir\Debug\X3DExporter.obj
         assimp.dir\Debug\X3DImporter.obj
         assimp.dir\Debug\X3DImporter_Geometry2D.obj
         assimp.dir\Debug\X3DImporter_Geometry3D.obj
         assimp.dir\Debug\X3DImporter_Group.obj
         assimp.dir\Debug\X3DImporter_Light.obj
         assimp.dir\Debug\X3DImporter_Metadata.obj
         assimp.dir\Debug\X3DImporter_Networking.obj
         assimp.dir\Debug\X3DImporter_Postprocess.obj
         assimp.dir\Debug\X3DImporter_Rendering.obj
         assimp.dir\Debug\X3DImporter_Shape.obj
         assimp.dir\Debug\X3DImporter_Texturing.obj
         assimp.dir\Debug\FIReader.obj
         assimp.dir\Debug\X3DVocabulary.obj
         assimp.dir\Debug\glTFImporter.obj
         assimp.dir\Debug\glTFExporter.obj
         assimp.dir\Debug\glTF2Importer.obj
         assimp.dir\Debug\glTF2Exporter.obj
         assimp.dir\Debug\D3MFImporter.obj
         assimp.dir\Debug\D3MFExporter.obj
         assimp.dir\Debug\D3MFOpcPackage.obj
         assimp.dir\Debug\MMDImporter.obj
         assimp.dir\Debug\MMDPmxParser.obj
         assimp.dir\Debug\ioapi.obj
         assimp.dir\Debug\unzip.obj
         assimp.dir\Debug\shapes.obj
         assimp.dir\Debug\advancing_front.obj
         assimp.dir\Debug\cdt.obj
         assimp.dir\Debug\sweep.obj
         assimp.dir\Debug\sweep_context.obj
         assimp.dir\Debug\clipper.obj
         assimp.dir\Debug\OpenDDLParser.obj
         assimp.dir\Debug\DDLNode.obj
         assimp.dir\Debug\OpenDDLCommon.obj
         assimp.dir\Debug\OpenDDLExport.obj
         assimp.dir\Debug\Value.obj
         assimp.dir\Debug\OpenDDLStream.obj
         assimp.dir\Debug\o3dgcArithmeticCodec.obj
         assimp.dir\Debug\o3dgcDynamicVectorDecoder.obj
         assimp.dir\Debug\o3dgcDynamicVectorEncoder.obj
         assimp.dir\Debug\o3dgcTools.obj
         assimp.dir\Debug\o3dgcTriangleFans.obj
         assimp.dir\Debug\zip.obj
            Creating library D:/lixiaoguang_works/Examples_lixiaoguang/OpenGL/assimp-4.1.0/build/code/Debug/assimp-vc120-mt.lib and object D:/lixiaoguang_works/Examples_lixiaoguang/OpenGL/assimp-4.1.0/build/code/Debug/assimp-vc120-mt.exp
         assimp.vcxproj -> D:\lixiaoguang_works\Examples_lixiaoguang\OpenGL\assimp-4.1.0\build\code\Debug\assimp-vc120-mt.dll
     1>Done Building Project "D:\lixiaoguang_works\Examples_lixiaoguang\OpenGL\assimp-4.1.0\build\code\assimp.vcxproj" (Rebuild target(s)).

Build succeeded.

Time Elapsed 00:01:00.64
