d:\lixiaoguang_works\examples_lixiaoguang\opengl\glfw-3.2.1\build\examples\splitview.dir\debug\vc120.pdb
d:\lixiaoguang_works\examples_lixiaoguang\opengl\glfw-3.2.1\build\examples\splitview.dir\debug\glad.obj
d:\lixiaoguang_works\examples_lixiaoguang\opengl\glfw-3.2.1\build\examples\splitview.dir\debug\splitview.obj
d:\lixiaoguang_works\examples_lixiaoguang\opengl\glfw-3.2.1\build\examples\cmakefiles\generate.stamp
d:\lixiaoguang_works\examples_lixiaoguang\opengl\glfw-3.2.1\build\examples\debug\splitview.ilk
d:\lixiaoguang_works\examples_lixiaoguang\opengl\glfw-3.2.1\build\examples\debug\splitview.exe
d:\lixiaoguang_works\examples_lixiaoguang\opengl\glfw-3.2.1\build\examples\debug\splitview.pdb
d:\lixiaoguang_works\examples_lixiaoguang\opengl\glfw-3.2.1\build\examples\splitview.dir\debug\glfw.res
d:\lixiaoguang_works\examples_lixiaoguang\opengl\glfw-3.2.1\build\examples\splitview.dir\debug\splitview.tlog\cl.command.1.tlog
d:\lixiaoguang_works\examples_lixiaoguang\opengl\glfw-3.2.1\build\examples\splitview.dir\debug\splitview.tlog\cl.read.1.tlog
d:\lixiaoguang_works\examples_lixiaoguang\opengl\glfw-3.2.1\build\examples\splitview.dir\debug\splitview.tlog\cl.write.1.tlog
d:\lixiaoguang_works\examples_lixiaoguang\opengl\glfw-3.2.1\build\examples\splitview.dir\debug\splitview.tlog\custombuild.command.1.tlog
d:\lixiaoguang_works\examples_lixiaoguang\opengl\glfw-3.2.1\build\examples\splitview.dir\debug\splitview.tlog\custombuild.read.1.tlog
d:\lixiaoguang_works\examples_lixiaoguang\opengl\glfw-3.2.1\build\examples\splitview.dir\debug\splitview.tlog\custombuild.write.1.tlog
d:\lixiaoguang_works\examples_lixiaoguang\opengl\glfw-3.2.1\build\examples\splitview.dir\debug\splitview.tlog\link.command.1.tlog
d:\lixiaoguang_works\examples_lixiaoguang\opengl\glfw-3.2.1\build\examples\splitview.dir\debug\splitview.tlog\link.read.1.tlog
d:\lixiaoguang_works\examples_lixiaoguang\opengl\glfw-3.2.1\build\examples\splitview.dir\debug\splitview.tlog\link.write.1.tlog
d:\lixiaoguang_works\examples_lixiaoguang\opengl\glfw-3.2.1\build\examples\splitview.dir\debug\splitview.tlog\rc.command.1.tlog
d:\lixiaoguang_works\examples_lixiaoguang\opengl\glfw-3.2.1\build\examples\splitview.dir\debug\splitview.tlog\rc.read.1.tlog
d:\lixiaoguang_works\examples_lixiaoguang\opengl\glfw-3.2.1\build\examples\splitview.dir\debug\splitview.tlog\rc.write.1.tlog
