d:\lixiaoguang_works\examples_lixiaoguang\opengl\assimp-4.1.0\build\tools\assimp_cmd\assimp_cmd.dir\debug\info.obj
d:\lixiaoguang_works\examples_lixiaoguang\opengl\assimp-4.1.0\build\tools\assimp_cmd\assimp_cmd.dir\debug\comparedump.obj
d:\lixiaoguang_works\examples_lixiaoguang\opengl\assimp-4.1.0\build\tools\assimp_cmd\assimp_cmd.dir\debug\export.obj
d:\lixiaoguang_works\examples_lixiaoguang\opengl\assimp-4.1.0\build\tools\assimp_cmd\assimp_cmd.dir\debug\main.obj
d:\lixiaoguang_works\examples_lixiaoguang\opengl\assimp-4.1.0\build\tools\assimp_cmd\assimp_cmd.dir\debug\writedumb.obj
d:\lixiaoguang_works\examples_lixiaoguang\opengl\assimp-4.1.0\build\tools\assimp_cmd\assimp_cmd.dir\debug\imageextractor.obj
d:\lixiaoguang_works\examples_lixiaoguang\opengl\assimp-4.1.0\build\tools\assimp_cmd\assimp_cmd.dir\debug\vc120.pdb
d:\lixiaoguang_works\examples_lixiaoguang\opengl\assimp-4.1.0\build\tools\assimp_cmd\cmakefiles\generate.stamp
d:\lixiaoguang_works\examples_lixiaoguang\opengl\assimp-4.1.0\build\tools\assimp_cmd\debug\assimp.ilk
d:\lixiaoguang_works\examples_lixiaoguang\opengl\assimp-4.1.0\build\tools\assimp_cmd\debug\assimp.exe
d:\lixiaoguang_works\examples_lixiaoguang\opengl\assimp-4.1.0\build\tools\assimp_cmd\debug\assimp.pdb
d:\lixiaoguang_works\examples_lixiaoguang\opengl\assimp-4.1.0\build\tools\assimp_cmd\assimp_cmd.dir\debug\assimp_cmd.res
d:\lixiaoguang_works\examples_lixiaoguang\opengl\assimp-4.1.0\build\tools\assimp_cmd\assimp_cmd.dir\debug\assimp_cmd.tlog\cl.command.1.tlog
d:\lixiaoguang_works\examples_lixiaoguang\opengl\assimp-4.1.0\build\tools\assimp_cmd\assimp_cmd.dir\debug\assimp_cmd.tlog\cl.read.1.tlog
d:\lixiaoguang_works\examples_lixiaoguang\opengl\assimp-4.1.0\build\tools\assimp_cmd\assimp_cmd.dir\debug\assimp_cmd.tlog\cl.write.1.tlog
d:\lixiaoguang_works\examples_lixiaoguang\opengl\assimp-4.1.0\build\tools\assimp_cmd\assimp_cmd.dir\debug\assimp_cmd.tlog\custombuild.command.1.tlog
d:\lixiaoguang_works\examples_lixiaoguang\opengl\assimp-4.1.0\build\tools\assimp_cmd\assimp_cmd.dir\debug\assimp_cmd.tlog\custombuild.read.1.tlog
d:\lixiaoguang_works\examples_lixiaoguang\opengl\assimp-4.1.0\build\tools\assimp_cmd\assimp_cmd.dir\debug\assimp_cmd.tlog\custombuild.write.1.tlog
d:\lixiaoguang_works\examples_lixiaoguang\opengl\assimp-4.1.0\build\tools\assimp_cmd\assimp_cmd.dir\debug\assimp_cmd.tlog\link.command.1.tlog
d:\lixiaoguang_works\examples_lixiaoguang\opengl\assimp-4.1.0\build\tools\assimp_cmd\assimp_cmd.dir\debug\assimp_cmd.tlog\link.read.1.tlog
d:\lixiaoguang_works\examples_lixiaoguang\opengl\assimp-4.1.0\build\tools\assimp_cmd\assimp_cmd.dir\debug\assimp_cmd.tlog\link.write.1.tlog
d:\lixiaoguang_works\examples_lixiaoguang\opengl\assimp-4.1.0\build\tools\assimp_cmd\assimp_cmd.dir\debug\assimp_cmd.tlog\rc.command.1.tlog
d:\lixiaoguang_works\examples_lixiaoguang\opengl\assimp-4.1.0\build\tools\assimp_cmd\assimp_cmd.dir\debug\assimp_cmd.tlog\rc.read.1.tlog
d:\lixiaoguang_works\examples_lixiaoguang\opengl\assimp-4.1.0\build\tools\assimp_cmd\assimp_cmd.dir\debug\assimp_cmd.tlog\rc.write.1.tlog
