d:\lixiaoguang_works\examples_lixiaoguang\opengl\assimp-4.1.0\build\contrib\zlib\zlibstatic.dir\debug\compress.obj
d:\lixiaoguang_works\examples_lixiaoguang\opengl\assimp-4.1.0\build\contrib\zlib\zlibstatic.dir\debug\infback.obj
d:\lixiaoguang_works\examples_lixiaoguang\opengl\assimp-4.1.0\build\contrib\zlib\zlibstatic.dir\debug\gzlib.obj
d:\lixiaoguang_works\examples_lixiaoguang\opengl\assimp-4.1.0\build\contrib\zlib\zlibstatic.dir\debug\trees.obj
d:\lixiaoguang_works\examples_lixiaoguang\opengl\assimp-4.1.0\build\contrib\zlib\zlibstatic.dir\debug\gzclose.obj
d:\lixiaoguang_works\examples_lixiaoguang\opengl\assimp-4.1.0\build\contrib\zlib\zlibstatic.dir\debug\inffast.obj
d:\lixiaoguang_works\examples_lixiaoguang\opengl\assimp-4.1.0\build\contrib\zlib\zlibstatic.dir\debug\gzread.obj
d:\lixiaoguang_works\examples_lixiaoguang\opengl\assimp-4.1.0\build\contrib\zlib\zlibstatic.dir\debug\zutil.obj
d:\lixiaoguang_works\examples_lixiaoguang\opengl\assimp-4.1.0\build\contrib\zlib\zlibstatic.dir\debug\gzwrite.obj
d:\lixiaoguang_works\examples_lixiaoguang\opengl\assimp-4.1.0\build\contrib\zlib\zlibstatic.dir\debug\crc32.obj
d:\lixiaoguang_works\examples_lixiaoguang\opengl\assimp-4.1.0\build\contrib\zlib\zlibstatic.dir\debug\inftrees.obj
d:\lixiaoguang_works\examples_lixiaoguang\opengl\assimp-4.1.0\build\contrib\zlib\zlibstatic.dir\debug\uncompr.obj
d:\lixiaoguang_works\examples_lixiaoguang\opengl\assimp-4.1.0\build\contrib\zlib\zlibstatic.dir\debug\deflate.obj
d:\lixiaoguang_works\examples_lixiaoguang\opengl\assimp-4.1.0\build\contrib\zlib\zlibstatic.dir\debug\adler32.obj
d:\lixiaoguang_works\examples_lixiaoguang\opengl\assimp-4.1.0\build\contrib\zlib\zlibstatic.dir\debug\inflate.obj
d:\lixiaoguang_works\examples_lixiaoguang\opengl\assimp-4.1.0\build\contrib\zlib\zlibstatic.dir\debug\vc120.pdb
d:\lixiaoguang_works\examples_lixiaoguang\opengl\assimp-4.1.0\build\contrib\zlib\cmakefiles\generate.stamp
d:\lixiaoguang_works\examples_lixiaoguang\opengl\assimp-4.1.0\build\contrib\zlib\debug\zlibstaticd.lib
d:\lixiaoguang_works\examples_lixiaoguang\opengl\assimp-4.1.0\build\contrib\zlib\zlibstatic.dir\debug\zlibstatic.tlog\cl.command.1.tlog
d:\lixiaoguang_works\examples_lixiaoguang\opengl\assimp-4.1.0\build\contrib\zlib\zlibstatic.dir\debug\zlibstatic.tlog\cl.read.1.tlog
d:\lixiaoguang_works\examples_lixiaoguang\opengl\assimp-4.1.0\build\contrib\zlib\zlibstatic.dir\debug\zlibstatic.tlog\cl.write.1.tlog
d:\lixiaoguang_works\examples_lixiaoguang\opengl\assimp-4.1.0\build\contrib\zlib\zlibstatic.dir\debug\zlibstatic.tlog\custombuild.command.1.tlog
d:\lixiaoguang_works\examples_lixiaoguang\opengl\assimp-4.1.0\build\contrib\zlib\zlibstatic.dir\debug\zlibstatic.tlog\custombuild.read.1.tlog
d:\lixiaoguang_works\examples_lixiaoguang\opengl\assimp-4.1.0\build\contrib\zlib\zlibstatic.dir\debug\zlibstatic.tlog\custombuild.write.1.tlog
d:\lixiaoguang_works\examples_lixiaoguang\opengl\assimp-4.1.0\build\contrib\zlib\zlibstatic.dir\debug\zlibstatic.tlog\lib-link.read.1.tlog
d:\lixiaoguang_works\examples_lixiaoguang\opengl\assimp-4.1.0\build\contrib\zlib\zlibstatic.dir\debug\zlibstatic.tlog\lib-link.write.1.tlog
d:\lixiaoguang_works\examples_lixiaoguang\opengl\assimp-4.1.0\build\contrib\zlib\zlibstatic.dir\debug\zlibstatic.tlog\lib.command.1.tlog
