d:\lixiaoguang_works\examples_lixiaoguang\opengl\glfw-3.2.1\build\examples\particles.dir\debug\vc120.pdb
d:\lixiaoguang_works\examples_lixiaoguang\opengl\glfw-3.2.1\build\examples\particles.dir\debug\glad.obj
d:\lixiaoguang_works\examples_lixiaoguang\opengl\glfw-3.2.1\build\examples\particles.dir\debug\getopt.obj
d:\lixiaoguang_works\examples_lixiaoguang\opengl\glfw-3.2.1\build\examples\particles.dir\debug\tinycthread.obj
d:\lixiaoguang_works\examples_lixiaoguang\opengl\glfw-3.2.1\build\examples\particles.dir\debug\particles.obj
d:\lixiaoguang_works\examples_lixiaoguang\opengl\glfw-3.2.1\build\examples\cmakefiles\generate.stamp
d:\lixiaoguang_works\examples_lixiaoguang\opengl\glfw-3.2.1\build\examples\debug\particles.ilk
d:\lixiaoguang_works\examples_lixiaoguang\opengl\glfw-3.2.1\build\examples\debug\particles.exe
d:\lixiaoguang_works\examples_lixiaoguang\opengl\glfw-3.2.1\build\examples\debug\particles.pdb
d:\lixiaoguang_works\examples_lixiaoguang\opengl\glfw-3.2.1\build\examples\particles.dir\debug\glfw.res
d:\lixiaoguang_works\examples_lixiaoguang\opengl\glfw-3.2.1\build\examples\particles.dir\debug\particles.tlog\cl.command.1.tlog
d:\lixiaoguang_works\examples_lixiaoguang\opengl\glfw-3.2.1\build\examples\particles.dir\debug\particles.tlog\cl.read.1.tlog
d:\lixiaoguang_works\examples_lixiaoguang\opengl\glfw-3.2.1\build\examples\particles.dir\debug\particles.tlog\cl.write.1.tlog
d:\lixiaoguang_works\examples_lixiaoguang\opengl\glfw-3.2.1\build\examples\particles.dir\debug\particles.tlog\custombuild.command.1.tlog
d:\lixiaoguang_works\examples_lixiaoguang\opengl\glfw-3.2.1\build\examples\particles.dir\debug\particles.tlog\custombuild.read.1.tlog
d:\lixiaoguang_works\examples_lixiaoguang\opengl\glfw-3.2.1\build\examples\particles.dir\debug\particles.tlog\custombuild.write.1.tlog
d:\lixiaoguang_works\examples_lixiaoguang\opengl\glfw-3.2.1\build\examples\particles.dir\debug\particles.tlog\link.command.1.tlog
d:\lixiaoguang_works\examples_lixiaoguang\opengl\glfw-3.2.1\build\examples\particles.dir\debug\particles.tlog\link.read.1.tlog
d:\lixiaoguang_works\examples_lixiaoguang\opengl\glfw-3.2.1\build\examples\particles.dir\debug\particles.tlog\link.write.1.tlog
d:\lixiaoguang_works\examples_lixiaoguang\opengl\glfw-3.2.1\build\examples\particles.dir\debug\particles.tlog\rc.command.1.tlog
d:\lixiaoguang_works\examples_lixiaoguang\opengl\glfw-3.2.1\build\examples\particles.dir\debug\particles.tlog\rc.read.1.tlog
d:\lixiaoguang_works\examples_lixiaoguang\opengl\glfw-3.2.1\build\examples\particles.dir\debug\particles.tlog\rc.write.1.tlog
