d:\lixiaoguang_works\ogl-master\build\tutorial16_shadowmaps.dir\debug\texture.obj
d:\lixiaoguang_works\ogl-master\build\tutorial16_shadowmaps.dir\debug\shader.obj
d:\lixiaoguang_works\ogl-master\build\tutorial16_shadowmaps.dir\debug\controls.obj
d:\lixiaoguang_works\ogl-master\build\tutorial16_shadowmaps.dir\debug\tutorial16.obj
d:\lixiaoguang_works\ogl-master\build\tutorial16_shadowmaps.dir\debug\objloader.obj
d:\lixiaoguang_works\ogl-master\build\tutorial16_shadowmaps.dir\debug\vboindexer.obj
d:\lixiaoguang_works\ogl-master\build\tutorial16_shadowmaps.dir\debug\vc120.pdb
d:\lixiaoguang_works\ogl-master\build\cmakefiles\generate.stamp
d:\lixiaoguang_works\ogl-master\build\debug\tutorial16_shadowmaps.ilk
d:\lixiaoguang_works\ogl-master\build\debug\tutorial16_shadowmaps.exe
d:\lixiaoguang_works\ogl-master\build\debug\tutorial16_shadowmaps.pdb
d:\lixiaoguang_works\ogl-master\build\tutorial16_shadowmaps.dir\debug\tutorial.90dabcc3.tlog\cl.command.1.tlog
d:\lixiaoguang_works\ogl-master\build\tutorial16_shadowmaps.dir\debug\tutorial.90dabcc3.tlog\cl.read.1.tlog
d:\lixiaoguang_works\ogl-master\build\tutorial16_shadowmaps.dir\debug\tutorial.90dabcc3.tlog\cl.write.1.tlog
d:\lixiaoguang_works\ogl-master\build\tutorial16_shadowmaps.dir\debug\tutorial.90dabcc3.tlog\custombuild.command.1.tlog
d:\lixiaoguang_works\ogl-master\build\tutorial16_shadowmaps.dir\debug\tutorial.90dabcc3.tlog\custombuild.read.1.tlog
d:\lixiaoguang_works\ogl-master\build\tutorial16_shadowmaps.dir\debug\tutorial.90dabcc3.tlog\custombuild.write.1.tlog
d:\lixiaoguang_works\ogl-master\build\tutorial16_shadowmaps.dir\debug\tutorial.90dabcc3.tlog\link.command.1.tlog
d:\lixiaoguang_works\ogl-master\build\tutorial16_shadowmaps.dir\debug\tutorial.90dabcc3.tlog\link.read.1.tlog
d:\lixiaoguang_works\ogl-master\build\tutorial16_shadowmaps.dir\debug\tutorial.90dabcc3.tlog\link.write.1.tlog
