d:\lixiaoguang_works\examples_lixiaoguang\opengl\glfw-3.2.1\build\src\glfw.dir\debug\vc120.pdb
d:\lixiaoguang_works\examples_lixiaoguang\opengl\glfw-3.2.1\build\src\glfw.dir\debug\egl_context.obj
d:\lixiaoguang_works\examples_lixiaoguang\opengl\glfw-3.2.1\build\src\glfw.dir\debug\wgl_context.obj
d:\lixiaoguang_works\examples_lixiaoguang\opengl\glfw-3.2.1\build\src\glfw.dir\debug\win32_window.obj
d:\lixiaoguang_works\examples_lixiaoguang\opengl\glfw-3.2.1\build\src\glfw.dir\debug\win32_tls.obj
d:\lixiaoguang_works\examples_lixiaoguang\opengl\glfw-3.2.1\build\src\glfw.dir\debug\win32_time.obj
d:\lixiaoguang_works\examples_lixiaoguang\opengl\glfw-3.2.1\build\src\glfw.dir\debug\win32_monitor.obj
d:\lixiaoguang_works\examples_lixiaoguang\opengl\glfw-3.2.1\build\src\glfw.dir\debug\win32_joystick.obj
d:\lixiaoguang_works\examples_lixiaoguang\opengl\glfw-3.2.1\build\src\glfw.dir\debug\win32_init.obj
d:\lixiaoguang_works\examples_lixiaoguang\opengl\glfw-3.2.1\build\src\glfw.dir\debug\window.obj
d:\lixiaoguang_works\examples_lixiaoguang\opengl\glfw-3.2.1\build\src\glfw.dir\debug\vulkan.obj
d:\lixiaoguang_works\examples_lixiaoguang\opengl\glfw-3.2.1\build\src\glfw.dir\debug\monitor.obj
d:\lixiaoguang_works\examples_lixiaoguang\opengl\glfw-3.2.1\build\src\glfw.dir\debug\input.obj
d:\lixiaoguang_works\examples_lixiaoguang\opengl\glfw-3.2.1\build\src\glfw.dir\debug\init.obj
d:\lixiaoguang_works\examples_lixiaoguang\opengl\glfw-3.2.1\build\src\glfw.dir\debug\context.obj
d:\lixiaoguang_works\examples_lixiaoguang\opengl\glfw-3.2.1\build\src\cmakefiles\generate.stamp
d:\lixiaoguang_works\examples_lixiaoguang\opengl\glfw-3.2.1\build\src\debug\glfw3.lib
d:\lixiaoguang_works\examples_lixiaoguang\opengl\glfw-3.2.1\build\src\glfw.dir\debug\glfw.tlog\cl.command.1.tlog
d:\lixiaoguang_works\examples_lixiaoguang\opengl\glfw-3.2.1\build\src\glfw.dir\debug\glfw.tlog\cl.read.1.tlog
d:\lixiaoguang_works\examples_lixiaoguang\opengl\glfw-3.2.1\build\src\glfw.dir\debug\glfw.tlog\cl.write.1.tlog
d:\lixiaoguang_works\examples_lixiaoguang\opengl\glfw-3.2.1\build\src\glfw.dir\debug\glfw.tlog\custombuild.command.1.tlog
d:\lixiaoguang_works\examples_lixiaoguang\opengl\glfw-3.2.1\build\src\glfw.dir\debug\glfw.tlog\custombuild.read.1.tlog
d:\lixiaoguang_works\examples_lixiaoguang\opengl\glfw-3.2.1\build\src\glfw.dir\debug\glfw.tlog\custombuild.write.1.tlog
d:\lixiaoguang_works\examples_lixiaoguang\opengl\glfw-3.2.1\build\src\glfw.dir\debug\glfw.tlog\lib-link.read.1.tlog
d:\lixiaoguang_works\examples_lixiaoguang\opengl\glfw-3.2.1\build\src\glfw.dir\debug\glfw.tlog\lib-link.write.1.tlog
d:\lixiaoguang_works\examples_lixiaoguang\opengl\glfw-3.2.1\build\src\glfw.dir\debug\glfw.tlog\lib.command.1.tlog
