d:\br_solutions\beamforming_solutions\gitrepository\winsock\iocp\udp_iocpdemo\iocpdemo\debug\iocpdemo.pch
d:\br_solutions\beamforming_solutions\gitrepository\winsock\iocp\udp_iocpdemo\iocpdemo\debug\vc120.pdb
d:\br_solutions\beamforming_solutions\gitrepository\winsock\iocp\udp_iocpdemo\iocpdemo\debug\vc120.idb
d:\br_solutions\beamforming_solutions\gitrepository\winsock\iocp\udp_iocpdemo\iocpdemo\debug\stdafx.obj
d:\br_solutions\beamforming_solutions\gitrepository\winsock\iocp\udp_iocpdemo\iocpdemo\debug\iocpdemo.obj
d:\br_solutions\beamforming_solutions\gitrepository\winsock\iocp\udp_iocpdemo\iocpdemo\debug\iocpdemodlg.obj
d:\br_solutions\beamforming_solutions\gitrepository\winsock\iocp\udp_iocpdemo\iocpdemo\debug\ithread.obj
d:\br_solutions\beamforming_solutions\gitrepository\winsock\iocp\udp_iocpdemo\iocpdemo\debug\myiocp.obj
d:\br_solutions\beamforming_solutions\gitrepository\winsock\iocp\udp_iocpdemo\debug\iocpdemo.ilk
d:\br_solutions\beamforming_solutions\gitrepository\winsock\iocp\udp_iocpdemo\debug\iocpdemo.exe
d:\br_solutions\beamforming_solutions\gitrepository\winsock\iocp\udp_iocpdemo\debug\iocpdemo.pdb
d:\br_solutions\beamforming_solutions\gitrepository\winsock\iocp\udp_iocpdemo\iocpdemo\debug\iocpdemo.res
d:\br_solutions\beamforming_solutions\gitrepository\winsock\iocp\udp_iocpdemo\iocpdemo\debug\iocpdemo.tlog\cl.command.1.tlog
d:\br_solutions\beamforming_solutions\gitrepository\winsock\iocp\udp_iocpdemo\iocpdemo\debug\iocpdemo.tlog\cl.read.1.tlog
d:\br_solutions\beamforming_solutions\gitrepository\winsock\iocp\udp_iocpdemo\iocpdemo\debug\iocpdemo.tlog\cl.write.1.tlog
d:\br_solutions\beamforming_solutions\gitrepository\winsock\iocp\udp_iocpdemo\iocpdemo\debug\iocpdemo.tlog\link.command.1.tlog
d:\br_solutions\beamforming_solutions\gitrepository\winsock\iocp\udp_iocpdemo\iocpdemo\debug\iocpdemo.tlog\link.read.1.tlog
d:\br_solutions\beamforming_solutions\gitrepository\winsock\iocp\udp_iocpdemo\iocpdemo\debug\iocpdemo.tlog\link.write.1.tlog
d:\br_solutions\beamforming_solutions\gitrepository\winsock\iocp\udp_iocpdemo\iocpdemo\debug\iocpdemo.tlog\rc.command.1.tlog
d:\br_solutions\beamforming_solutions\gitrepository\winsock\iocp\udp_iocpdemo\iocpdemo\debug\iocpdemo.tlog\rc.read.1.tlog
d:\br_solutions\beamforming_solutions\gitrepository\winsock\iocp\udp_iocpdemo\iocpdemo\debug\iocpdemo.tlog\rc.write.1.tlog
