d:\br_solutions\beamforming_solutions\gitrepository\winsock\iocp\a simple application using io completion ports and winsock\serveriocp\debug\serveriocp.bsc
d:\br_solutions\beamforming_solutions\gitrepository\winsock\iocp\a simple application using io completion ports and winsock\serveriocp\debug\serveriocp.pch
d:\br_solutions\beamforming_solutions\gitrepository\winsock\iocp\a simple application using io completion ports and winsock\serveriocp\debug\vc120.pdb
d:\br_solutions\beamforming_solutions\gitrepository\winsock\iocp\a simple application using io completion ports and winsock\serveriocp\debug\vc120.idb
d:\br_solutions\beamforming_solutions\gitrepository\winsock\iocp\a simple application using io completion ports and winsock\serveriocp\debug\stdafx.sbr
d:\br_solutions\beamforming_solutions\gitrepository\winsock\iocp\a simple application using io completion ports and winsock\serveriocp\debug\stdafx.obj
d:\br_solutions\beamforming_solutions\gitrepository\winsock\iocp\a simple application using io completion ports and winsock\serveriocp\debug\serveriocp.sbr
d:\br_solutions\beamforming_solutions\gitrepository\winsock\iocp\a simple application using io completion ports and winsock\serveriocp\debug\serveriocp.obj
d:\br_solutions\beamforming_solutions\gitrepository\winsock\iocp\a simple application using io completion ports and winsock\serveriocp\debug\serveriocp.ilk
d:\br_solutions\beamforming_solutions\gitrepository\winsock\iocp\a simple application using io completion ports and winsock\serveriocp\debug\serveriocp.exe
d:\br_solutions\beamforming_solutions\gitrepository\winsock\iocp\a simple application using io completion ports and winsock\serveriocp\debug\serveriocp.pdb
d:\br_solutions\beamforming_solutions\gitrepository\winsock\iocp\a simple application using io completion ports and winsock\serveriocp\.\debug\serveriocp.exe
d:\br_solutions\beamforming_solutions\gitrepository\winsock\iocp\a simple application using io completion ports and winsock\serveriocp\debug\serveriocp.tlog\bscmake.command.1.tlog
d:\br_solutions\beamforming_solutions\gitrepository\winsock\iocp\a simple application using io completion ports and winsock\serveriocp\debug\serveriocp.tlog\bscmake.read.1.tlog
d:\br_solutions\beamforming_solutions\gitrepository\winsock\iocp\a simple application using io completion ports and winsock\serveriocp\debug\serveriocp.tlog\bscmake.write.1.tlog
d:\br_solutions\beamforming_solutions\gitrepository\winsock\iocp\a simple application using io completion ports and winsock\serveriocp\debug\serveriocp.tlog\cl.command.1.tlog
d:\br_solutions\beamforming_solutions\gitrepository\winsock\iocp\a simple application using io completion ports and winsock\serveriocp\debug\serveriocp.tlog\cl.read.1.tlog
d:\br_solutions\beamforming_solutions\gitrepository\winsock\iocp\a simple application using io completion ports and winsock\serveriocp\debug\serveriocp.tlog\cl.write.1.tlog
d:\br_solutions\beamforming_solutions\gitrepository\winsock\iocp\a simple application using io completion ports and winsock\serveriocp\debug\serveriocp.tlog\link.command.1.tlog
d:\br_solutions\beamforming_solutions\gitrepository\winsock\iocp\a simple application using io completion ports and winsock\serveriocp\debug\serveriocp.tlog\link.read.1.tlog
d:\br_solutions\beamforming_solutions\gitrepository\winsock\iocp\a simple application using io completion ports and winsock\serveriocp\debug\serveriocp.tlog\link.write.1.tlog
