Build started 2018/3/13 15:22:05.
     1>Project "D:\lixiaoguang_works\Examples_lixiaoguang\OpenGL\ogl-master\build\tutorial13_normal_mapping.vcxproj" on node 3 (Rebuild target(s)).
     1>CustomBuild:
         Building Custom Rule D:/lixiaoguang_works/Examples_lixiaoguang/OpenGL/ogl-master/CMakeLists.txt
         CMake does not need to re-run because D:/lixiaoguang_works/Examples_lixiaoguang/OpenGL/ogl-master/build/CMakeFiles/generate.stamp is up-to-date.
       ClCompile:
         C:\Program Files (x86)\Microsoft Visual Studio 12.0\VC\bin\x86_amd64\CL.exe /c /I"D:\lixiaoguang_works\Examples_lixiaoguang\OpenGL\ogl-master\external\AntTweakBar-1.16\include" /I"D:\lixiaoguang_works\Examples_lixiaoguang\OpenGL\ogl-master\external\glfw-3.1.2\include\GLFW" /I"D:\lixiaoguang_works\Examples_lixiaoguang\OpenGL\ogl-master\external\glm-0.9.7.1" /I"D:\lixiaoguang_works\Examples_lixiaoguang\OpenGL\ogl-master\external\glew-1.13.0\include" /I"D:\lixiaoguang_works\Examples_lixiaoguang\OpenGL\ogl-master\external\assimp-3.0.1270\include" /I"D:\lixiaoguang_works\Examples_lixiaoguang\OpenGL\ogl-master\external\bullet-2.81-rev2613\src" /I"D:\lixiaoguang_works\Examples_lixiaoguang\OpenGL\ogl-master\." /nologo /W3 /WX- /MP /O2 /Ob2 /D WIN32 /D _WINDOWS /D NDEBUG /D TW_STATIC /D TW_NO_LIB_PRAGMA /D TW_NO_DIRECT3D /D GLEW_STATIC /D _CRT_SECURE_NO_WARNINGS /D "CMAKE_INTDIR=\"Release\"" /D _MBCS /Gm- /EHsc /MD /GS /fp:precise /Zc:wchar_t /Zc:forScope /GR /Fo"tutorial13_normal_mapping.dir\Release\\" /Fd"tutorial13_normal_mapping.dir\Release\vc120.pdb" /Gd /TP /errorReport:prompt "D:\lixiaoguang_works\Examples_lixiaoguang\OpenGL\ogl-master\tutorial13_normal_mapping\tutorial13.cpp" "D:\lixiaoguang_works\Examples_lixiaoguang\OpenGL\ogl-master\common\shader.cpp" "D:\lixiaoguang_works\Examples_lixiaoguang\OpenGL\ogl-master\common\controls.cpp" "D:\lixiaoguang_works\Examples_lixiaoguang\OpenGL\ogl-master\common\texture.cpp" "D:\lixiaoguang_works\Examples_lixiaoguang\OpenGL\ogl-master\common\objloader.cpp" "D:\lixiaoguang_works\Examples_lixiaoguang\OpenGL\ogl-master\common\vboindexer.cpp" "D:\lixiaoguang_works\Examples_lixiaoguang\OpenGL\ogl-master\common\text2D.cpp" "D:\lixiaoguang_works\Examples_lixiaoguang\OpenGL\ogl-master\common\tangentspace.cpp"
         tutorial13.cpp
         shader.cpp
         controls.cpp
         texture.cpp
         objloader.cpp
         vboindexer.cpp
         text2D.cpp
         tangentspace.cpp
     1>D:\lixiaoguang_works\Examples_lixiaoguang\OpenGL\ogl-master\tutorial13_normal_mapping\tutorial13.cpp(296): warning C4267: 'argument' : conversion from 'size_t' to 'GLsizei', possible loss of data
     1>D:\lixiaoguang_works\Examples_lixiaoguang\OpenGL\ogl-master\common\text2D.cpp(40): warning C4267: 'initializing' : conversion from 'size_t' to 'unsigned int', possible loss of data
     1>D:\lixiaoguang_works\Examples_lixiaoguang\OpenGL\ogl-master\common\text2D.cpp(104): warning C4267: 'argument' : conversion from 'size_t' to 'GLsizei', possible loss of data
       Link:
         C:\Program Files (x86)\Microsoft Visual Studio 12.0\VC\bin\x86_amd64\link.exe /ERRORREPORT:PROMPT /OUT:"D:\lixiaoguang_works\Examples_lixiaoguang\OpenGL\ogl-master\build\Release\tutorial13_normal_mapping.exe" /INCREMENTAL:NO /NOLOGO opengl32.lib glu32.lib "external\glfw-3.1.2\src\Release\glfw3.lib" external\Release\GLEW_1130.lib opengl32.lib glu32.lib kernel32.lib user32.lib gdi32.lib winspool.lib shell32.lib ole32.lib oleaut32.lib uuid.lib comdlg32.lib advapi32.lib /MANIFEST /MANIFESTUAC:"level='asInvoker' uiAccess='false'" /manifest:embed /PDB:"D:/lixiaoguang_works/Examples_lixiaoguang/OpenGL/ogl-master/build/Release/tutorial13_normal_mapping.pdb" /SUBSYSTEM:CONSOLE /TLBID:1 /DYNAMICBASE /NXCOMPAT /IMPLIB:"D:/lixiaoguang_works/Examples_lixiaoguang/OpenGL/ogl-master/build/Release/tutorial13_normal_mapping.lib" /MACHINE:X64  /machine:x64 tutorial13_normal_mapping.dir\Release\tutorial13.obj
         tutorial13_normal_mapping.dir\Release\shader.obj
         tutorial13_normal_mapping.dir\Release\controls.obj
         tutorial13_normal_mapping.dir\Release\texture.obj
         tutorial13_normal_mapping.dir\Release\objloader.obj
         tutorial13_normal_mapping.dir\Release\vboindexer.obj
         tutorial13_normal_mapping.dir\Release\text2D.obj
         tutorial13_normal_mapping.dir\Release\tangentspace.obj
         tutorial13_normal_mapping.vcxproj -> D:\lixiaoguang_works\Examples_lixiaoguang\OpenGL\ogl-master\build\Release\tutorial13_normal_mapping.exe
       PostBuildEvent:
         setlocal
         "C:\Program Files\CMake\bin\cmake.exe" -E copy D:/lixiaoguang_works/Examples_lixiaoguang/OpenGL/ogl-master/build/Release/tutorial13_normal_mapping.exe D:/lixiaoguang_works/Examples_lixiaoguang/OpenGL/ogl-master/tutorial13_normal_mapping/
         if %errorlevel% neq 0 goto :cmEnd
         :cmEnd
         endlocal & call :cmErrorLevel %errorlevel% & goto :cmDone
         :cmErrorLevel
         exit /b %1
         :cmDone
         if %errorlevel% neq 0 goto :VCEnd
         :VCEnd
     1>Done Building Project "D:\lixiaoguang_works\Examples_lixiaoguang\OpenGL\ogl-master\build\tutorial13_normal_mapping.vcxproj" (Rebuild target(s)).

Build succeeded.

Time Elapsed 00:00:07.02
