d:\lixiaoguang_works\ogl-master\build\tutorial13_normal_mapping.dir\debug\tangentspace.obj
d:\lixiaoguang_works\ogl-master\build\tutorial13_normal_mapping.dir\debug\text2d.obj
d:\lixiaoguang_works\ogl-master\build\tutorial13_normal_mapping.dir\debug\objloader.obj
d:\lixiaoguang_works\ogl-master\build\tutorial13_normal_mapping.dir\debug\texture.obj
d:\lixiaoguang_works\ogl-master\build\tutorial13_normal_mapping.dir\debug\controls.obj
d:\lixiaoguang_works\ogl-master\build\tutorial13_normal_mapping.dir\debug\vboindexer.obj
d:\lixiaoguang_works\ogl-master\build\tutorial13_normal_mapping.dir\debug\tutorial13.obj
d:\lixiaoguang_works\ogl-master\build\tutorial13_normal_mapping.dir\debug\shader.obj
d:\lixiaoguang_works\ogl-master\build\tutorial13_normal_mapping.dir\debug\vc120.pdb
d:\lixiaoguang_works\ogl-master\build\cmakefiles\generate.stamp
d:\lixiaoguang_works\ogl-master\build\debug\tutorial13_normal_mapping.ilk
d:\lixiaoguang_works\ogl-master\build\debug\tutorial13_normal_mapping.exe
d:\lixiaoguang_works\ogl-master\build\debug\tutorial13_normal_mapping.pdb
d:\lixiaoguang_works\ogl-master\build\tutorial13_normal_mapping.dir\debug\tutorial.68b5569d.tlog\cl.command.1.tlog
d:\lixiaoguang_works\ogl-master\build\tutorial13_normal_mapping.dir\debug\tutorial.68b5569d.tlog\cl.read.1.tlog
d:\lixiaoguang_works\ogl-master\build\tutorial13_normal_mapping.dir\debug\tutorial.68b5569d.tlog\cl.write.1.tlog
d:\lixiaoguang_works\ogl-master\build\tutorial13_normal_mapping.dir\debug\tutorial.68b5569d.tlog\custombuild.command.1.tlog
d:\lixiaoguang_works\ogl-master\build\tutorial13_normal_mapping.dir\debug\tutorial.68b5569d.tlog\custombuild.read.1.tlog
d:\lixiaoguang_works\ogl-master\build\tutorial13_normal_mapping.dir\debug\tutorial.68b5569d.tlog\custombuild.write.1.tlog
d:\lixiaoguang_works\ogl-master\build\tutorial13_normal_mapping.dir\debug\tutorial.68b5569d.tlog\link.command.1.tlog
d:\lixiaoguang_works\ogl-master\build\tutorial13_normal_mapping.dir\debug\tutorial.68b5569d.tlog\link.read.1.tlog
d:\lixiaoguang_works\ogl-master\build\tutorial13_normal_mapping.dir\debug\tutorial.68b5569d.tlog\link.write.1.tlog
