Build started 2017/12/19 17:38:40.
     1>Project "D:\BR_Solutions\Beamforming_Solutions\GitRepository\WinSock\IOCP\Piggy_IOCP\IOCPExample_By_PiggyXP\PiggyIOCPServer_2008\PiggyIOCPServer\PiggyIOCPServer.vcxproj" on node 2 (Rebuild target(s)).
     1>ClCompile:
         C:\Program Files (x86)\Microsoft Visual Studio 12.0\VC\bin\CL.exe /c /Zi /nologo /W3 /WX- /Od /Oi /Oy- /GL /D WIN32 /D _WINDOWS /D NDEBUG /D _UNICODE /D UNICODE /Gm- /EHsc /MT /GS /Gy /fp:precise /Zc:wchar_t /Zc:forScope /Yc"stdafx.h" /Fp"Release\PiggyIOCPServer.pch" /Fo"Release\\" /Fd"Release\vc120.pdb" /Gd /TP /analyze- /errorReport:prompt stdafx.cpp
         stdafx.cpp
         C:\Program Files (x86)\Microsoft Visual Studio 12.0\VC\bin\CL.exe /c /Zi /nologo /W3 /WX- /Od /Oi /Oy- /GL /D WIN32 /D _WINDOWS /D NDEBUG /D _UNICODE /D UNICODE /Gm- /EHsc /MT /GS /Gy /fp:precise /Zc:wchar_t /Zc:forScope /Yu"stdafx.h" /Fp"Release\PiggyIOCPServer.pch" /Fo"Release\\" /Fd"Release\vc120.pdb" /Gd /TP /analyze- /errorReport:prompt IOCPModel.cpp MainDlg.cpp PiggyIOCPServer.cpp
         IOCPModel.cpp
     1>IOCPModel.cpp(101): warning C4996: 'inet_ntoa': Use inet_ntop() or InetNtop() instead or define _WINSOCK_DEPRECATED_NO_WARNINGS to disable deprecated API warnings
                 C:\Program Files (x86)\Windows Kits\8.1\Include\um\winsock2.h(1868) : see declaration of 'inet_ntoa'
     1>IOCPModel.cpp(329): warning C4996: 'inet_addr': Use inet_pton() or InetPton() instead or define _WINSOCK_DEPRECATED_NO_WARNINGS to disable deprecated API warnings
                 C:\Program Files (x86)\Windows Kits\8.1\Include\um\winsock2.h(1850) : see declaration of 'inet_addr'
     1>IOCPModel.cpp(501): warning C4996: 'inet_ntoa': Use inet_ntop() or InetNtop() instead or define _WINSOCK_DEPRECATED_NO_WARNINGS to disable deprecated API warnings
                 C:\Program Files (x86)\Windows Kits\8.1\Include\um\winsock2.h(1868) : see declaration of 'inet_ntoa'
     1>IOCPModel.cpp(502): warning C4996: 'inet_ntoa': Use inet_ntop() or InetNtop() instead or define _WINSOCK_DEPRECATED_NO_WARNINGS to disable deprecated API warnings
                 C:\Program Files (x86)\Windows Kits\8.1\Include\um\winsock2.h(1868) : see declaration of 'inet_ntoa'
     1>IOCPModel.cpp(577): warning C4996: 'inet_ntoa': Use inet_ntop() or InetNtop() instead or define _WINSOCK_DEPRECATED_NO_WARNINGS to disable deprecated API warnings
                 C:\Program Files (x86)\Windows Kits\8.1\Include\um\winsock2.h(1868) : see declaration of 'inet_ntoa'
     1>IOCPModel.cpp(674): warning C4996: 'gethostbyname': Use getaddrinfo() or GetAddrInfoW() instead or define _WINSOCK_DEPRECATED_NO_WARNINGS to disable deprecated API warnings
                 C:\Program Files (x86)\Windows Kits\8.1\Include\um\winsock2.h(2238) : see declaration of 'gethostbyname'
     1>IOCPModel.cpp(686): warning C4996: 'inet_ntoa': Use inet_ntop() or InetNtop() instead or define _WINSOCK_DEPRECATED_NO_WARNINGS to disable deprecated API warnings
                 C:\Program Files (x86)\Windows Kits\8.1\Include\um\winsock2.h(1868) : see declaration of 'inet_ntoa'
         MainDlg.cpp
         PiggyIOCPServer.cpp
       ResourceCompile:
         C:\Program Files (x86)\Windows Kits\8.1\bin\x86\rc.exe /D NDEBUG /D _UNICODE /D UNICODE /l"0x0804" /IRelease\ /nologo /fo"Release\PiggyIOCPServer.res" PiggyIOCPServer.rc 
       Link:
         C:\Program Files (x86)\Microsoft Visual Studio 12.0\VC\bin\link.exe /ERRORREPORT:PROMPT /OUT:"D:\BR_Solutions\Beamforming_Solutions\GitRepository\WinSock\IOCP\Piggy_IOCP\IOCPExample_By_PiggyXP\PiggyIOCPServer_2008\Release\PiggyIOCPServer.exe" /INCREMENTAL:NO /NOLOGO /MANIFEST /MANIFESTUAC:"level='asInvoker' uiAccess='false'" /manifest:embed /manifestinput:XPStyle.manifest /manifestinput:"C:\Program Files (x86)\Microsoft Visual Studio 12.0\VC\Include\Manifest\dpiaware.manifest" /DEBUG /PDB:"D:\BR_Solutions\Beamforming_Solutions\GitRepository\WinSock\IOCP\Piggy_IOCP\IOCPExample_By_PiggyXP\PiggyIOCPServer_2008\Release\PiggyIOCPServer.pdb" /SUBSYSTEM:WINDOWS /OPT:REF /OPT:ICF /LTCG /TLBID:1 /ENTRY:"wWinMainCRTStartup" /DYNAMICBASE /NXCOMPAT /IMPLIB:"D:\BR_Solutions\Beamforming_Solutions\GitRepository\WinSock\IOCP\Piggy_IOCP\IOCPExample_By_PiggyXP\PiggyIOCPServer_2008\Release\PiggyIOCPServer.lib" /MACHINE:X86 /SAFESEH Release\PiggyIOCPServer.res
         Release\IOCPModel.obj
         Release\MainDlg.obj
         Release\PiggyIOCPServer.obj
         Release\stdafx.obj
         Generating code
         Finished generating code
         PiggyIOCPServer.vcxproj -> D:\BR_Solutions\Beamforming_Solutions\GitRepository\WinSock\IOCP\Piggy_IOCP\IOCPExample_By_PiggyXP\PiggyIOCPServer_2008\Release\PiggyIOCPServer.exe
     1>Done Building Project "D:\BR_Solutions\Beamforming_Solutions\GitRepository\WinSock\IOCP\Piggy_IOCP\IOCPExample_By_PiggyXP\PiggyIOCPServer_2008\PiggyIOCPServer\PiggyIOCPServer.vcxproj" (Rebuild target(s)).

Build succeeded.

Time Elapsed 00:00:03.29
