Build started 2018/3/2 13:17:26.
     1>Project "D:\lixiaoguang_works\Examples_lixiaoguang\Win32线程池\Win32 Thread Pool\threadpool_src\ThreadPoolApp.vcxproj" on node 2 (Rebuild target(s)).
     1>ClCompile:
         C:\Program Files (x86)\Microsoft Visual Studio 12.0\VC\bin\CL.exe /c /ZI /nologo /W3 /WX- /Od /Oy- /D WIN32 /D _DEBUG /D _WINDOWS /D _VC80_UPGRADE=0x0600 /D _UNICODE /D UNICODE /D _AFXDLL /Gm /EHsc /RTC1 /MDd /GS /fp:precise /Zc:wchar_t /Zc:forScope /Yc"stdafx.h" /Fp".\Debug/ThreadPoolApp.pch" /Fo".\Debug/" /Fd".\Debug/vc120.pdb" /Gd /TP /analyze- /errorReport:prompt StdAfx.cpp
         StdAfx.cpp
         _WIN32_WINNT not defined. Defaulting to _WIN32_WINNT_MAXVER (see WinSDKVer.h)
         C:\Program Files (x86)\Microsoft Visual Studio 12.0\VC\bin\CL.exe /c /ZI /nologo /W3 /WX- /Od /Oy- /D WIN32 /D _DEBUG /D _WINDOWS /D _VC80_UPGRADE=0x0600 /D _UNICODE /D UNICODE /D _AFXDLL /Gm /EHsc /RTC1 /MDd /GS /fp:precise /Zc:wchar_t /Zc:forScope /Yu"stdafx.h" /Fp".\Debug/ThreadPoolApp.pch" /Fo".\Debug/" /Fd".\Debug/vc120.pdb" /Gd /TP /analyze- /errorReport:prompt ThreadPool.cpp ThreadPoolApp.cpp ThreadPoolAppDlg.cpp
         ThreadPoolAppDlg.cpp
         ThreadPoolApp.cpp
     1>d:\lixiaoguang_works\examples_lixiaoguang\win32线程池\win32 thread pool\threadpool_src\threadpoolapp.cpp(52): warning C4996: 'CWinApp::Enable3dControls': CWinApp::Enable3dControls is no longer needed. You should remove this call.
                 c:\program files (x86)\microsoft visual studio 12.0\vc\atlmfc\include\afxwin.h(5178) : see declaration of 'CWinApp::Enable3dControls'
         ThreadPool.cpp
     1>d:\lixiaoguang_works\examples_lixiaoguang\win32线程池\win32 thread pool\threadpool_src\threadpool.cpp(80): warning C4996: '_swprintf': This function or variable may be unsafe. Consider using _swprintf_s instead. To disable deprecation, use _CRT_SECURE_NO_WARNINGS. See online help for details.
                 c:\program files (x86)\microsoft visual studio 12.0\vc\include\wchar.h(787) : see declaration of '_swprintf'
     1>d:\lixiaoguang_works\examples_lixiaoguang\win32线程池\win32 thread pool\threadpool_src\threadpool.cpp(91): warning C4996: '_swprintf': This function or variable may be unsafe. Consider using _swprintf_s instead. To disable deprecation, use _CRT_SECURE_NO_WARNINGS. See online help for details.
                 c:\program files (x86)\microsoft visual studio 12.0\vc\include\wchar.h(787) : see declaration of '_swprintf'
     1>d:\lixiaoguang_works\examples_lixiaoguang\win32线程池\win32 thread pool\threadpool_src\threadpool.cpp(157): warning C4996: '_swprintf': This function or variable may be unsafe. Consider using _swprintf_s instead. To disable deprecation, use _CRT_SECURE_NO_WARNINGS. See online help for details.
                 c:\program files (x86)\microsoft visual studio 12.0\vc\include\wchar.h(787) : see declaration of '_swprintf'
     1>d:\lixiaoguang_works\examples_lixiaoguang\win32线程池\win32 thread pool\threadpool_src\threadpool.cpp(176): warning C4996: '_swprintf': This function or variable may be unsafe. Consider using _swprintf_s instead. To disable deprecation, use _CRT_SECURE_NO_WARNINGS. See online help for details.
                 c:\program files (x86)\microsoft visual studio 12.0\vc\include\wchar.h(787) : see declaration of '_swprintf'
     1>d:\lixiaoguang_works\examples_lixiaoguang\win32线程池\win32 thread pool\threadpool_src\threadpool.cpp(215): warning C4996: '_swprintf': This function or variable may be unsafe. Consider using _swprintf_s instead. To disable deprecation, use _CRT_SECURE_NO_WARNINGS. See online help for details.
                 c:\program files (x86)\microsoft visual studio 12.0\vc\include\wchar.h(787) : see declaration of '_swprintf'
     1>d:\lixiaoguang_works\examples_lixiaoguang\win32线程池\win32 thread pool\threadpool_src\threadpool.cpp(294): warning C4101: 'ThreadData' : unreferenced local variable
     1>d:\lixiaoguang_works\examples_lixiaoguang\win32线程池\win32 thread pool\threadpool_src\threadpool.cpp(412): warning C4996: '_swprintf': This function or variable may be unsafe. Consider using _swprintf_s instead. To disable deprecation, use _CRT_SECURE_NO_WARNINGS. See online help for details.
                 c:\program files (x86)\microsoft visual studio 12.0\vc\include\wchar.h(787) : see declaration of '_swprintf'
     1>d:\lixiaoguang_works\examples_lixiaoguang\win32线程池\win32 thread pool\threadpool_src\threadpool.cpp(453): warning C4996: '_swprintf': This function or variable may be unsafe. Consider using _swprintf_s instead. To disable deprecation, use _CRT_SECURE_NO_WARNINGS. See online help for details.
                 c:\program files (x86)\microsoft visual studio 12.0\vc\include\wchar.h(787) : see declaration of '_swprintf'
         Generating Code...
       ResourceCompile:
         C:\Program Files (x86)\Windows Kits\8.1\bin\x86\rc.exe /D _DEBUG /D _VC80_UPGRADE=0x0600 /D _UNICODE /D UNICODE /D _AFXDLL /l"0x0409" /nologo /fo".\Debug\ThreadPoolApp.res" ThreadPoolApp.rc 
       Link:
         C:\Program Files (x86)\Microsoft Visual Studio 12.0\VC\bin\link.exe /ERRORREPORT:PROMPT /OUT:".\Debug/ThreadPoolApp.exe" /INCREMENTAL /NOLOGO /MANIFEST /MANIFESTUAC:"level='asInvoker' uiAccess='false'" /manifest:embed /manifestinput:"C:\Program Files (x86)\Microsoft Visual Studio 12.0\VC\Include\Manifest\dpiaware.manifest" /DEBUG /PDB:".\Debug/ThreadPoolApp.pdb" /SUBSYSTEM:WINDOWS /TLBID:1 /ENTRY:"wWinMainCRTStartup" /DYNAMICBASE:NO /IMPLIB:".\Debug\ThreadPoolApp.lib" /MACHINE:X86 /SAFESEH .\Debug\ThreadPoolApp.res
         .\Debug/StdAfx.obj
         .\Debug/ThreadPool.obj
         .\Debug/ThreadPoolApp.obj
         .\Debug/ThreadPoolAppDlg.obj
     1>StdAfx.obj : warning LNK4075: ignoring '/EDITANDCONTINUE' due to '/SAFESEH' specification
         ThreadPoolApp.vcxproj -> D:\lixiaoguang_works\Examples_lixiaoguang\Win32线程池\Win32 Thread Pool\threadpool_src\.\Debug\ThreadPoolApp.exe
     1>Done Building Project "D:\lixiaoguang_works\Examples_lixiaoguang\Win32线程池\Win32 Thread Pool\threadpool_src\ThreadPoolApp.vcxproj" (Rebuild target(s)).

Build succeeded.

Time Elapsed 00:00:03.07
