d:\lixiaoguang_works\examples_lixiaoguang\win32线程池\win32 thread pool\threadpool_src\debug\threadpoolapp.pch
d:\lixiaoguang_works\examples_lixiaoguang\win32线程池\win32 thread pool\threadpool_src\debug\vc120.pdb
d:\lixiaoguang_works\examples_lixiaoguang\win32线程池\win32 thread pool\threadpool_src\debug\vc120.idb
d:\lixiaoguang_works\examples_lixiaoguang\win32线程池\win32 thread pool\threadpool_src\debug\stdafx.obj
d:\lixiaoguang_works\examples_lixiaoguang\win32线程池\win32 thread pool\threadpool_src\debug\threadpool.obj
d:\lixiaoguang_works\examples_lixiaoguang\win32线程池\win32 thread pool\threadpool_src\debug\threadpoolapp.obj
d:\lixiaoguang_works\examples_lixiaoguang\win32线程池\win32 thread pool\threadpool_src\debug\threadpoolappdlg.obj
d:\lixiaoguang_works\examples_lixiaoguang\win32线程池\win32 thread pool\threadpool_src\debug\threadpoolapp.ilk
d:\lixiaoguang_works\examples_lixiaoguang\win32线程池\win32 thread pool\threadpool_src\debug\threadpoolapp.exe
d:\lixiaoguang_works\examples_lixiaoguang\win32线程池\win32 thread pool\threadpool_src\debug\threadpoolapp.pdb
d:\lixiaoguang_works\examples_lixiaoguang\win32线程池\win32 thread pool\threadpool_src\debug\threadpoolapp.res
d:\lixiaoguang_works\examples_lixiaoguang\win32线程池\win32 thread pool\threadpool_src\.\debug\threadpoolapp.exe
d:\lixiaoguang_works\examples_lixiaoguang\win32线程池\win32 thread pool\threadpool_src\debug\threadpoolapp.tlog\cl.command.1.tlog
d:\lixiaoguang_works\examples_lixiaoguang\win32线程池\win32 thread pool\threadpool_src\debug\threadpoolapp.tlog\cl.read.1.tlog
d:\lixiaoguang_works\examples_lixiaoguang\win32线程池\win32 thread pool\threadpool_src\debug\threadpoolapp.tlog\cl.write.1.tlog
d:\lixiaoguang_works\examples_lixiaoguang\win32线程池\win32 thread pool\threadpool_src\debug\threadpoolapp.tlog\link.command.1.tlog
d:\lixiaoguang_works\examples_lixiaoguang\win32线程池\win32 thread pool\threadpool_src\debug\threadpoolapp.tlog\link.read.1.tlog
d:\lixiaoguang_works\examples_lixiaoguang\win32线程池\win32 thread pool\threadpool_src\debug\threadpoolapp.tlog\link.write.1.tlog
d:\lixiaoguang_works\examples_lixiaoguang\win32线程池\win32 thread pool\threadpool_src\debug\threadpoolapp.tlog\rc.command.1.tlog
d:\lixiaoguang_works\examples_lixiaoguang\win32线程池\win32 thread pool\threadpool_src\debug\threadpoolapp.tlog\rc.read.1.tlog
d:\lixiaoguang_works\examples_lixiaoguang\win32线程池\win32 thread pool\threadpool_src\debug\threadpoolapp.tlog\rc.write.1.tlog
