Build started 2018/4/19 15:45:16.
     1>Project "D:\lixiaoguang_works\Examples_lixiaoguang\OpenGL\glfw-3.2.1\build\examples\simple.vcxproj" on node 3 (Rebuild target(s)).
     1>CustomBuild:
         Building Custom Rule D:/lixiaoguang_works/Examples_lixiaoguang/OpenGL/glfw-3.2.1/examples/CMakeLists.txt
         CMake does not need to re-run because D:/lixiaoguang_works/Examples_lixiaoguang/OpenGL/glfw-3.2.1/build/examples/CMakeFiles/generate.stamp is up-to-date.
       ClCompile:
         C:\Program Files (x86)\Microsoft Visual Studio 12.0\VC\bin\x86_amd64\CL.exe /c /I"D:\lixiaoguang_works\Examples_lixiaoguang\OpenGL\glfw-3.2.1\deps" /I"D:\lixiaoguang_works\Examples_lixiaoguang\OpenGL\glfw-3.2.1\include" /Zi /nologo /W3 /WX- /Od /Ob0 /D WIN32 /D _WINDOWS /D _CRT_SECURE_NO_WARNINGS /D "CMAKE_INTDIR=\"Debug\"" /D _MBCS /Gm- /RTC1 /MDd /GS /fp:precise /Zc:wchar_t /Zc:forScope /Fo"simple.dir\Debug\\" /Fd"simple.dir\Debug\vc120.pdb" /Gd /TC /errorReport:prompt "D:\lixiaoguang_works\Examples_lixiaoguang\OpenGL\glfw-3.2.1\examples\simple.c" "D:\lixiaoguang_works\Examples_lixiaoguang\OpenGL\glfw-3.2.1\deps\glad.c"
         simple.c
         glad.c
         Generating Code...
       ResourceCompile:
         C:\Program Files (x86)\Windows Kits\8.1\bin\x86\rc.exe /D WIN32 /D _DEBUG /D _WINDOWS /D _CRT_SECURE_NO_WARNINGS /D "CMAKE_INTDIR=\\\"Debug\\\"" /l"0x0409" /I"D:\lixiaoguang_works\Examples_lixiaoguang\OpenGL\glfw-3.2.1\deps" /I"D:\lixiaoguang_works\Examples_lixiaoguang\OpenGL\glfw-3.2.1\include" /nologo /fo"simple.dir\Debug\glfw.res" D:\lixiaoguang_works\Examples_lixiaoguang\OpenGL\glfw-3.2.1\examples\glfw.rc 
       Link:
         C:\Program Files (x86)\Microsoft Visual Studio 12.0\VC\bin\x86_amd64\link.exe /ERRORREPORT:PROMPT /OUT:"D:\lixiaoguang_works\Examples_lixiaoguang\OpenGL\glfw-3.2.1\build\examples\Debug\simple.exe" /INCREMENTAL /NOLOGO ..\src\Debug\glfw3.lib kernel32.lib user32.lib gdi32.lib winspool.lib shell32.lib ole32.lib oleaut32.lib uuid.lib comdlg32.lib advapi32.lib /MANIFEST /MANIFESTUAC:"level='asInvoker' uiAccess='false'" /manifest:embed /DEBUG /PDB:"D:/lixiaoguang_works/Examples_lixiaoguang/OpenGL/glfw-3.2.1/build/examples/Debug/simple.pdb" /SUBSYSTEM:WINDOWS /TLBID:1 /ENTRY:"mainCRTStartup" /DYNAMICBASE /NXCOMPAT /IMPLIB:"D:/lixiaoguang_works/Examples_lixiaoguang/OpenGL/glfw-3.2.1/build/examples/Debug/simple.lib" /MACHINE:X64  /machine:x64 simple.dir\Debug\glfw.res
         simple.dir\Debug\simple.obj
         simple.dir\Debug\glad.obj
         simple.vcxproj -> D:\lixiaoguang_works\Examples_lixiaoguang\OpenGL\glfw-3.2.1\build\examples\Debug\simple.exe
     1>Done Building Project "D:\lixiaoguang_works\Examples_lixiaoguang\OpenGL\glfw-3.2.1\build\examples\simple.vcxproj" (Rebuild target(s)).

Build succeeded.

Time Elapsed 00:00:01.48
