d:\lixiaoguang_works\examples_lixiaoguang\opengl\ogl-master\build\tutorial08_basic_shading.dir\debug\texture.obj
d:\lixiaoguang_works\examples_lixiaoguang\opengl\ogl-master\build\tutorial08_basic_shading.dir\debug\tutorial08.obj
d:\lixiaoguang_works\examples_lixiaoguang\opengl\ogl-master\build\tutorial08_basic_shading.dir\debug\shader.obj
d:\lixiaoguang_works\examples_lixiaoguang\opengl\ogl-master\build\tutorial08_basic_shading.dir\debug\controls.obj
d:\lixiaoguang_works\examples_lixiaoguang\opengl\ogl-master\build\tutorial08_basic_shading.dir\debug\objloader.obj
d:\lixiaoguang_works\examples_lixiaoguang\opengl\ogl-master\build\tutorial08_basic_shading.dir\debug\vc120.pdb
d:\lixiaoguang_works\examples_lixiaoguang\opengl\ogl-master\build\cmakefiles\generate.stamp
d:\lixiaoguang_works\examples_lixiaoguang\opengl\ogl-master\build\debug\tutorial08_basic_shading.ilk
d:\lixiaoguang_works\examples_lixiaoguang\opengl\ogl-master\build\debug\tutorial08_basic_shading.exe
d:\lixiaoguang_works\examples_lixiaoguang\opengl\ogl-master\build\debug\tutorial08_basic_shading.pdb
d:\lixiaoguang_works\examples_lixiaoguang\opengl\ogl-master\build\tutorial08_basic_shading.dir\debug\tutorial08_basic_shading.vcxprojresolveassemblyreference.cache
d:\lixiaoguang_works\examples_lixiaoguang\opengl\ogl-master\build\tutorial08_basic_shading.dir\debug\tutorial.9e9eba48.tlog\cl.command.1.tlog
d:\lixiaoguang_works\examples_lixiaoguang\opengl\ogl-master\build\tutorial08_basic_shading.dir\debug\tutorial.9e9eba48.tlog\cl.read.1.tlog
d:\lixiaoguang_works\examples_lixiaoguang\opengl\ogl-master\build\tutorial08_basic_shading.dir\debug\tutorial.9e9eba48.tlog\cl.write.1.tlog
d:\lixiaoguang_works\examples_lixiaoguang\opengl\ogl-master\build\tutorial08_basic_shading.dir\debug\tutorial.9e9eba48.tlog\custombuild.command.1.tlog
d:\lixiaoguang_works\examples_lixiaoguang\opengl\ogl-master\build\tutorial08_basic_shading.dir\debug\tutorial.9e9eba48.tlog\custombuild.read.1.tlog
d:\lixiaoguang_works\examples_lixiaoguang\opengl\ogl-master\build\tutorial08_basic_shading.dir\debug\tutorial.9e9eba48.tlog\custombuild.write.1.tlog
d:\lixiaoguang_works\examples_lixiaoguang\opengl\ogl-master\build\tutorial08_basic_shading.dir\debug\tutorial.9e9eba48.tlog\link.command.1.tlog
d:\lixiaoguang_works\examples_lixiaoguang\opengl\ogl-master\build\tutorial08_basic_shading.dir\debug\tutorial.9e9eba48.tlog\link.read.1.tlog
d:\lixiaoguang_works\examples_lixiaoguang\opengl\ogl-master\build\tutorial08_basic_shading.dir\debug\tutorial.9e9eba48.tlog\link.write.1.tlog
